---------------------------------------------------------------
[ 2019-09-06T07:49:10+08:00 ] 0.0.0.0 GET localhost/think/public/index.php
[运行时间：0.100447s] [吞吐率：9.96req/s] [内存消耗：522.77kb] [文件加载：42]
[ info ] [ LANG ] D:\www\think\thinkphp\lang\zh-cn.php
[ info ] [ ROUTE ] array (
  'type' => 'module',
  'module' => 
  array (
    0 => '',
    1 => NULL,
    2 => NULL,
  ),
)
[ info ] [ HEADER ] array (
  'user-agent' => 'Mozilla/5.0 (Windows NT 10.0; Win64; x64) AppleWebKit/537.36 (KHTML, like Gecko) Chrome/64.0.3282.140 Safari/537.36 Edge/17.17134',
  'accept-language' => 'zh-CN',
  'accept' => 'text/html,application/xhtml+xml,application/xml;q=0.9,*/*;q=0.8',
  'upgrade-insecure-requests' => '1',
  'accept-encoding' => 'gzip, deflate',
  'host' => 'localhost',
  'connection' => 'Keep-Alive',
)
[ info ] [ PARAM ] array (
)
[ info ] [ RUN ] app\index\controller\Index->index[ D:\www\think\application\index\controller\Index.php ]
[ info ] [ DB ] INIT mysql
[ info ] [ LOG ] INIT File
[ sql ] [ DB ] CONNECT:[ UseTime:0.021067s ] mysql:host=192.168.0.8;port=3306;dbname=oyh_drp;charset=utf8
[ sql ] [ SQL ] SHOW COLUMNS FROM `product` [ RunTime:0.005562s ]
[ sql ] [ SQL ] SELECT * FROM `product` LIMIT 1 [ RunTime:0.031719s ]
---------------------------------------------------------------
[ 2019-09-06T07:49:28+08:00 ] 0.0.0.0 GET localhost/think/public/index.php/test
[运行时间：0.017646s] [吞吐率：56.67req/s] [内存消耗：213.05kb] [文件加载：35]
[ info ] [ LANG ] D:\www\think\thinkphp\lang\zh-cn.php
[ info ] [ ROUTE ] array (
  'type' => 'module',
  'module' => 
  array (
    0 => 'test',
    1 => NULL,
    2 => NULL,
  ),
)
[ info ] [ HEADER ] array (
  'user-agent' => 'Mozilla/5.0 (Windows NT 10.0; Win64; x64) AppleWebKit/537.36 (KHTML, like Gecko) Chrome/64.0.3282.140 Safari/537.36 Edge/17.17134',
  'accept-language' => 'zh-CN',
  'accept' => 'text/html,application/xhtml+xml,application/xml;q=0.9,*/*;q=0.8',
  'upgrade-insecure-requests' => '1',
  'accept-encoding' => 'gzip, deflate',
  'host' => 'localhost',
  'connection' => 'Keep-Alive',
)
[ info ] [ PARAM ] array (
)
[ info ] [ LOG ] INIT File
---------------------------------------------------------------
[ 2019-09-06T07:51:32+08:00 ] 0.0.0.0 GET localhost/think/public/index.php/index/test
[运行时间：0.018513s] [吞吐率：54.02req/s] [内存消耗：241.45kb] [文件加载：40]
[ info ] [ LANG ] D:\www\think\thinkphp\lang\zh-cn.php
[ info ] [ ROUTE ] array (
  'type' => 'module',
  'module' => 
  array (
    0 => 'index',
    1 => 'test',
    2 => NULL,
  ),
)
[ info ] [ HEADER ] array (
  'user-agent' => 'Mozilla/5.0 (Windows NT 10.0; Win64; x64) AppleWebKit/537.36 (KHTML, like Gecko) Chrome/64.0.3282.140 Safari/537.36 Edge/17.17134',
  'accept-language' => 'zh-CN',
  'accept' => 'text/html,application/xhtml+xml,application/xml;q=0.9,*/*;q=0.8',
  'upgrade-insecure-requests' => '1',
  'accept-encoding' => 'gzip, deflate',
  'host' => 'localhost',
  'connection' => 'Keep-Alive',
)
[ info ] [ PARAM ] array (
)
[ info ] [ RUN ] app\index\controller\Test->index[ D:\www\think\application\index\controller\Test.php ]
[ info ] [ VIEW ] D:\www\think\public/../application/index\view\test\index.html [ array (
) ]
[ info ] [ LOG ] INIT File
---------------------------------------------------------------
[ 2019-09-06T07:51:37+08:00 ] 0.0.0.0 GET localhost/think/public/index.php/index/test
[运行时间：0.007110s] [吞吐率：140.65req/s] [内存消耗：241.86kb] [文件加载：40]
[ info ] [ LANG ] D:\www\think\thinkphp\lang\zh-cn.php
[ info ] [ ROUTE ] array (
  'type' => 'module',
  'module' => 
  array (
    0 => 'index',
    1 => 'test',
    2 => NULL,
  ),
)
[ info ] [ HEADER ] array (
  'referer' => 'http://localhost/think/public/index.php/index/test',
  'cache-control' => 'max-age=0',
  'user-agent' => 'Mozilla/5.0 (Windows NT 10.0; Win64; x64) AppleWebKit/537.36 (KHTML, like Gecko) Chrome/64.0.3282.140 Safari/537.36 Edge/17.17134',
  'accept-language' => 'zh-CN',
  'accept' => 'text/html,application/xhtml+xml,application/xml;q=0.9,*/*;q=0.8',
  'upgrade-insecure-requests' => '1',
  'accept-encoding' => 'gzip, deflate',
  'host' => 'localhost',
  'connection' => 'Keep-Alive',
)
[ info ] [ PARAM ] array (
)
[ info ] [ RUN ] app\index\controller\Test->index[ D:\www\think\application\index\controller\Test.php ]
[ info ] [ VIEW ] D:\www\think\public/../application/index\view\test\index.html [ array (
) ]
[ info ] [ LOG ] INIT File
---------------------------------------------------------------
[ 2019-09-06T07:53:40+08:00 ] 0.0.0.0 GET localhost/think/public/index.php/index/test
[运行时间：0.408588s] [吞吐率：2.45req/s] [内存消耗：246.84kb] [文件加载：42]
[ info ] [ LANG ] D:\www\think\thinkphp\lang\zh-cn.php
[ info ] [ ROUTE ] array (
  'type' => 'module',
  'module' => 
  array (
    0 => 'index',
    1 => 'test',
    2 => NULL,
  ),
)
[ info ] [ HEADER ] array (
  'user-agent' => 'Mozilla/5.0 (Windows NT 10.0; Win64; x64) AppleWebKit/537.36 (KHTML, like Gecko) Chrome/64.0.3282.140 Safari/537.36 Edge/17.17134',
  'accept-language' => 'zh-CN',
  'accept' => 'text/html,application/xhtml+xml,application/xml;q=0.9,*/*;q=0.8',
  'upgrade-insecure-requests' => '1',
  'accept-encoding' => 'gzip, deflate',
  'host' => 'localhost',
  'connection' => 'Keep-Alive',
)
[ info ] [ PARAM ] array (
)
[ info ] [ RUN ] app\index\controller\Test->index[ D:\www\think\application\index\controller\Test.php ]
[ info ] [ VIEW ] D:\www\think\public/../application/index\view\test\index.html [ array (
) ]
[ info ] [ LOG ] INIT File
---------------------------------------------------------------
[ 2019-09-06T07:57:25+08:00 ] 0.0.0.0 GET localhost/think/public/index.php/index/test
[运行时间：0.012077s] [吞吐率：82.80req/s] [内存消耗：241.45kb] [文件加载：40]
[ info ] [ LANG ] D:\www\think\thinkphp\lang\zh-cn.php
[ info ] [ ROUTE ] array (
  'type' => 'module',
  'module' => 
  array (
    0 => 'index',
    1 => 'test',
    2 => NULL,
  ),
)
[ info ] [ HEADER ] array (
  'user-agent' => 'Mozilla/5.0 (Windows NT 10.0; Win64; x64) AppleWebKit/537.36 (KHTML, like Gecko) Chrome/64.0.3282.140 Safari/537.36 Edge/17.17134',
  'accept-language' => 'zh-CN',
  'accept' => 'text/html,application/xhtml+xml,application/xml;q=0.9,*/*;q=0.8',
  'upgrade-insecure-requests' => '1',
  'accept-encoding' => 'gzip, deflate',
  'host' => 'localhost',
  'connection' => 'Keep-Alive',
)
[ info ] [ PARAM ] array (
)
[ info ] [ RUN ] app\index\controller\Test->index[ D:\www\think\application\index\controller\Test.php ]
[ info ] [ VIEW ] D:\www\think\public/../application/index\view\test\index.html [ array (
) ]
[ info ] [ LOG ] INIT File
---------------------------------------------------------------
[ 2019-09-06T07:58:06+08:00 ] 0.0.0.0 GET localhost/think/public/index.php/index/test
[运行时间：0.010349s] [吞吐率：96.63req/s] [内存消耗：246.84kb] [文件加载：42]
[ info ] [ LANG ] D:\www\think\thinkphp\lang\zh-cn.php
[ info ] [ ROUTE ] array (
  'type' => 'module',
  'module' => 
  array (
    0 => 'index',
    1 => 'test',
    2 => NULL,
  ),
)
[ info ] [ HEADER ] array (
  'user-agent' => 'Mozilla/5.0 (Windows NT 10.0; Win64; x64) AppleWebKit/537.36 (KHTML, like Gecko) Chrome/64.0.3282.140 Safari/537.36 Edge/17.17134',
  'accept-language' => 'zh-CN',
  'accept' => 'text/html,application/xhtml+xml,application/xml;q=0.9,*/*;q=0.8',
  'upgrade-insecure-requests' => '1',
  'accept-encoding' => 'gzip, deflate',
  'host' => 'localhost',
  'connection' => 'Keep-Alive',
)
[ info ] [ PARAM ] array (
)
[ info ] [ RUN ] app\index\controller\Test->index[ D:\www\think\application\index\controller\Test.php ]
[ info ] [ VIEW ] D:\www\think\public/../application/index\view\test\index.html [ array (
) ]
[ info ] [ LOG ] INIT File
---------------------------------------------------------------
[ 2019-09-06T07:58:32+08:00 ] 0.0.0.0 GET localhost/think/public/index.php/index/test
[运行时间：0.012264s] [吞吐率：81.54req/s] [内存消耗：246.84kb] [文件加载：42]
[ info ] [ LANG ] D:\www\think\thinkphp\lang\zh-cn.php
[ info ] [ ROUTE ] array (
  'type' => 'module',
  'module' => 
  array (
    0 => 'index',
    1 => 'test',
    2 => NULL,
  ),
)
[ info ] [ HEADER ] array (
  'user-agent' => 'Mozilla/5.0 (Windows NT 10.0; Win64; x64) AppleWebKit/537.36 (KHTML, like Gecko) Chrome/64.0.3282.140 Safari/537.36 Edge/17.17134',
  'accept-language' => 'zh-CN',
  'accept' => 'text/html,application/xhtml+xml,application/xml;q=0.9,*/*;q=0.8',
  'upgrade-insecure-requests' => '1',
  'accept-encoding' => 'gzip, deflate',
  'host' => 'localhost',
  'connection' => 'Keep-Alive',
)
[ info ] [ PARAM ] array (
)
[ info ] [ RUN ] app\index\controller\Test->index[ D:\www\think\application\index\controller\Test.php ]
[ info ] [ VIEW ] D:\www\think\public/../application/index\view\test\index.html [ array (
) ]
[ info ] [ LOG ] INIT File
---------------------------------------------------------------
[ 2019-09-06T08:00:24+08:00 ] 0.0.0.0 GET localhost/think/public/index.php/index/test
[运行时间：0.016718s] [吞吐率：59.82req/s] [内存消耗：246.84kb] [文件加载：42]
[ info ] [ LANG ] D:\www\think\thinkphp\lang\zh-cn.php
[ info ] [ ROUTE ] array (
  'type' => 'module',
  'module' => 
  array (
    0 => 'index',
    1 => 'test',
    2 => NULL,
  ),
)
[ info ] [ HEADER ] array (
  'user-agent' => 'Mozilla/5.0 (Windows NT 10.0; Win64; x64) AppleWebKit/537.36 (KHTML, like Gecko) Chrome/64.0.3282.140 Safari/537.36 Edge/17.17134',
  'accept-language' => 'zh-CN',
  'accept' => 'text/html,application/xhtml+xml,application/xml;q=0.9,*/*;q=0.8',
  'upgrade-insecure-requests' => '1',
  'accept-encoding' => 'gzip, deflate',
  'host' => 'localhost',
  'connection' => 'Keep-Alive',
)
[ info ] [ PARAM ] array (
)
[ info ] [ RUN ] app\index\controller\Test->index[ D:\www\think\application\index\controller\Test.php ]
[ info ] [ VIEW ] D:\www\think\public/../application/index\view\test\index.html [ array (
) ]
[ info ] [ LOG ] INIT File
---------------------------------------------------------------
[ 2019-09-06T08:01:36+08:00 ] 0.0.0.0 GET localhost/think/public/index.php/index/test
[运行时间：0.015491s] [吞吐率：64.55req/s] [内存消耗：246.59kb] [文件加载：42]
[ info ] [ LANG ] D:\www\think\thinkphp\lang\zh-cn.php
[ info ] [ ROUTE ] array (
  'type' => 'module',
  'module' => 
  array (
    0 => 'index',
    1 => 'test',
    2 => NULL,
  ),
)
[ info ] [ HEADER ] array (
  'user-agent' => 'Mozilla/5.0 (Windows NT 10.0; Win64; x64) AppleWebKit/537.36 (KHTML, like Gecko) Chrome/64.0.3282.140 Safari/537.36 Edge/17.17134',
  'accept-language' => 'zh-CN',
  'accept' => 'text/html,application/xhtml+xml,application/xml;q=0.9,*/*;q=0.8',
  'upgrade-insecure-requests' => '1',
  'accept-encoding' => 'gzip, deflate',
  'host' => 'localhost',
  'connection' => 'Keep-Alive',
)
[ info ] [ PARAM ] array (
)
[ info ] [ RUN ] app\index\controller\Test->index[ D:\www\think\application\index\controller\Test.php ]
[ info ] [ VIEW ] D:\www\think\public/../application/index\view\test\index.html [ array (
) ]
[ info ] [ LOG ] INIT File
---------------------------------------------------------------
[ 2019-09-06T08:02:47+08:00 ] 0.0.0.0 GET localhost/think/public/index.php/index/test
[运行时间：0.135240s] [吞吐率：7.39req/s] [内存消耗：241.13kb] [文件加载：40]
[ info ] [ LANG ] D:\www\think\thinkphp\lang\zh-cn.php
[ info ] [ ROUTE ] array (
  'type' => 'module',
  'module' => 
  array (
    0 => 'index',
    1 => 'test',
    2 => NULL,
  ),
)
[ info ] [ HEADER ] array (
  'accept' => '*/*',
  'accept-language' => 'zh-CN',
  'accept-encoding' => 'gzip, deflate',
  'user-agent' => 'Mozilla/5.0 (Windows NT 10.0; Win64; x64) AppleWebKit/537.36 (KHTML, like Gecko) Chrome/64.0.3282.140 Safari/537.36 Edge/17.17134',
  'host' => 'localhost',
  'connection' => 'Keep-Alive',
  'cache-control' => 'no-cache',
)
[ info ] [ PARAM ] array (
)
[ info ] [ RUN ] app\index\controller\Test->index[ D:\www\think\application\index\controller\Test.php ]
[ info ] [ VIEW ] D:\www\think\public/../application/index\view\test\index.html [ array (
) ]
[ info ] [ LOG ] INIT File
---------------------------------------------------------------
[ 2019-09-06T08:03:01+08:00 ] 0.0.0.0 GET localhost/think/public/index.php/index/test
[运行时间：0.014275s] [吞吐率：70.05req/s] [内存消耗：241.05kb] [文件加载：40]
[ info ] [ LANG ] D:\www\think\thinkphp\lang\zh-cn.php
[ info ] [ ROUTE ] array (
  'type' => 'module',
  'module' => 
  array (
    0 => 'index',
    1 => 'test',
    2 => NULL,
  ),
)
[ info ] [ HEADER ] array (
  'user-agent' => 'Mozilla/5.0 (Windows NT 10.0; Win64; x64) AppleWebKit/537.36 (KHTML, like Gecko) Chrome/64.0.3282.140 Safari/537.36 Edge/17.17134',
  'accept-language' => 'zh-CN',
  'accept' => 'text/html,application/xhtml+xml,application/xml;q=0.9,*/*;q=0.8',
  'upgrade-insecure-requests' => '1',
  'accept-encoding' => 'gzip, deflate',
  'host' => 'localhost',
  'connection' => 'Keep-Alive',
)
[ info ] [ PARAM ] array (
)
[ info ] [ RUN ] app\index\controller\Test->index[ D:\www\think\application\index\controller\Test.php ]
[ info ] [ VIEW ] D:\www\think\public/../application/index\view\test\index.html [ array (
) ]
[ info ] [ LOG ] INIT File
---------------------------------------------------------------
[ 2019-09-06T08:04:35+08:00 ] 0.0.0.0 GET localhost/think/public/index.php/index/test
[运行时间：0.011260s] [吞吐率：88.81req/s] [内存消耗：248.09kb] [文件加载：42]
[ info ] [ LANG ] D:\www\think\thinkphp\lang\zh-cn.php
[ info ] [ ROUTE ] array (
  'type' => 'module',
  'module' => 
  array (
    0 => 'index',
    1 => 'test',
    2 => NULL,
  ),
)
[ info ] [ HEADER ] array (
  'user-agent' => 'Mozilla/5.0 (Windows NT 10.0; Win64; x64) AppleWebKit/537.36 (KHTML, like Gecko) Chrome/64.0.3282.140 Safari/537.36 Edge/17.17134',
  'accept-language' => 'zh-CN',
  'accept' => 'text/html,application/xhtml+xml,application/xml;q=0.9,*/*;q=0.8',
  'upgrade-insecure-requests' => '1',
  'accept-encoding' => 'gzip, deflate',
  'host' => 'localhost',
  'connection' => 'Keep-Alive',
)
[ info ] [ PARAM ] array (
)
[ info ] [ RUN ] app\index\controller\Test->index[ D:\www\think\application\index\controller\Test.php ]
[ info ] [ VIEW ] D:\www\think\public/../application/index\view\test\index.html [ array (
) ]
[ info ] [ LOG ] INIT File
---------------------------------------------------------------
[ 2019-09-06T08:19:24+08:00 ] 0.0.0.0 GET localhost/think/public/index.php/index/test
[运行时间：0.015450s] [吞吐率：64.72req/s] [内存消耗：241.45kb] [文件加载：40]
[ info ] [ LANG ] D:\www\think\thinkphp\lang\zh-cn.php
[ info ] [ ROUTE ] array (
  'type' => 'module',
  'module' => 
  array (
    0 => 'index',
    1 => 'test',
    2 => NULL,
  ),
)
[ info ] [ HEADER ] array (
  'user-agent' => 'Mozilla/5.0 (Windows NT 10.0; Win64; x64) AppleWebKit/537.36 (KHTML, like Gecko) Chrome/64.0.3282.140 Safari/537.36 Edge/17.17134',
  'accept-language' => 'zh-CN',
  'accept' => 'text/html,application/xhtml+xml,application/xml;q=0.9,*/*;q=0.8',
  'upgrade-insecure-requests' => '1',
  'accept-encoding' => 'gzip, deflate',
  'host' => 'localhost',
  'connection' => 'Keep-Alive',
)
[ info ] [ PARAM ] array (
)
[ info ] [ RUN ] app\index\controller\Test->index[ D:\www\think\application\index\controller\Test.php ]
[ info ] [ VIEW ] D:\www\think\public/../application/index\view\test\index.html [ array (
) ]
[ info ] [ LOG ] INIT File
---------------------------------------------------------------
[ 2019-09-06T08:22:36+08:00 ] 0.0.0.0 GET localhost/think/public/index.php/index/test
[运行时间：0.011236s] [吞吐率：89.00req/s] [内存消耗：246.34kb] [文件加载：42]
[ info ] [ LANG ] D:\www\think\thinkphp\lang\zh-cn.php
[ info ] [ ROUTE ] array (
  'type' => 'module',
  'module' => 
  array (
    0 => 'index',
    1 => 'test',
    2 => NULL,
  ),
)
[ info ] [ HEADER ] array (
  'user-agent' => 'Mozilla/5.0 (Windows NT 10.0; Win64; x64) AppleWebKit/537.36 (KHTML, like Gecko) Chrome/64.0.3282.140 Safari/537.36 Edge/17.17134',
  'accept-language' => 'zh-CN',
  'accept' => 'text/html,application/xhtml+xml,application/xml;q=0.9,*/*;q=0.8',
  'upgrade-insecure-requests' => '1',
  'accept-encoding' => 'gzip, deflate',
  'host' => 'localhost',
  'connection' => 'Keep-Alive',
)
[ info ] [ PARAM ] array (
)
[ info ] [ RUN ] app\index\controller\Test->index[ D:\www\think\application\index\controller\Test.php ]
[ info ] [ VIEW ] D:\www\think\public/../application/index\view\test\index.html [ array (
) ]
[ info ] [ LOG ] INIT File
---------------------------------------------------------------
[ 2019-09-06T08:23:02+08:00 ] 0.0.0.0 GET localhost/think/public/index.php/index/test
[运行时间：0.030358s] [吞吐率：32.94req/s] [内存消耗：246.34kb] [文件加载：42]
[ info ] [ LANG ] D:\www\think\thinkphp\lang\zh-cn.php
[ info ] [ ROUTE ] array (
  'type' => 'module',
  'module' => 
  array (
    0 => 'index',
    1 => 'test',
    2 => NULL,
  ),
)
[ info ] [ HEADER ] array (
  'user-agent' => 'Mozilla/5.0 (Windows NT 10.0; Win64; x64) AppleWebKit/537.36 (KHTML, like Gecko) Chrome/64.0.3282.140 Safari/537.36 Edge/17.17134',
  'accept-language' => 'zh-CN',
  'accept' => 'text/html,application/xhtml+xml,application/xml;q=0.9,*/*;q=0.8',
  'upgrade-insecure-requests' => '1',
  'accept-encoding' => 'gzip, deflate',
  'host' => 'localhost',
  'connection' => 'Keep-Alive',
)
[ info ] [ PARAM ] array (
)
[ info ] [ RUN ] app\index\controller\Test->index[ D:\www\think\application\index\controller\Test.php ]
[ info ] [ VIEW ] D:\www\think\public/../application/index\view\test\index.html [ array (
) ]
[ info ] [ LOG ] INIT File
---------------------------------------------------------------
[ 2019-09-06T08:26:12+08:00 ] 0.0.0.0 GET localhost/think/public/index.php/index/test
[运行时间：0.017887s] [吞吐率：55.91req/s] [内存消耗：246.34kb] [文件加载：42]
[ info ] [ LANG ] D:\www\think\thinkphp\lang\zh-cn.php
[ info ] [ ROUTE ] array (
  'type' => 'module',
  'module' => 
  array (
    0 => 'index',
    1 => 'test',
    2 => NULL,
  ),
)
[ info ] [ HEADER ] array (
  'user-agent' => 'Mozilla/5.0 (Windows NT 10.0; Win64; x64) AppleWebKit/537.36 (KHTML, like Gecko) Chrome/64.0.3282.140 Safari/537.36 Edge/17.17134',
  'accept-language' => 'zh-CN',
  'accept' => 'text/html,application/xhtml+xml,application/xml;q=0.9,*/*;q=0.8',
  'upgrade-insecure-requests' => '1',
  'accept-encoding' => 'gzip, deflate',
  'host' => 'localhost',
  'connection' => 'Keep-Alive',
)
[ info ] [ PARAM ] array (
)
[ info ] [ RUN ] app\index\controller\Test->index[ D:\www\think\application\index\controller\Test.php ]
[ info ] [ VIEW ] D:\www\think\public/../application/index\view\test\index.html [ array (
) ]
[ info ] [ LOG ] INIT File
---------------------------------------------------------------
[ 2019-09-06T08:26:58+08:00 ] 0.0.0.0 GET localhost/think/public/index.php/index/test
[运行时间：0.008768s] [吞吐率：114.05req/s] [内存消耗：246.34kb] [文件加载：42]
[ info ] [ LANG ] D:\www\think\thinkphp\lang\zh-cn.php
[ info ] [ ROUTE ] array (
  'type' => 'module',
  'module' => 
  array (
    0 => 'index',
    1 => 'test',
    2 => NULL,
  ),
)
[ info ] [ HEADER ] array (
  'user-agent' => 'Mozilla/5.0 (Windows NT 10.0; Win64; x64) AppleWebKit/537.36 (KHTML, like Gecko) Chrome/64.0.3282.140 Safari/537.36 Edge/17.17134',
  'accept-language' => 'zh-CN',
  'accept' => 'text/html,application/xhtml+xml,application/xml;q=0.9,*/*;q=0.8',
  'upgrade-insecure-requests' => '1',
  'accept-encoding' => 'gzip, deflate',
  'host' => 'localhost',
  'connection' => 'Keep-Alive',
)
[ info ] [ PARAM ] array (
)
[ info ] [ RUN ] app\index\controller\Test->index[ D:\www\think\application\index\controller\Test.php ]
[ info ] [ VIEW ] D:\www\think\public/../application/index\view\test\index.html [ array (
) ]
[ info ] [ LOG ] INIT File
---------------------------------------------------------------
[ 2019-09-06T08:31:23+08:00 ] 0.0.0.0 GET localhost/think/public/index.php/index/test
[运行时间：0.016753s] [吞吐率：59.69req/s] [内存消耗：246.59kb] [文件加载：42]
[ info ] [ LANG ] D:\www\think\thinkphp\lang\zh-cn.php
[ info ] [ ROUTE ] array (
  'type' => 'module',
  'module' => 
  array (
    0 => 'index',
    1 => 'test',
    2 => NULL,
  ),
)
[ info ] [ HEADER ] array (
  'user-agent' => 'Mozilla/5.0 (Windows NT 10.0; Win64; x64) AppleWebKit/537.36 (KHTML, like Gecko) Chrome/64.0.3282.140 Safari/537.36 Edge/17.17134',
  'accept-language' => 'zh-CN',
  'accept' => 'text/html,application/xhtml+xml,application/xml;q=0.9,*/*;q=0.8',
  'upgrade-insecure-requests' => '1',
  'accept-encoding' => 'gzip, deflate',
  'host' => 'localhost',
  'connection' => 'Keep-Alive',
)
[ info ] [ PARAM ] array (
)
[ info ] [ RUN ] app\index\controller\Test->index[ D:\www\think\application\index\controller\Test.php ]
[ info ] [ VIEW ] D:\www\think\public/../application/index\view\test\index.html [ array (
) ]
[ info ] [ LOG ] INIT File
---------------------------------------------------------------
[ 2019-09-06T08:33:29+08:00 ] 0.0.0.0 GET localhost/think/public/index.php/index/test
[运行时间：0.014539s] [吞吐率：68.78req/s] [内存消耗：246.84kb] [文件加载：42]
[ info ] [ LANG ] D:\www\think\thinkphp\lang\zh-cn.php
[ info ] [ ROUTE ] array (
  'type' => 'module',
  'module' => 
  array (
    0 => 'index',
    1 => 'test',
    2 => NULL,
  ),
)
[ info ] [ HEADER ] array (
  'user-agent' => 'Mozilla/5.0 (Windows NT 10.0; Win64; x64) AppleWebKit/537.36 (KHTML, like Gecko) Chrome/64.0.3282.140 Safari/537.36 Edge/17.17134',
  'accept-language' => 'zh-CN',
  'accept' => 'text/html,application/xhtml+xml,application/xml;q=0.9,*/*;q=0.8',
  'upgrade-insecure-requests' => '1',
  'accept-encoding' => 'gzip, deflate',
  'host' => 'localhost',
  'connection' => 'Keep-Alive',
)
[ info ] [ PARAM ] array (
)
[ info ] [ RUN ] app\index\controller\Test->index[ D:\www\think\application\index\controller\Test.php ]
[ info ] [ VIEW ] D:\www\think\public/../application/index\view\test\index.html [ array (
) ]
[ info ] [ LOG ] INIT File
---------------------------------------------------------------
[ 2019-09-06T08:34:14+08:00 ] 0.0.0.0 GET localhost/think/public/index.php/index/test
[运行时间：0.009081s] [吞吐率：110.12req/s] [内存消耗：246.84kb] [文件加载：42]
[ info ] [ LANG ] D:\www\think\thinkphp\lang\zh-cn.php
[ info ] [ ROUTE ] array (
  'type' => 'module',
  'module' => 
  array (
    0 => 'index',
    1 => 'test',
    2 => NULL,
  ),
)
[ info ] [ HEADER ] array (
  'user-agent' => 'Mozilla/5.0 (Windows NT 10.0; Win64; x64) AppleWebKit/537.36 (KHTML, like Gecko) Chrome/64.0.3282.140 Safari/537.36 Edge/17.17134',
  'accept-language' => 'zh-CN',
  'accept' => 'text/html,application/xhtml+xml,application/xml;q=0.9,*/*;q=0.8',
  'upgrade-insecure-requests' => '1',
  'accept-encoding' => 'gzip, deflate',
  'host' => 'localhost',
  'connection' => 'Keep-Alive',
)
[ info ] [ PARAM ] array (
)
[ info ] [ RUN ] app\index\controller\Test->index[ D:\www\think\application\index\controller\Test.php ]
[ info ] [ VIEW ] D:\www\think\public/../application/index\view\test\index.html [ array (
) ]
[ info ] [ LOG ] INIT File
---------------------------------------------------------------
[ 2019-09-06T08:36:47+08:00 ] 0.0.0.0 GET localhost/think/public/index.php/index/test
[运行时间：0.010746s] [吞吐率：93.06req/s] [内存消耗：246.84kb] [文件加载：42]
[ info ] [ LANG ] D:\www\think\thinkphp\lang\zh-cn.php
[ info ] [ ROUTE ] array (
  'type' => 'module',
  'module' => 
  array (
    0 => 'index',
    1 => 'test',
    2 => NULL,
  ),
)
[ info ] [ HEADER ] array (
  'user-agent' => 'Mozilla/5.0 (Windows NT 10.0; Win64; x64) AppleWebKit/537.36 (KHTML, like Gecko) Chrome/64.0.3282.140 Safari/537.36 Edge/17.17134',
  'accept-language' => 'zh-CN',
  'accept' => 'text/html,application/xhtml+xml,application/xml;q=0.9,*/*;q=0.8',
  'upgrade-insecure-requests' => '1',
  'accept-encoding' => 'gzip, deflate',
  'host' => 'localhost',
  'connection' => 'Keep-Alive',
)
[ info ] [ PARAM ] array (
)
[ info ] [ RUN ] app\index\controller\Test->index[ D:\www\think\application\index\controller\Test.php ]
[ info ] [ VIEW ] D:\www\think\public/../application/index\view\test\index.html [ array (
) ]
[ info ] [ LOG ] INIT File
---------------------------------------------------------------
[ 2019-09-06T08:37:18+08:00 ] 0.0.0.0 GET localhost/think/public/index.php/index/test
[运行时间：0.010143s] [吞吐率：98.59req/s] [内存消耗：246.84kb] [文件加载：42]
[ info ] [ LANG ] D:\www\think\thinkphp\lang\zh-cn.php
[ info ] [ ROUTE ] array (
  'type' => 'module',
  'module' => 
  array (
    0 => 'index',
    1 => 'test',
    2 => NULL,
  ),
)
[ info ] [ HEADER ] array (
  'user-agent' => 'Mozilla/5.0 (Windows NT 10.0; Win64; x64) AppleWebKit/537.36 (KHTML, like Gecko) Chrome/64.0.3282.140 Safari/537.36 Edge/17.17134',
  'accept-language' => 'zh-CN',
  'accept' => 'text/html,application/xhtml+xml,application/xml;q=0.9,*/*;q=0.8',
  'upgrade-insecure-requests' => '1',
  'accept-encoding' => 'gzip, deflate',
  'host' => 'localhost',
  'connection' => 'Keep-Alive',
)
[ info ] [ PARAM ] array (
)
[ info ] [ RUN ] app\index\controller\Test->index[ D:\www\think\application\index\controller\Test.php ]
[ info ] [ VIEW ] D:\www\think\public/../application/index\view\test\index.html [ array (
) ]
[ info ] [ LOG ] INIT File
---------------------------------------------------------------
[ 2019-09-06T08:45:39+08:00 ] 0.0.0.0 GET localhost/think/public/index.php/index/test
[运行时间：0.015422s] [吞吐率：64.84req/s] [内存消耗：246.59kb] [文件加载：42]
[ info ] [ LANG ] D:\www\think\thinkphp\lang\zh-cn.php
[ info ] [ ROUTE ] array (
  'type' => 'module',
  'module' => 
  array (
    0 => 'index',
    1 => 'test',
    2 => NULL,
  ),
)
[ info ] [ HEADER ] array (
  'user-agent' => 'Mozilla/5.0 (Windows NT 10.0; Win64; x64) AppleWebKit/537.36 (KHTML, like Gecko) Chrome/64.0.3282.140 Safari/537.36 Edge/17.17134',
  'accept-language' => 'zh-CN',
  'accept' => 'text/html,application/xhtml+xml,application/xml;q=0.9,*/*;q=0.8',
  'upgrade-insecure-requests' => '1',
  'accept-encoding' => 'gzip, deflate',
  'host' => 'localhost',
  'connection' => 'Keep-Alive',
)
[ info ] [ PARAM ] array (
)
[ info ] [ RUN ] app\index\controller\Test->index[ D:\www\think\application\index\controller\Test.php ]
[ info ] [ VIEW ] D:\www\think\public/../application/index\view\test\index.html [ array (
) ]
[ info ] [ LOG ] INIT File
---------------------------------------------------------------
[ 2019-09-06T08:47:26+08:00 ] 0.0.0.0 GET localhost/think/public/index.php/index/test
[运行时间：0.010197s] [吞吐率：98.07req/s] [内存消耗：246.84kb] [文件加载：42]
[ info ] [ LANG ] D:\www\think\thinkphp\lang\zh-cn.php
[ info ] [ ROUTE ] array (
  'type' => 'module',
  'module' => 
  array (
    0 => 'index',
    1 => 'test',
    2 => NULL,
  ),
)
[ info ] [ HEADER ] array (
  'user-agent' => 'Mozilla/5.0 (Windows NT 10.0; Win64; x64) AppleWebKit/537.36 (KHTML, like Gecko) Chrome/64.0.3282.140 Safari/537.36 Edge/17.17134',
  'accept-language' => 'zh-CN',
  'accept' => 'text/html,application/xhtml+xml,application/xml;q=0.9,*/*;q=0.8',
  'upgrade-insecure-requests' => '1',
  'accept-encoding' => 'gzip, deflate',
  'host' => 'localhost',
  'connection' => 'Keep-Alive',
)
[ info ] [ PARAM ] array (
)
[ info ] [ RUN ] app\index\controller\Test->index[ D:\www\think\application\index\controller\Test.php ]
[ info ] [ VIEW ] D:\www\think\public/../application/index\view\test\index.html [ array (
) ]
[ info ] [ LOG ] INIT File
---------------------------------------------------------------
[ 2019-09-06T08:47:29+08:00 ] 0.0.0.0 GET localhost/think/public/index.php/index/test
[运行时间：0.016760s] [吞吐率：59.67req/s] [内存消耗：241.45kb] [文件加载：40]
[ info ] [ LANG ] D:\www\think\thinkphp\lang\zh-cn.php
[ info ] [ ROUTE ] array (
  'type' => 'module',
  'module' => 
  array (
    0 => 'index',
    1 => 'test',
    2 => NULL,
  ),
)
[ info ] [ HEADER ] array (
  'user-agent' => 'Mozilla/5.0 (Windows NT 10.0; Win64; x64) AppleWebKit/537.36 (KHTML, like Gecko) Chrome/64.0.3282.140 Safari/537.36 Edge/17.17134',
  'accept-language' => 'zh-CN',
  'accept' => 'text/html,application/xhtml+xml,application/xml;q=0.9,*/*;q=0.8',
  'upgrade-insecure-requests' => '1',
  'accept-encoding' => 'gzip, deflate',
  'host' => 'localhost',
  'connection' => 'Keep-Alive',
)
[ info ] [ PARAM ] array (
)
[ info ] [ RUN ] app\index\controller\Test->index[ D:\www\think\application\index\controller\Test.php ]
[ info ] [ VIEW ] D:\www\think\public/../application/index\view\test\index.html [ array (
) ]
[ info ] [ LOG ] INIT File
---------------------------------------------------------------
[ 2019-09-06T08:51:13+08:00 ] 0.0.0.0 GET localhost/think/public/index.php/index/test
[运行时间：0.011279s] [吞吐率：88.66req/s] [内存消耗：246.59kb] [文件加载：42]
[ info ] [ LANG ] D:\www\think\thinkphp\lang\zh-cn.php
[ info ] [ ROUTE ] array (
  'type' => 'module',
  'module' => 
  array (
    0 => 'index',
    1 => 'test',
    2 => NULL,
  ),
)
[ info ] [ HEADER ] array (
  'user-agent' => 'Mozilla/5.0 (Windows NT 10.0; Win64; x64) AppleWebKit/537.36 (KHTML, like Gecko) Chrome/64.0.3282.140 Safari/537.36 Edge/17.17134',
  'accept-language' => 'zh-CN',
  'accept' => 'text/html,application/xhtml+xml,application/xml;q=0.9,*/*;q=0.8',
  'upgrade-insecure-requests' => '1',
  'accept-encoding' => 'gzip, deflate',
  'host' => 'localhost',
  'connection' => 'Keep-Alive',
)
[ info ] [ PARAM ] array (
)
[ info ] [ RUN ] app\index\controller\Test->index[ D:\www\think\application\index\controller\Test.php ]
[ info ] [ VIEW ] D:\www\think\public/../application/index\view\test\index.html [ array (
) ]
[ info ] [ LOG ] INIT File
---------------------------------------------------------------
[ 2019-09-06T08:52:06+08:00 ] 0.0.0.0 GET localhost/think/public/index.php/index/test
[运行时间：0.007873s] [吞吐率：127.02req/s] [内存消耗：246.59kb] [文件加载：42]
[ info ] [ LANG ] D:\www\think\thinkphp\lang\zh-cn.php
[ info ] [ ROUTE ] array (
  'type' => 'module',
  'module' => 
  array (
    0 => 'index',
    1 => 'test',
    2 => NULL,
  ),
)
[ info ] [ HEADER ] array (
  'user-agent' => 'Mozilla/5.0 (Windows NT 10.0; Win64; x64) AppleWebKit/537.36 (KHTML, like Gecko) Chrome/64.0.3282.140 Safari/537.36 Edge/17.17134',
  'accept-language' => 'zh-CN',
  'accept' => 'text/html,application/xhtml+xml,application/xml;q=0.9,*/*;q=0.8',
  'upgrade-insecure-requests' => '1',
  'accept-encoding' => 'gzip, deflate',
  'host' => 'localhost',
  'connection' => 'Keep-Alive',
)
[ info ] [ PARAM ] array (
)
[ info ] [ RUN ] app\index\controller\Test->index[ D:\www\think\application\index\controller\Test.php ]
[ info ] [ VIEW ] D:\www\think\public/../application/index\view\test\index.html [ array (
) ]
[ info ] [ LOG ] INIT File
---------------------------------------------------------------
[ 2019-09-06T08:52:35+08:00 ] 0.0.0.0 GET localhost/think/public/index.php/index/test
[运行时间：0.009059s] [吞吐率：110.39req/s] [内存消耗：246.59kb] [文件加载：42]
[ info ] [ LANG ] D:\www\think\thinkphp\lang\zh-cn.php
[ info ] [ ROUTE ] array (
  'type' => 'module',
  'module' => 
  array (
    0 => 'index',
    1 => 'test',
    2 => NULL,
  ),
)
[ info ] [ HEADER ] array (
  'user-agent' => 'Mozilla/5.0 (Windows NT 10.0; Win64; x64) AppleWebKit/537.36 (KHTML, like Gecko) Chrome/64.0.3282.140 Safari/537.36 Edge/17.17134',
  'accept-language' => 'zh-CN',
  'accept' => 'text/html,application/xhtml+xml,application/xml;q=0.9,*/*;q=0.8',
  'upgrade-insecure-requests' => '1',
  'accept-encoding' => 'gzip, deflate',
  'host' => 'localhost',
  'connection' => 'Keep-Alive',
)
[ info ] [ PARAM ] array (
)
[ info ] [ RUN ] app\index\controller\Test->index[ D:\www\think\application\index\controller\Test.php ]
[ info ] [ VIEW ] D:\www\think\public/../application/index\view\test\index.html [ array (
) ]
[ info ] [ LOG ] INIT File
---------------------------------------------------------------
[ 2019-09-06T08:52:57+08:00 ] 0.0.0.0 GET localhost/think/public/index.php/index/test
[运行时间：0.011148s] [吞吐率：89.70req/s] [内存消耗：246.84kb] [文件加载：42]
[ info ] [ LANG ] D:\www\think\thinkphp\lang\zh-cn.php
[ info ] [ ROUTE ] array (
  'type' => 'module',
  'module' => 
  array (
    0 => 'index',
    1 => 'test',
    2 => NULL,
  ),
)
[ info ] [ HEADER ] array (
  'user-agent' => 'Mozilla/5.0 (Windows NT 10.0; Win64; x64) AppleWebKit/537.36 (KHTML, like Gecko) Chrome/64.0.3282.140 Safari/537.36 Edge/17.17134',
  'accept-language' => 'zh-CN',
  'accept' => 'text/html,application/xhtml+xml,application/xml;q=0.9,*/*;q=0.8',
  'upgrade-insecure-requests' => '1',
  'accept-encoding' => 'gzip, deflate',
  'host' => 'localhost',
  'connection' => 'Keep-Alive',
)
[ info ] [ PARAM ] array (
)
[ info ] [ RUN ] app\index\controller\Test->index[ D:\www\think\application\index\controller\Test.php ]
[ info ] [ VIEW ] D:\www\think\public/../application/index\view\test\index.html [ array (
) ]
[ info ] [ LOG ] INIT File
---------------------------------------------------------------
[ 2019-09-06T08:52:59+08:00 ] 0.0.0.0 GET localhost/think/public/index.php/index/test
[运行时间：0.018080s] [吞吐率：55.31req/s] [内存消耗：241.45kb] [文件加载：40]
[ info ] [ LANG ] D:\www\think\thinkphp\lang\zh-cn.php
[ info ] [ ROUTE ] array (
  'type' => 'module',
  'module' => 
  array (
    0 => 'index',
    1 => 'test',
    2 => NULL,
  ),
)
[ info ] [ HEADER ] array (
  'user-agent' => 'Mozilla/5.0 (Windows NT 10.0; Win64; x64) AppleWebKit/537.36 (KHTML, like Gecko) Chrome/64.0.3282.140 Safari/537.36 Edge/17.17134',
  'accept-language' => 'zh-CN',
  'accept' => 'text/html,application/xhtml+xml,application/xml;q=0.9,*/*;q=0.8',
  'upgrade-insecure-requests' => '1',
  'accept-encoding' => 'gzip, deflate',
  'host' => 'localhost',
  'connection' => 'Keep-Alive',
)
[ info ] [ PARAM ] array (
)
[ info ] [ RUN ] app\index\controller\Test->index[ D:\www\think\application\index\controller\Test.php ]
[ info ] [ VIEW ] D:\www\think\public/../application/index\view\test\index.html [ array (
) ]
[ info ] [ LOG ] INIT File
---------------------------------------------------------------
[ 2019-09-06T08:54:03+08:00 ] 0.0.0.0 GET localhost/think/public/index.php/index/test
[运行时间：0.016682s] [吞吐率：59.95req/s] [内存消耗：246.84kb] [文件加载：42]
[ info ] [ LANG ] D:\www\think\thinkphp\lang\zh-cn.php
[ info ] [ ROUTE ] array (
  'type' => 'module',
  'module' => 
  array (
    0 => 'index',
    1 => 'test',
    2 => NULL,
  ),
)
[ info ] [ HEADER ] array (
  'user-agent' => 'Mozilla/5.0 (Windows NT 10.0; Win64; x64) AppleWebKit/537.36 (KHTML, like Gecko) Chrome/64.0.3282.140 Safari/537.36 Edge/17.17134',
  'accept-language' => 'zh-CN',
  'accept' => 'text/html,application/xhtml+xml,application/xml;q=0.9,*/*;q=0.8',
  'upgrade-insecure-requests' => '1',
  'accept-encoding' => 'gzip, deflate',
  'host' => 'localhost',
  'connection' => 'Keep-Alive',
)
[ info ] [ PARAM ] array (
)
[ info ] [ RUN ] app\index\controller\Test->index[ D:\www\think\application\index\controller\Test.php ]
[ info ] [ VIEW ] D:\www\think\public/../application/index\view\test\index.html [ array (
) ]
[ info ] [ LOG ] INIT File
---------------------------------------------------------------
[ 2019-09-06T08:54:05+08:00 ] 0.0.0.0 GET localhost/think/public/index.php/index/test
[运行时间：0.010110s] [吞吐率：98.91req/s] [内存消耗：241.45kb] [文件加载：40]
[ info ] [ LANG ] D:\www\think\thinkphp\lang\zh-cn.php
[ info ] [ ROUTE ] array (
  'type' => 'module',
  'module' => 
  array (
    0 => 'index',
    1 => 'test',
    2 => NULL,
  ),
)
[ info ] [ HEADER ] array (
  'user-agent' => 'Mozilla/5.0 (Windows NT 10.0; Win64; x64) AppleWebKit/537.36 (KHTML, like Gecko) Chrome/64.0.3282.140 Safari/537.36 Edge/17.17134',
  'accept-language' => 'zh-CN',
  'accept' => 'text/html,application/xhtml+xml,application/xml;q=0.9,*/*;q=0.8',
  'upgrade-insecure-requests' => '1',
  'accept-encoding' => 'gzip, deflate',
  'host' => 'localhost',
  'connection' => 'Keep-Alive',
)
[ info ] [ PARAM ] array (
)
[ info ] [ RUN ] app\index\controller\Test->index[ D:\www\think\application\index\controller\Test.php ]
[ info ] [ VIEW ] D:\www\think\public/../application/index\view\test\index.html [ array (
) ]
[ info ] [ LOG ] INIT File
---------------------------------------------------------------
[ 2019-09-06T09:00:18+08:00 ] 0.0.0.0 GET localhost/think/public/index.php/index/test
[运行时间：0.010478s] [吞吐率：95.44req/s] [内存消耗：246.84kb] [文件加载：42]
[ info ] [ LANG ] D:\www\think\thinkphp\lang\zh-cn.php
[ info ] [ ROUTE ] array (
  'type' => 'module',
  'module' => 
  array (
    0 => 'index',
    1 => 'test',
    2 => NULL,
  ),
)
[ info ] [ HEADER ] array (
  'user-agent' => 'Mozilla/5.0 (Windows NT 10.0; Win64; x64) AppleWebKit/537.36 (KHTML, like Gecko) Chrome/64.0.3282.140 Safari/537.36 Edge/17.17134',
  'accept-language' => 'zh-CN',
  'accept' => 'text/html,application/xhtml+xml,application/xml;q=0.9,*/*;q=0.8',
  'upgrade-insecure-requests' => '1',
  'accept-encoding' => 'gzip, deflate',
  'host' => 'localhost',
  'connection' => 'Keep-Alive',
)
[ info ] [ PARAM ] array (
)
[ info ] [ RUN ] app\index\controller\Test->index[ D:\www\think\application\index\controller\Test.php ]
[ info ] [ VIEW ] D:\www\think\public/../application/index\view\test\index.html [ array (
) ]
[ info ] [ LOG ] INIT File
---------------------------------------------------------------
[ 2019-09-06T09:01:09+08:00 ] 0.0.0.0 GET localhost/think/public/index.php/index/test
[运行时间：0.008375s] [吞吐率：119.40req/s] [内存消耗：246.59kb] [文件加载：42]
[ info ] [ LANG ] D:\www\think\thinkphp\lang\zh-cn.php
[ info ] [ ROUTE ] array (
  'type' => 'module',
  'module' => 
  array (
    0 => 'index',
    1 => 'test',
    2 => NULL,
  ),
)
[ info ] [ HEADER ] array (
  'user-agent' => 'Mozilla/5.0 (Windows NT 10.0; Win64; x64) AppleWebKit/537.36 (KHTML, like Gecko) Chrome/64.0.3282.140 Safari/537.36 Edge/17.17134',
  'accept-language' => 'zh-CN',
  'accept' => 'text/html,application/xhtml+xml,application/xml;q=0.9,*/*;q=0.8',
  'upgrade-insecure-requests' => '1',
  'accept-encoding' => 'gzip, deflate',
  'host' => 'localhost',
  'connection' => 'Keep-Alive',
)
[ info ] [ PARAM ] array (
)
[ info ] [ RUN ] app\index\controller\Test->index[ D:\www\think\application\index\controller\Test.php ]
[ info ] [ VIEW ] D:\www\think\public/../application/index\view\test\index.html [ array (
) ]
[ info ] [ LOG ] INIT File
---------------------------------------------------------------
[ 2019-09-06T09:01:43+08:00 ] 0.0.0.0 GET localhost/think/public/index.php/index/test
[运行时间：0.014809s] [吞吐率：67.53req/s] [内存消耗：246.84kb] [文件加载：42]
[ info ] [ LANG ] D:\www\think\thinkphp\lang\zh-cn.php
[ info ] [ ROUTE ] array (
  'type' => 'module',
  'module' => 
  array (
    0 => 'index',
    1 => 'test',
    2 => NULL,
  ),
)
[ info ] [ HEADER ] array (
  'user-agent' => 'Mozilla/5.0 (Windows NT 10.0; Win64; x64) AppleWebKit/537.36 (KHTML, like Gecko) Chrome/64.0.3282.140 Safari/537.36 Edge/17.17134',
  'accept-language' => 'zh-CN',
  'accept' => 'text/html,application/xhtml+xml,application/xml;q=0.9,*/*;q=0.8',
  'upgrade-insecure-requests' => '1',
  'accept-encoding' => 'gzip, deflate',
  'host' => 'localhost',
  'connection' => 'Keep-Alive',
)
[ info ] [ PARAM ] array (
)
[ info ] [ RUN ] app\index\controller\Test->index[ D:\www\think\application\index\controller\Test.php ]
[ info ] [ VIEW ] D:\www\think\public/../application/index\view\test\index.html [ array (
) ]
[ info ] [ LOG ] INIT File
---------------------------------------------------------------
[ 2019-09-06T09:03:00+08:00 ] 0.0.0.0 GET localhost/think/public/index.php/index/test
[运行时间：0.011022s] [吞吐率：90.73req/s] [内存消耗：246.84kb] [文件加载：42]
[ info ] [ LANG ] D:\www\think\thinkphp\lang\zh-cn.php
[ info ] [ ROUTE ] array (
  'type' => 'module',
  'module' => 
  array (
    0 => 'index',
    1 => 'test',
    2 => NULL,
  ),
)
[ info ] [ HEADER ] array (
  'user-agent' => 'Mozilla/5.0 (Windows NT 10.0; Win64; x64) AppleWebKit/537.36 (KHTML, like Gecko) Chrome/64.0.3282.140 Safari/537.36 Edge/17.17134',
  'accept-language' => 'zh-CN',
  'accept' => 'text/html,application/xhtml+xml,application/xml;q=0.9,*/*;q=0.8',
  'upgrade-insecure-requests' => '1',
  'accept-encoding' => 'gzip, deflate',
  'host' => 'localhost',
  'connection' => 'Keep-Alive',
)
[ info ] [ PARAM ] array (
)
[ info ] [ RUN ] app\index\controller\Test->index[ D:\www\think\application\index\controller\Test.php ]
[ info ] [ VIEW ] D:\www\think\public/../application/index\view\test\index.html [ array (
) ]
[ info ] [ LOG ] INIT File
---------------------------------------------------------------
[ 2019-09-06T09:03:42+08:00 ] 0.0.0.0 GET localhost/think/public/index.php/index/test
[运行时间：0.007864s] [吞吐率：127.16req/s] [内存消耗：246.84kb] [文件加载：42]
[ info ] [ LANG ] D:\www\think\thinkphp\lang\zh-cn.php
[ info ] [ ROUTE ] array (
  'type' => 'module',
  'module' => 
  array (
    0 => 'index',
    1 => 'test',
    2 => NULL,
  ),
)
[ info ] [ HEADER ] array (
  'user-agent' => 'Mozilla/5.0 (Windows NT 10.0; Win64; x64) AppleWebKit/537.36 (KHTML, like Gecko) Chrome/64.0.3282.140 Safari/537.36 Edge/17.17134',
  'accept-language' => 'zh-CN',
  'accept' => 'text/html,application/xhtml+xml,application/xml;q=0.9,*/*;q=0.8',
  'upgrade-insecure-requests' => '1',
  'accept-encoding' => 'gzip, deflate',
  'host' => 'localhost',
  'connection' => 'Keep-Alive',
)
[ info ] [ PARAM ] array (
)
[ info ] [ RUN ] app\index\controller\Test->index[ D:\www\think\application\index\controller\Test.php ]
[ info ] [ VIEW ] D:\www\think\public/../application/index\view\test\index.html [ array (
) ]
[ info ] [ LOG ] INIT File
---------------------------------------------------------------
[ 2019-09-06T09:04:49+08:00 ] 0.0.0.0 GET localhost/think/public/index.php/index/test
[运行时间：0.011812s] [吞吐率：84.66req/s] [内存消耗：246.84kb] [文件加载：42]
[ info ] [ LANG ] D:\www\think\thinkphp\lang\zh-cn.php
[ info ] [ ROUTE ] array (
  'type' => 'module',
  'module' => 
  array (
    0 => 'index',
    1 => 'test',
    2 => NULL,
  ),
)
[ info ] [ HEADER ] array (
  'user-agent' => 'Mozilla/5.0 (Windows NT 10.0; Win64; x64) AppleWebKit/537.36 (KHTML, like Gecko) Chrome/64.0.3282.140 Safari/537.36 Edge/17.17134',
  'accept-language' => 'zh-CN',
  'accept' => 'text/html,application/xhtml+xml,application/xml;q=0.9,*/*;q=0.8',
  'upgrade-insecure-requests' => '1',
  'accept-encoding' => 'gzip, deflate',
  'host' => 'localhost',
  'connection' => 'Keep-Alive',
)
[ info ] [ PARAM ] array (
)
[ info ] [ RUN ] app\index\controller\Test->index[ D:\www\think\application\index\controller\Test.php ]
[ info ] [ VIEW ] D:\www\think\public/../application/index\view\test\index.html [ array (
) ]
[ info ] [ LOG ] INIT File
---------------------------------------------------------------
[ 2019-09-06T09:05:46+08:00 ] 0.0.0.0 GET localhost/think/public/index.php/index/test
[运行时间：0.013113s] [吞吐率：76.26req/s] [内存消耗：247.09kb] [文件加载：42]
[ info ] [ LANG ] D:\www\think\thinkphp\lang\zh-cn.php
[ info ] [ ROUTE ] array (
  'type' => 'module',
  'module' => 
  array (
    0 => 'index',
    1 => 'test',
    2 => NULL,
  ),
)
[ info ] [ HEADER ] array (
  'user-agent' => 'Mozilla/5.0 (Windows NT 10.0; Win64; x64) AppleWebKit/537.36 (KHTML, like Gecko) Chrome/64.0.3282.140 Safari/537.36 Edge/17.17134',
  'accept-language' => 'zh-CN',
  'accept' => 'text/html,application/xhtml+xml,application/xml;q=0.9,*/*;q=0.8',
  'upgrade-insecure-requests' => '1',
  'accept-encoding' => 'gzip, deflate',
  'host' => 'localhost',
  'connection' => 'Keep-Alive',
)
[ info ] [ PARAM ] array (
)
[ info ] [ RUN ] app\index\controller\Test->index[ D:\www\think\application\index\controller\Test.php ]
[ info ] [ VIEW ] D:\www\think\public/../application/index\view\test\index.html [ array (
) ]
[ info ] [ LOG ] INIT File
---------------------------------------------------------------
[ 2019-09-06T09:07:01+08:00 ] 0.0.0.0 GET localhost/think/public/index.php/index/test
[运行时间：0.007783s] [吞吐率：128.48req/s] [内存消耗：247.34kb] [文件加载：42]
[ info ] [ LANG ] D:\www\think\thinkphp\lang\zh-cn.php
[ info ] [ ROUTE ] array (
  'type' => 'module',
  'module' => 
  array (
    0 => 'index',
    1 => 'test',
    2 => NULL,
  ),
)
[ info ] [ HEADER ] array (
  'user-agent' => 'Mozilla/5.0 (Windows NT 10.0; Win64; x64) AppleWebKit/537.36 (KHTML, like Gecko) Chrome/64.0.3282.140 Safari/537.36 Edge/17.17134',
  'accept-language' => 'zh-CN',
  'accept' => 'text/html,application/xhtml+xml,application/xml;q=0.9,*/*;q=0.8',
  'upgrade-insecure-requests' => '1',
  'accept-encoding' => 'gzip, deflate',
  'host' => 'localhost',
  'connection' => 'Keep-Alive',
)
[ info ] [ PARAM ] array (
)
[ info ] [ RUN ] app\index\controller\Test->index[ D:\www\think\application\index\controller\Test.php ]
[ info ] [ VIEW ] D:\www\think\public/../application/index\view\test\index.html [ array (
) ]
[ info ] [ LOG ] INIT File
---------------------------------------------------------------
[ 2019-09-06T09:07:40+08:00 ] 0.0.0.0 GET localhost/think/public/index.php/index/test
[运行时间：0.009130s] [吞吐率：109.53req/s] [内存消耗：247.34kb] [文件加载：42]
[ info ] [ LANG ] D:\www\think\thinkphp\lang\zh-cn.php
[ info ] [ ROUTE ] array (
  'type' => 'module',
  'module' => 
  array (
    0 => 'index',
    1 => 'test',
    2 => NULL,
  ),
)
[ info ] [ HEADER ] array (
  'user-agent' => 'Mozilla/5.0 (Windows NT 10.0; Win64; x64) AppleWebKit/537.36 (KHTML, like Gecko) Chrome/64.0.3282.140 Safari/537.36 Edge/17.17134',
  'accept-language' => 'zh-CN',
  'accept' => 'text/html,application/xhtml+xml,application/xml;q=0.9,*/*;q=0.8',
  'upgrade-insecure-requests' => '1',
  'accept-encoding' => 'gzip, deflate',
  'host' => 'localhost',
  'connection' => 'Keep-Alive',
)
[ info ] [ PARAM ] array (
)
[ info ] [ RUN ] app\index\controller\Test->index[ D:\www\think\application\index\controller\Test.php ]
[ info ] [ VIEW ] D:\www\think\public/../application/index\view\test\index.html [ array (
) ]
[ info ] [ LOG ] INIT File
---------------------------------------------------------------
[ 2019-09-06T09:09:08+08:00 ] 0.0.0.0 GET localhost/think/public/index.php/index/test
[运行时间：0.014543s] [吞吐率：68.76req/s] [内存消耗：247.59kb] [文件加载：42]
[ info ] [ LANG ] D:\www\think\thinkphp\lang\zh-cn.php
[ info ] [ ROUTE ] array (
  'type' => 'module',
  'module' => 
  array (
    0 => 'index',
    1 => 'test',
    2 => NULL,
  ),
)
[ info ] [ HEADER ] array (
  'user-agent' => 'Mozilla/5.0 (Windows NT 10.0; Win64; x64) AppleWebKit/537.36 (KHTML, like Gecko) Chrome/64.0.3282.140 Safari/537.36 Edge/17.17134',
  'accept-language' => 'zh-CN',
  'accept' => 'text/html,application/xhtml+xml,application/xml;q=0.9,*/*;q=0.8',
  'upgrade-insecure-requests' => '1',
  'accept-encoding' => 'gzip, deflate',
  'host' => 'localhost',
  'connection' => 'Keep-Alive',
)
[ info ] [ PARAM ] array (
)
[ info ] [ RUN ] app\index\controller\Test->index[ D:\www\think\application\index\controller\Test.php ]
[ info ] [ VIEW ] D:\www\think\public/../application/index\view\test\index.html [ array (
) ]
[ info ] [ LOG ] INIT File
---------------------------------------------------------------
[ 2019-09-06T09:09:59+08:00 ] 0.0.0.0 GET localhost/think/public/index.php/index/test
[运行时间：0.009523s] [吞吐率：105.01req/s] [内存消耗：247.59kb] [文件加载：42]
[ info ] [ LANG ] D:\www\think\thinkphp\lang\zh-cn.php
[ info ] [ ROUTE ] array (
  'type' => 'module',
  'module' => 
  array (
    0 => 'index',
    1 => 'test',
    2 => NULL,
  ),
)
[ info ] [ HEADER ] array (
  'user-agent' => 'Mozilla/5.0 (Windows NT 10.0; Win64; x64) AppleWebKit/537.36 (KHTML, like Gecko) Chrome/64.0.3282.140 Safari/537.36 Edge/17.17134',
  'accept-language' => 'zh-CN',
  'accept' => 'text/html,application/xhtml+xml,application/xml;q=0.9,*/*;q=0.8',
  'upgrade-insecure-requests' => '1',
  'accept-encoding' => 'gzip, deflate',
  'host' => 'localhost',
  'connection' => 'Keep-Alive',
)
[ info ] [ PARAM ] array (
)
[ info ] [ RUN ] app\index\controller\Test->index[ D:\www\think\application\index\controller\Test.php ]
[ info ] [ VIEW ] D:\www\think\public/../application/index\view\test\index.html [ array (
) ]
[ info ] [ LOG ] INIT File
---------------------------------------------------------------
[ 2019-09-06T09:10:10+08:00 ] 0.0.0.0 GET localhost/think/public/index.php/index/test
[运行时间：0.007984s] [吞吐率：125.25req/s] [内存消耗：247.59kb] [文件加载：42]
[ info ] [ LANG ] D:\www\think\thinkphp\lang\zh-cn.php
[ info ] [ ROUTE ] array (
  'type' => 'module',
  'module' => 
  array (
    0 => 'index',
    1 => 'test',
    2 => NULL,
  ),
)
[ info ] [ HEADER ] array (
  'user-agent' => 'Mozilla/5.0 (Windows NT 10.0; Win64; x64) AppleWebKit/537.36 (KHTML, like Gecko) Chrome/64.0.3282.140 Safari/537.36 Edge/17.17134',
  'accept-language' => 'zh-CN',
  'accept' => 'text/html,application/xhtml+xml,application/xml;q=0.9,*/*;q=0.8',
  'upgrade-insecure-requests' => '1',
  'accept-encoding' => 'gzip, deflate',
  'host' => 'localhost',
  'connection' => 'Keep-Alive',
)
[ info ] [ PARAM ] array (
)
[ info ] [ RUN ] app\index\controller\Test->index[ D:\www\think\application\index\controller\Test.php ]
[ info ] [ VIEW ] D:\www\think\public/../application/index\view\test\index.html [ array (
) ]
[ info ] [ LOG ] INIT File
---------------------------------------------------------------
[ 2019-09-06T09:10:45+08:00 ] 0.0.0.0 GET localhost/think/public/index.php/index/test
[运行时间：0.009613s] [吞吐率：104.03req/s] [内存消耗：247.59kb] [文件加载：42]
[ info ] [ LANG ] D:\www\think\thinkphp\lang\zh-cn.php
[ info ] [ ROUTE ] array (
  'type' => 'module',
  'module' => 
  array (
    0 => 'index',
    1 => 'test',
    2 => NULL,
  ),
)
[ info ] [ HEADER ] array (
  'user-agent' => 'Mozilla/5.0 (Windows NT 10.0; Win64; x64) AppleWebKit/537.36 (KHTML, like Gecko) Chrome/64.0.3282.140 Safari/537.36 Edge/17.17134',
  'accept-language' => 'zh-CN',
  'accept' => 'text/html,application/xhtml+xml,application/xml;q=0.9,*/*;q=0.8',
  'upgrade-insecure-requests' => '1',
  'accept-encoding' => 'gzip, deflate',
  'host' => 'localhost',
  'connection' => 'Keep-Alive',
)
[ info ] [ PARAM ] array (
)
[ info ] [ RUN ] app\index\controller\Test->index[ D:\www\think\application\index\controller\Test.php ]
[ info ] [ VIEW ] D:\www\think\public/../application/index\view\test\index.html [ array (
) ]
[ info ] [ LOG ] INIT File
---------------------------------------------------------------
[ 2019-09-06T09:11:34+08:00 ] 0.0.0.0 GET localhost/think/public/index.php/index/test
[运行时间：0.012392s] [吞吐率：80.70req/s] [内存消耗：247.59kb] [文件加载：42]
[ info ] [ LANG ] D:\www\think\thinkphp\lang\zh-cn.php
[ info ] [ ROUTE ] array (
  'type' => 'module',
  'module' => 
  array (
    0 => 'index',
    1 => 'test',
    2 => NULL,
  ),
)
[ info ] [ HEADER ] array (
  'user-agent' => 'Mozilla/5.0 (Windows NT 10.0; Win64; x64) AppleWebKit/537.36 (KHTML, like Gecko) Chrome/64.0.3282.140 Safari/537.36 Edge/17.17134',
  'accept-language' => 'zh-CN',
  'accept' => 'text/html,application/xhtml+xml,application/xml;q=0.9,*/*;q=0.8',
  'upgrade-insecure-requests' => '1',
  'accept-encoding' => 'gzip, deflate',
  'host' => 'localhost',
  'connection' => 'Keep-Alive',
)
[ info ] [ PARAM ] array (
)
[ info ] [ RUN ] app\index\controller\Test->index[ D:\www\think\application\index\controller\Test.php ]
[ info ] [ VIEW ] D:\www\think\public/../application/index\view\test\index.html [ array (
) ]
[ info ] [ LOG ] INIT File
---------------------------------------------------------------
[ 2019-09-06T09:11:50+08:00 ] 0.0.0.0 GET localhost/think/public/index.php/index/test
[运行时间：0.008282s] [吞吐率：120.74req/s] [内存消耗：247.59kb] [文件加载：42]
[ info ] [ LANG ] D:\www\think\thinkphp\lang\zh-cn.php
[ info ] [ ROUTE ] array (
  'type' => 'module',
  'module' => 
  array (
    0 => 'index',
    1 => 'test',
    2 => NULL,
  ),
)
[ info ] [ HEADER ] array (
  'user-agent' => 'Mozilla/5.0 (Windows NT 10.0; Win64; x64) AppleWebKit/537.36 (KHTML, like Gecko) Chrome/64.0.3282.140 Safari/537.36 Edge/17.17134',
  'accept-language' => 'zh-CN',
  'accept' => 'text/html,application/xhtml+xml,application/xml;q=0.9,*/*;q=0.8',
  'upgrade-insecure-requests' => '1',
  'accept-encoding' => 'gzip, deflate',
  'host' => 'localhost',
  'connection' => 'Keep-Alive',
)
[ info ] [ PARAM ] array (
)
[ info ] [ RUN ] app\index\controller\Test->index[ D:\www\think\application\index\controller\Test.php ]
[ info ] [ VIEW ] D:\www\think\public/../application/index\view\test\index.html [ array (
) ]
[ info ] [ LOG ] INIT File
---------------------------------------------------------------
[ 2019-09-06T09:12:31+08:00 ] 0.0.0.0 GET localhost/think/public/index.php/index/test
[运行时间：0.013906s] [吞吐率：71.91req/s] [内存消耗：247.59kb] [文件加载：42]
[ info ] [ LANG ] D:\www\think\thinkphp\lang\zh-cn.php
[ info ] [ ROUTE ] array (
  'type' => 'module',
  'module' => 
  array (
    0 => 'index',
    1 => 'test',
    2 => NULL,
  ),
)
[ info ] [ HEADER ] array (
  'user-agent' => 'Mozilla/5.0 (Windows NT 10.0; Win64; x64) AppleWebKit/537.36 (KHTML, like Gecko) Chrome/64.0.3282.140 Safari/537.36 Edge/17.17134',
  'accept-language' => 'zh-CN',
  'accept' => 'text/html,application/xhtml+xml,application/xml;q=0.9,*/*;q=0.8',
  'upgrade-insecure-requests' => '1',
  'accept-encoding' => 'gzip, deflate',
  'host' => 'localhost',
  'connection' => 'Keep-Alive',
)
[ info ] [ PARAM ] array (
)
[ info ] [ RUN ] app\index\controller\Test->index[ D:\www\think\application\index\controller\Test.php ]
[ info ] [ VIEW ] D:\www\think\public/../application/index\view\test\index.html [ array (
) ]
[ info ] [ LOG ] INIT File
---------------------------------------------------------------
[ 2019-09-06T09:13:35+08:00 ] 0.0.0.0 GET localhost/think/public/index.php/index/test
[运行时间：0.015437s] [吞吐率：64.78req/s] [内存消耗：247.59kb] [文件加载：42]
[ info ] [ LANG ] D:\www\think\thinkphp\lang\zh-cn.php
[ info ] [ ROUTE ] array (
  'type' => 'module',
  'module' => 
  array (
    0 => 'index',
    1 => 'test',
    2 => NULL,
  ),
)
[ info ] [ HEADER ] array (
  'user-agent' => 'Mozilla/5.0 (Windows NT 10.0; Win64; x64) AppleWebKit/537.36 (KHTML, like Gecko) Chrome/64.0.3282.140 Safari/537.36 Edge/17.17134',
  'accept-language' => 'zh-CN',
  'accept' => 'text/html,application/xhtml+xml,application/xml;q=0.9,*/*;q=0.8',
  'upgrade-insecure-requests' => '1',
  'accept-encoding' => 'gzip, deflate',
  'host' => 'localhost',
  'connection' => 'Keep-Alive',
)
[ info ] [ PARAM ] array (
)
[ info ] [ RUN ] app\index\controller\Test->index[ D:\www\think\application\index\controller\Test.php ]
[ info ] [ VIEW ] D:\www\think\public/../application/index\view\test\index.html [ array (
) ]
[ info ] [ LOG ] INIT File
---------------------------------------------------------------
[ 2019-09-06T09:13:37+08:00 ] 0.0.0.0 GET localhost/think/public/index.php/index/test
[运行时间：0.010528s] [吞吐率：94.99req/s] [内存消耗：241.45kb] [文件加载：40]
[ info ] [ LANG ] D:\www\think\thinkphp\lang\zh-cn.php
[ info ] [ ROUTE ] array (
  'type' => 'module',
  'module' => 
  array (
    0 => 'index',
    1 => 'test',
    2 => NULL,
  ),
)
[ info ] [ HEADER ] array (
  'user-agent' => 'Mozilla/5.0 (Windows NT 10.0; Win64; x64) AppleWebKit/537.36 (KHTML, like Gecko) Chrome/64.0.3282.140 Safari/537.36 Edge/17.17134',
  'accept-language' => 'zh-CN',
  'accept' => 'text/html,application/xhtml+xml,application/xml;q=0.9,*/*;q=0.8',
  'upgrade-insecure-requests' => '1',
  'accept-encoding' => 'gzip, deflate',
  'host' => 'localhost',
  'connection' => 'Keep-Alive',
)
[ info ] [ PARAM ] array (
)
[ info ] [ RUN ] app\index\controller\Test->index[ D:\www\think\application\index\controller\Test.php ]
[ info ] [ VIEW ] D:\www\think\public/../application/index\view\test\index.html [ array (
) ]
[ info ] [ LOG ] INIT File
---------------------------------------------------------------
[ 2019-09-06T09:13:48+08:00 ] 0.0.0.0 GET localhost/think/public/index.php/index/test
[运行时间：0.007791s] [吞吐率：128.35req/s] [内存消耗：247.59kb] [文件加载：42]
[ info ] [ LANG ] D:\www\think\thinkphp\lang\zh-cn.php
[ info ] [ ROUTE ] array (
  'type' => 'module',
  'module' => 
  array (
    0 => 'index',
    1 => 'test',
    2 => NULL,
  ),
)
[ info ] [ HEADER ] array (
  'user-agent' => 'Mozilla/5.0 (Windows NT 10.0; Win64; x64) AppleWebKit/537.36 (KHTML, like Gecko) Chrome/64.0.3282.140 Safari/537.36 Edge/17.17134',
  'accept-language' => 'zh-CN',
  'accept' => 'text/html,application/xhtml+xml,application/xml;q=0.9,*/*;q=0.8',
  'upgrade-insecure-requests' => '1',
  'accept-encoding' => 'gzip, deflate',
  'host' => 'localhost',
  'connection' => 'Keep-Alive',
)
[ info ] [ PARAM ] array (
)
[ info ] [ RUN ] app\index\controller\Test->index[ D:\www\think\application\index\controller\Test.php ]
[ info ] [ VIEW ] D:\www\think\public/../application/index\view\test\index.html [ array (
) ]
[ info ] [ LOG ] INIT File
---------------------------------------------------------------
[ 2019-09-06T09:14:28+08:00 ] 0.0.0.0 GET localhost/think/public/index.php/index/test
[运行时间：0.009211s] [吞吐率：108.57req/s] [内存消耗：247.59kb] [文件加载：42]
[ info ] [ LANG ] D:\www\think\thinkphp\lang\zh-cn.php
[ info ] [ ROUTE ] array (
  'type' => 'module',
  'module' => 
  array (
    0 => 'index',
    1 => 'test',
    2 => NULL,
  ),
)
[ info ] [ HEADER ] array (
  'user-agent' => 'Mozilla/5.0 (Windows NT 10.0; Win64; x64) AppleWebKit/537.36 (KHTML, like Gecko) Chrome/64.0.3282.140 Safari/537.36 Edge/17.17134',
  'accept-language' => 'zh-CN',
  'accept' => 'text/html,application/xhtml+xml,application/xml;q=0.9,*/*;q=0.8',
  'upgrade-insecure-requests' => '1',
  'accept-encoding' => 'gzip, deflate',
  'host' => 'localhost',
  'connection' => 'Keep-Alive',
)
[ info ] [ PARAM ] array (
)
[ info ] [ RUN ] app\index\controller\Test->index[ D:\www\think\application\index\controller\Test.php ]
[ info ] [ VIEW ] D:\www\think\public/../application/index\view\test\index.html [ array (
) ]
[ info ] [ LOG ] INIT File
---------------------------------------------------------------
[ 2019-09-06T09:19:58+08:00 ] 0.0.0.0 GET localhost/think/public/index.php/index/test
[运行时间：0.015315s] [吞吐率：65.30req/s] [内存消耗：246.47kb] [文件加载：42]
[ info ] [ LANG ] D:\www\think\thinkphp\lang\zh-cn.php
[ info ] [ ROUTE ] array (
  'type' => 'module',
  'module' => 
  array (
    0 => 'index',
    1 => 'test',
    2 => NULL,
  ),
)
[ info ] [ HEADER ] array (
  'user-agent' => 'Mozilla/5.0 (Windows NT 10.0; Win64; x64) AppleWebKit/537.36 (KHTML, like Gecko) Chrome/64.0.3282.140 Safari/537.36 Edge/17.17134',
  'accept-language' => 'zh-CN',
  'accept' => 'text/html,application/xhtml+xml,application/xml;q=0.9,*/*;q=0.8',
  'upgrade-insecure-requests' => '1',
  'accept-encoding' => 'gzip, deflate',
  'host' => 'localhost',
  'connection' => 'Keep-Alive',
)
[ info ] [ PARAM ] array (
)
[ info ] [ RUN ] app\index\controller\Test->index[ D:\www\think\application\index\controller\Test.php ]
[ info ] [ VIEW ] D:\www\think\public/../application/index\view\test\index.html [ array (
) ]
[ info ] [ LOG ] INIT File
---------------------------------------------------------------
[ 2019-09-06T09:20:54+08:00 ] 0.0.0.0 GET localhost/think/public/index.php/index/test
[运行时间：0.009318s] [吞吐率：107.32req/s] [内存消耗：246.84kb] [文件加载：42]
[ info ] [ LANG ] D:\www\think\thinkphp\lang\zh-cn.php
[ info ] [ ROUTE ] array (
  'type' => 'module',
  'module' => 
  array (
    0 => 'index',
    1 => 'test',
    2 => NULL,
  ),
)
[ info ] [ HEADER ] array (
  'user-agent' => 'Mozilla/5.0 (Windows NT 10.0; Win64; x64) AppleWebKit/537.36 (KHTML, like Gecko) Chrome/64.0.3282.140 Safari/537.36 Edge/17.17134',
  'accept-language' => 'zh-CN',
  'accept' => 'text/html,application/xhtml+xml,application/xml;q=0.9,*/*;q=0.8',
  'upgrade-insecure-requests' => '1',
  'accept-encoding' => 'gzip, deflate',
  'host' => 'localhost',
  'connection' => 'Keep-Alive',
)
[ info ] [ PARAM ] array (
)
[ info ] [ RUN ] app\index\controller\Test->index[ D:\www\think\application\index\controller\Test.php ]
[ info ] [ VIEW ] D:\www\think\public/../application/index\view\test\index.html [ array (
) ]
[ info ] [ LOG ] INIT File
---------------------------------------------------------------
[ 2019-09-06T09:20:56+08:00 ] 0.0.0.0 GET localhost/think/public/index.php/index/test
[运行时间：0.008243s] [吞吐率：121.31req/s] [内存消耗：241.45kb] [文件加载：40]
[ info ] [ LANG ] D:\www\think\thinkphp\lang\zh-cn.php
[ info ] [ ROUTE ] array (
  'type' => 'module',
  'module' => 
  array (
    0 => 'index',
    1 => 'test',
    2 => NULL,
  ),
)
[ info ] [ HEADER ] array (
  'user-agent' => 'Mozilla/5.0 (Windows NT 10.0; Win64; x64) AppleWebKit/537.36 (KHTML, like Gecko) Chrome/64.0.3282.140 Safari/537.36 Edge/17.17134',
  'accept-language' => 'zh-CN',
  'accept' => 'text/html,application/xhtml+xml,application/xml;q=0.9,*/*;q=0.8',
  'upgrade-insecure-requests' => '1',
  'accept-encoding' => 'gzip, deflate',
  'host' => 'localhost',
  'connection' => 'Keep-Alive',
)
[ info ] [ PARAM ] array (
)
[ info ] [ RUN ] app\index\controller\Test->index[ D:\www\think\application\index\controller\Test.php ]
[ info ] [ VIEW ] D:\www\think\public/../application/index\view\test\index.html [ array (
) ]
[ info ] [ LOG ] INIT File
---------------------------------------------------------------
[ 2019-09-06T09:21:24+08:00 ] 0.0.0.0 GET localhost/think/public/index.php/index/test
[运行时间：0.018301s] [吞吐率：54.64req/s] [内存消耗：246.84kb] [文件加载：42]
[ info ] [ LANG ] D:\www\think\thinkphp\lang\zh-cn.php
[ info ] [ ROUTE ] array (
  'type' => 'module',
  'module' => 
  array (
    0 => 'index',
    1 => 'test',
    2 => NULL,
  ),
)
[ info ] [ HEADER ] array (
  'user-agent' => 'Mozilla/5.0 (Windows NT 10.0; Win64; x64) AppleWebKit/537.36 (KHTML, like Gecko) Chrome/64.0.3282.140 Safari/537.36 Edge/17.17134',
  'accept-language' => 'zh-CN',
  'accept' => 'text/html,application/xhtml+xml,application/xml;q=0.9,*/*;q=0.8',
  'upgrade-insecure-requests' => '1',
  'accept-encoding' => 'gzip, deflate',
  'host' => 'localhost',
  'connection' => 'Keep-Alive',
)
[ info ] [ PARAM ] array (
)
[ info ] [ RUN ] app\index\controller\Test->index[ D:\www\think\application\index\controller\Test.php ]
[ info ] [ VIEW ] D:\www\think\public/../application/index\view\test\index.html [ array (
) ]
[ info ] [ LOG ] INIT File
---------------------------------------------------------------
[ 2019-09-06T09:23:17+08:00 ] 0.0.0.0 GET localhost/think/public/index.php/index/test
[运行时间：0.010508s] [吞吐率：95.17req/s] [内存消耗：246.84kb] [文件加载：42]
[ info ] [ LANG ] D:\www\think\thinkphp\lang\zh-cn.php
[ info ] [ ROUTE ] array (
  'type' => 'module',
  'module' => 
  array (
    0 => 'index',
    1 => 'test',
    2 => NULL,
  ),
)
[ info ] [ HEADER ] array (
  'user-agent' => 'Mozilla/5.0 (Windows NT 10.0; Win64; x64) AppleWebKit/537.36 (KHTML, like Gecko) Chrome/64.0.3282.140 Safari/537.36 Edge/17.17134',
  'accept-language' => 'zh-CN',
  'accept' => 'text/html,application/xhtml+xml,application/xml;q=0.9,*/*;q=0.8',
  'upgrade-insecure-requests' => '1',
  'accept-encoding' => 'gzip, deflate',
  'host' => 'localhost',
  'connection' => 'Keep-Alive',
)
[ info ] [ PARAM ] array (
)
[ info ] [ RUN ] app\index\controller\Test->index[ D:\www\think\application\index\controller\Test.php ]
[ info ] [ VIEW ] D:\www\think\public/../application/index\view\test\index.html [ array (
) ]
[ info ] [ LOG ] INIT File
---------------------------------------------------------------
[ 2019-09-06T09:26:52+08:00 ] 0.0.0.0 GET localhost/think/public/index.php/index/test
[运行时间：0.010984s] [吞吐率：91.04req/s] [内存消耗：246.84kb] [文件加载：42]
[ info ] [ LANG ] D:\www\think\thinkphp\lang\zh-cn.php
[ info ] [ ROUTE ] array (
  'type' => 'module',
  'module' => 
  array (
    0 => 'index',
    1 => 'test',
    2 => NULL,
  ),
)
[ info ] [ HEADER ] array (
  'user-agent' => 'Mozilla/5.0 (Windows NT 10.0; Win64; x64) AppleWebKit/537.36 (KHTML, like Gecko) Chrome/64.0.3282.140 Safari/537.36 Edge/17.17134',
  'accept-language' => 'zh-CN',
  'accept' => 'text/html,application/xhtml+xml,application/xml;q=0.9,*/*;q=0.8',
  'upgrade-insecure-requests' => '1',
  'accept-encoding' => 'gzip, deflate',
  'host' => 'localhost',
  'connection' => 'Keep-Alive',
)
[ info ] [ PARAM ] array (
)
[ info ] [ RUN ] app\index\controller\Test->index[ D:\www\think\application\index\controller\Test.php ]
[ info ] [ VIEW ] D:\www\think\public/../application/index\view\test\index.html [ array (
) ]
[ info ] [ LOG ] INIT File
---------------------------------------------------------------
[ 2019-09-06T09:27:39+08:00 ] 0.0.0.0 GET localhost/think/public/index.php/index/test
[运行时间：0.007817s] [吞吐率：127.93req/s] [内存消耗：241.45kb] [文件加载：40]
[ info ] [ LANG ] D:\www\think\thinkphp\lang\zh-cn.php
[ info ] [ ROUTE ] array (
  'type' => 'module',
  'module' => 
  array (
    0 => 'index',
    1 => 'test',
    2 => NULL,
  ),
)
[ info ] [ HEADER ] array (
  'user-agent' => 'Mozilla/5.0 (Windows NT 10.0; Win64; x64) AppleWebKit/537.36 (KHTML, like Gecko) Chrome/64.0.3282.140 Safari/537.36 Edge/17.17134',
  'accept-language' => 'zh-CN',
  'accept' => 'text/html,application/xhtml+xml,application/xml;q=0.9,*/*;q=0.8',
  'upgrade-insecure-requests' => '1',
  'accept-encoding' => 'gzip, deflate',
  'host' => 'localhost',
  'connection' => 'Keep-Alive',
)
[ info ] [ PARAM ] array (
)
[ info ] [ RUN ] app\index\controller\Test->index[ D:\www\think\application\index\controller\Test.php ]
[ info ] [ VIEW ] D:\www\think\public/../application/index\view\test\index.html [ array (
) ]
[ info ] [ LOG ] INIT File
---------------------------------------------------------------
[ 2019-09-06T16:49:43+08:00 ] 0.0.0.0 GET localhost/think/public/index.php/index/test
[运行时间：0.023844s] [吞吐率：41.94req/s] [内存消耗：241.05kb] [文件加载：40]
[ info ] [ LANG ] D:\www\think\thinkphp\lang\zh-cn.php
[ info ] [ ROUTE ] array (
  'type' => 'module',
  'module' => 
  array (
    0 => 'index',
    1 => 'test',
    2 => NULL,
  ),
)
[ info ] [ HEADER ] array (
  'user-agent' => 'Mozilla/5.0 (Windows NT 10.0; Win64; x64) AppleWebKit/537.36 (KHTML, like Gecko) Chrome/64.0.3282.140 Safari/537.36 Edge/17.17134',
  'accept-language' => 'zh-CN',
  'accept' => 'text/html,application/xhtml+xml,application/xml;q=0.9,*/*;q=0.8',
  'upgrade-insecure-requests' => '1',
  'accept-encoding' => 'gzip, deflate',
  'host' => 'localhost',
  'connection' => 'Keep-Alive',
)
[ info ] [ PARAM ] array (
)
[ info ] [ RUN ] app\index\controller\Test->index[ D:\www\think\application\index\controller\Test.php ]
[ info ] [ VIEW ] D:\www\think\public/../application/index\view\test\index.html [ array (
) ]
[ info ] [ LOG ] INIT File
---------------------------------------------------------------
[ 2019-09-06T16:51:59+08:00 ] 0.0.0.0 GET localhost/think/public/index.php/index/test
[运行时间：0.012544s] [吞吐率：79.72req/s] [内存消耗：247.09kb] [文件加载：42]
[ info ] [ LANG ] D:\www\think\thinkphp\lang\zh-cn.php
[ info ] [ ROUTE ] array (
  'type' => 'module',
  'module' => 
  array (
    0 => 'index',
    1 => 'test',
    2 => NULL,
  ),
)
[ info ] [ HEADER ] array (
  'user-agent' => 'Mozilla/5.0 (Windows NT 10.0; Win64; x64) AppleWebKit/537.36 (KHTML, like Gecko) Chrome/64.0.3282.140 Safari/537.36 Edge/17.17134',
  'accept-language' => 'zh-CN',
  'accept' => 'text/html,application/xhtml+xml,application/xml;q=0.9,*/*;q=0.8',
  'upgrade-insecure-requests' => '1',
  'accept-encoding' => 'gzip, deflate',
  'host' => 'localhost',
  'connection' => 'Keep-Alive',
)
[ info ] [ PARAM ] array (
)
[ info ] [ RUN ] app\index\controller\Test->index[ D:\www\think\application\index\controller\Test.php ]
[ info ] [ VIEW ] D:\www\think\public/../application/index\view\test\index.html [ array (
) ]
[ info ] [ LOG ] INIT File
---------------------------------------------------------------
[ 2019-09-06T16:52:55+08:00 ] 0.0.0.0 GET localhost/think/public/index.php/index/test
[运行时间：0.012386s] [吞吐率：80.74req/s] [内存消耗：247.09kb] [文件加载：42]
[ info ] [ LANG ] D:\www\think\thinkphp\lang\zh-cn.php
[ info ] [ ROUTE ] array (
  'type' => 'module',
  'module' => 
  array (
    0 => 'index',
    1 => 'test',
    2 => NULL,
  ),
)
[ info ] [ HEADER ] array (
  'user-agent' => 'Mozilla/5.0 (Windows NT 10.0; Win64; x64) AppleWebKit/537.36 (KHTML, like Gecko) Chrome/64.0.3282.140 Safari/537.36 Edge/17.17134',
  'accept-language' => 'zh-CN',
  'accept' => 'text/html,application/xhtml+xml,application/xml;q=0.9,*/*;q=0.8',
  'upgrade-insecure-requests' => '1',
  'accept-encoding' => 'gzip, deflate',
  'host' => 'localhost',
  'connection' => 'Keep-Alive',
)
[ info ] [ PARAM ] array (
)
[ info ] [ RUN ] app\index\controller\Test->index[ D:\www\think\application\index\controller\Test.php ]
[ info ] [ VIEW ] D:\www\think\public/../application/index\view\test\index.html [ array (
) ]
[ info ] [ LOG ] INIT File
---------------------------------------------------------------
[ 2019-09-06T16:52:58+08:00 ] 0.0.0.0 GET localhost/think/public/index.php/index/test
[运行时间：0.011430s] [吞吐率：87.49req/s] [内存消耗：241.45kb] [文件加载：40]
[ info ] [ LANG ] D:\www\think\thinkphp\lang\zh-cn.php
[ info ] [ ROUTE ] array (
  'type' => 'module',
  'module' => 
  array (
    0 => 'index',
    1 => 'test',
    2 => NULL,
  ),
)
[ info ] [ HEADER ] array (
  'user-agent' => 'Mozilla/5.0 (Windows NT 10.0; Win64; x64) AppleWebKit/537.36 (KHTML, like Gecko) Chrome/64.0.3282.140 Safari/537.36 Edge/17.17134',
  'accept-language' => 'zh-CN',
  'accept' => 'text/html,application/xhtml+xml,application/xml;q=0.9,*/*;q=0.8',
  'upgrade-insecure-requests' => '1',
  'accept-encoding' => 'gzip, deflate',
  'host' => 'localhost',
  'connection' => 'Keep-Alive',
)
[ info ] [ PARAM ] array (
)
[ info ] [ RUN ] app\index\controller\Test->index[ D:\www\think\application\index\controller\Test.php ]
[ info ] [ VIEW ] D:\www\think\public/../application/index\view\test\index.html [ array (
) ]
[ info ] [ LOG ] INIT File
---------------------------------------------------------------
[ 2019-09-06T16:53:34+08:00 ] 0.0.0.0 GET localhost/think/public/index.php/index/test
[运行时间：0.008122s] [吞吐率：123.12req/s] [内存消耗：247.09kb] [文件加载：42]
[ info ] [ LANG ] D:\www\think\thinkphp\lang\zh-cn.php
[ info ] [ ROUTE ] array (
  'type' => 'module',
  'module' => 
  array (
    0 => 'index',
    1 => 'test',
    2 => NULL,
  ),
)
[ info ] [ HEADER ] array (
  'user-agent' => 'Mozilla/5.0 (Windows NT 10.0; Win64; x64) AppleWebKit/537.36 (KHTML, like Gecko) Chrome/64.0.3282.140 Safari/537.36 Edge/17.17134',
  'accept-language' => 'zh-CN',
  'accept' => 'text/html,application/xhtml+xml,application/xml;q=0.9,*/*;q=0.8',
  'upgrade-insecure-requests' => '1',
  'accept-encoding' => 'gzip, deflate',
  'host' => 'localhost',
  'connection' => 'Keep-Alive',
)
[ info ] [ PARAM ] array (
)
[ info ] [ RUN ] app\index\controller\Test->index[ D:\www\think\application\index\controller\Test.php ]
[ info ] [ VIEW ] D:\www\think\public/../application/index\view\test\index.html [ array (
) ]
[ info ] [ LOG ] INIT File
---------------------------------------------------------------
[ 2019-09-06T16:54:17+08:00 ] 0.0.0.0 GET localhost/think/public/index.php/index/test
[运行时间：0.012317s] [吞吐率：81.19req/s] [内存消耗：247.34kb] [文件加载：42]
[ info ] [ LANG ] D:\www\think\thinkphp\lang\zh-cn.php
[ info ] [ ROUTE ] array (
  'type' => 'module',
  'module' => 
  array (
    0 => 'index',
    1 => 'test',
    2 => NULL,
  ),
)
[ info ] [ HEADER ] array (
  'user-agent' => 'Mozilla/5.0 (Windows NT 10.0; Win64; x64) AppleWebKit/537.36 (KHTML, like Gecko) Chrome/64.0.3282.140 Safari/537.36 Edge/17.17134',
  'accept-language' => 'zh-CN',
  'accept' => 'text/html,application/xhtml+xml,application/xml;q=0.9,*/*;q=0.8',
  'upgrade-insecure-requests' => '1',
  'accept-encoding' => 'gzip, deflate',
  'host' => 'localhost',
  'connection' => 'Keep-Alive',
)
[ info ] [ PARAM ] array (
)
[ info ] [ RUN ] app\index\controller\Test->index[ D:\www\think\application\index\controller\Test.php ]
[ info ] [ VIEW ] D:\www\think\public/../application/index\view\test\index.html [ array (
) ]
[ info ] [ LOG ] INIT File
---------------------------------------------------------------
[ 2019-09-06T16:54:47+08:00 ] 0.0.0.0 GET localhost/think/public/index.php/index/test
[运行时间：0.010747s] [吞吐率：93.05req/s] [内存消耗：247.34kb] [文件加载：42]
[ info ] [ LANG ] D:\www\think\thinkphp\lang\zh-cn.php
[ info ] [ ROUTE ] array (
  'type' => 'module',
  'module' => 
  array (
    0 => 'index',
    1 => 'test',
    2 => NULL,
  ),
)
[ info ] [ HEADER ] array (
  'user-agent' => 'Mozilla/5.0 (Windows NT 10.0; Win64; x64) AppleWebKit/537.36 (KHTML, like Gecko) Chrome/64.0.3282.140 Safari/537.36 Edge/17.17134',
  'accept-language' => 'zh-CN',
  'accept' => 'text/html,application/xhtml+xml,application/xml;q=0.9,*/*;q=0.8',
  'upgrade-insecure-requests' => '1',
  'accept-encoding' => 'gzip, deflate',
  'host' => 'localhost',
  'connection' => 'Keep-Alive',
)
[ info ] [ PARAM ] array (
)
[ info ] [ RUN ] app\index\controller\Test->index[ D:\www\think\application\index\controller\Test.php ]
[ info ] [ VIEW ] D:\www\think\public/../application/index\view\test\index.html [ array (
) ]
[ info ] [ LOG ] INIT File
---------------------------------------------------------------
[ 2019-09-06T16:55:15+08:00 ] 0.0.0.0 GET localhost/think/public/index.php/index/test
[运行时间：0.015862s] [吞吐率：63.04req/s] [内存消耗：247.34kb] [文件加载：42]
[ info ] [ LANG ] D:\www\think\thinkphp\lang\zh-cn.php
[ info ] [ ROUTE ] array (
  'type' => 'module',
  'module' => 
  array (
    0 => 'index',
    1 => 'test',
    2 => NULL,
  ),
)
[ info ] [ HEADER ] array (
  'user-agent' => 'Mozilla/5.0 (Windows NT 10.0; Win64; x64) AppleWebKit/537.36 (KHTML, like Gecko) Chrome/64.0.3282.140 Safari/537.36 Edge/17.17134',
  'accept-language' => 'zh-CN',
  'accept' => 'text/html,application/xhtml+xml,application/xml;q=0.9,*/*;q=0.8',
  'upgrade-insecure-requests' => '1',
  'accept-encoding' => 'gzip, deflate',
  'host' => 'localhost',
  'connection' => 'Keep-Alive',
)
[ info ] [ PARAM ] array (
)
[ info ] [ RUN ] app\index\controller\Test->index[ D:\www\think\application\index\controller\Test.php ]
[ info ] [ VIEW ] D:\www\think\public/../application/index\view\test\index.html [ array (
) ]
[ info ] [ LOG ] INIT File
---------------------------------------------------------------
[ 2019-09-06T16:56:12+08:00 ] 0.0.0.0 GET localhost/think/public/index.php/index/test
[运行时间：0.009859s] [吞吐率：101.43req/s] [内存消耗：247.34kb] [文件加载：42]
[ info ] [ LANG ] D:\www\think\thinkphp\lang\zh-cn.php
[ info ] [ ROUTE ] array (
  'type' => 'module',
  'module' => 
  array (
    0 => 'index',
    1 => 'test',
    2 => NULL,
  ),
)
[ info ] [ HEADER ] array (
  'user-agent' => 'Mozilla/5.0 (Windows NT 10.0; Win64; x64) AppleWebKit/537.36 (KHTML, like Gecko) Chrome/64.0.3282.140 Safari/537.36 Edge/17.17134',
  'accept-language' => 'zh-CN',
  'accept' => 'text/html,application/xhtml+xml,application/xml;q=0.9,*/*;q=0.8',
  'upgrade-insecure-requests' => '1',
  'accept-encoding' => 'gzip, deflate',
  'host' => 'localhost',
  'connection' => 'Keep-Alive',
)
[ info ] [ PARAM ] array (
)
[ info ] [ RUN ] app\index\controller\Test->index[ D:\www\think\application\index\controller\Test.php ]
[ info ] [ VIEW ] D:\www\think\public/../application/index\view\test\index.html [ array (
) ]
[ info ] [ LOG ] INIT File
---------------------------------------------------------------
[ 2019-09-06T16:56:15+08:00 ] 0.0.0.0 GET localhost/think/public/index.php/index/test
[运行时间：0.009054s] [吞吐率：110.45req/s] [内存消耗：241.45kb] [文件加载：40]
[ info ] [ LANG ] D:\www\think\thinkphp\lang\zh-cn.php
[ info ] [ ROUTE ] array (
  'type' => 'module',
  'module' => 
  array (
    0 => 'index',
    1 => 'test',
    2 => NULL,
  ),
)
[ info ] [ HEADER ] array (
  'user-agent' => 'Mozilla/5.0 (Windows NT 10.0; Win64; x64) AppleWebKit/537.36 (KHTML, like Gecko) Chrome/64.0.3282.140 Safari/537.36 Edge/17.17134',
  'accept-language' => 'zh-CN',
  'accept' => 'text/html,application/xhtml+xml,application/xml;q=0.9,*/*;q=0.8',
  'upgrade-insecure-requests' => '1',
  'accept-encoding' => 'gzip, deflate',
  'host' => 'localhost',
  'connection' => 'Keep-Alive',
)
[ info ] [ PARAM ] array (
)
[ info ] [ RUN ] app\index\controller\Test->index[ D:\www\think\application\index\controller\Test.php ]
[ info ] [ VIEW ] D:\www\think\public/../application/index\view\test\index.html [ array (
) ]
[ info ] [ LOG ] INIT File
---------------------------------------------------------------
[ 2019-09-06T16:56:43+08:00 ] 0.0.0.0 GET localhost/think/public/index.php/index/test
[运行时间：0.014789s] [吞吐率：67.62req/s] [内存消耗：247.34kb] [文件加载：42]
[ info ] [ LANG ] D:\www\think\thinkphp\lang\zh-cn.php
[ info ] [ ROUTE ] array (
  'type' => 'module',
  'module' => 
  array (
    0 => 'index',
    1 => 'test',
    2 => NULL,
  ),
)
[ info ] [ HEADER ] array (
  'user-agent' => 'Mozilla/5.0 (Windows NT 10.0; Win64; x64) AppleWebKit/537.36 (KHTML, like Gecko) Chrome/64.0.3282.140 Safari/537.36 Edge/17.17134',
  'accept-language' => 'zh-CN',
  'accept' => 'text/html,application/xhtml+xml,application/xml;q=0.9,*/*;q=0.8',
  'upgrade-insecure-requests' => '1',
  'accept-encoding' => 'gzip, deflate',
  'host' => 'localhost',
  'connection' => 'Keep-Alive',
)
[ info ] [ PARAM ] array (
)
[ info ] [ RUN ] app\index\controller\Test->index[ D:\www\think\application\index\controller\Test.php ]
[ info ] [ VIEW ] D:\www\think\public/../application/index\view\test\index.html [ array (
) ]
[ info ] [ LOG ] INIT File
---------------------------------------------------------------
[ 2019-09-06T16:58:41+08:00 ] 0.0.0.0 GET localhost/think/public/index.php/index/test
[运行时间：0.011787s] [吞吐率：84.84req/s] [内存消耗：247.34kb] [文件加载：42]
[ info ] [ LANG ] D:\www\think\thinkphp\lang\zh-cn.php
[ info ] [ ROUTE ] array (
  'type' => 'module',
  'module' => 
  array (
    0 => 'index',
    1 => 'test',
    2 => NULL,
  ),
)
[ info ] [ HEADER ] array (
  'user-agent' => 'Mozilla/5.0 (Windows NT 10.0; Win64; x64) AppleWebKit/537.36 (KHTML, like Gecko) Chrome/64.0.3282.140 Safari/537.36 Edge/17.17134',
  'accept-language' => 'zh-CN',
  'accept' => 'text/html,application/xhtml+xml,application/xml;q=0.9,*/*;q=0.8',
  'upgrade-insecure-requests' => '1',
  'accept-encoding' => 'gzip, deflate',
  'host' => 'localhost',
  'connection' => 'Keep-Alive',
)
[ info ] [ PARAM ] array (
)
[ info ] [ RUN ] app\index\controller\Test->index[ D:\www\think\application\index\controller\Test.php ]
[ info ] [ VIEW ] D:\www\think\public/../application/index\view\test\index.html [ array (
) ]
[ info ] [ LOG ] INIT File
---------------------------------------------------------------
[ 2019-09-06T16:58:43+08:00 ] 0.0.0.0 GET localhost/think/public/index.php/index/test
[运行时间：0.016870s] [吞吐率：59.28req/s] [内存消耗：241.45kb] [文件加载：40]
[ info ] [ LANG ] D:\www\think\thinkphp\lang\zh-cn.php
[ info ] [ ROUTE ] array (
  'type' => 'module',
  'module' => 
  array (
    0 => 'index',
    1 => 'test',
    2 => NULL,
  ),
)
[ info ] [ HEADER ] array (
  'user-agent' => 'Mozilla/5.0 (Windows NT 10.0; Win64; x64) AppleWebKit/537.36 (KHTML, like Gecko) Chrome/64.0.3282.140 Safari/537.36 Edge/17.17134',
  'accept-language' => 'zh-CN',
  'accept' => 'text/html,application/xhtml+xml,application/xml;q=0.9,*/*;q=0.8',
  'upgrade-insecure-requests' => '1',
  'accept-encoding' => 'gzip, deflate',
  'host' => 'localhost',
  'connection' => 'Keep-Alive',
)
[ info ] [ PARAM ] array (
)
[ info ] [ RUN ] app\index\controller\Test->index[ D:\www\think\application\index\controller\Test.php ]
[ info ] [ VIEW ] D:\www\think\public/../application/index\view\test\index.html [ array (
) ]
[ info ] [ LOG ] INIT File
---------------------------------------------------------------
[ 2019-09-06T16:58:58+08:00 ] 0.0.0.0 GET localhost/think/public/index.php/index/test
[运行时间：0.017782s] [吞吐率：56.24req/s] [内存消耗：247.34kb] [文件加载：42]
[ info ] [ LANG ] D:\www\think\thinkphp\lang\zh-cn.php
[ info ] [ ROUTE ] array (
  'type' => 'module',
  'module' => 
  array (
    0 => 'index',
    1 => 'test',
    2 => NULL,
  ),
)
[ info ] [ HEADER ] array (
  'user-agent' => 'Mozilla/5.0 (Windows NT 10.0; Win64; x64) AppleWebKit/537.36 (KHTML, like Gecko) Chrome/64.0.3282.140 Safari/537.36 Edge/17.17134',
  'accept-language' => 'zh-CN',
  'accept' => 'text/html,application/xhtml+xml,application/xml;q=0.9,*/*;q=0.8',
  'upgrade-insecure-requests' => '1',
  'accept-encoding' => 'gzip, deflate',
  'host' => 'localhost',
  'connection' => 'Keep-Alive',
)
[ info ] [ PARAM ] array (
)
[ info ] [ RUN ] app\index\controller\Test->index[ D:\www\think\application\index\controller\Test.php ]
[ info ] [ VIEW ] D:\www\think\public/../application/index\view\test\index.html [ array (
) ]
[ info ] [ LOG ] INIT File
---------------------------------------------------------------
[ 2019-09-06T16:59:16+08:00 ] 0.0.0.0 GET localhost/think/public/index.php/index/test
[运行时间：0.009399s] [吞吐率：106.39req/s] [内存消耗：247.34kb] [文件加载：42]
[ info ] [ LANG ] D:\www\think\thinkphp\lang\zh-cn.php
[ info ] [ ROUTE ] array (
  'type' => 'module',
  'module' => 
  array (
    0 => 'index',
    1 => 'test',
    2 => NULL,
  ),
)
[ info ] [ HEADER ] array (
  'user-agent' => 'Mozilla/5.0 (Windows NT 10.0; Win64; x64) AppleWebKit/537.36 (KHTML, like Gecko) Chrome/64.0.3282.140 Safari/537.36 Edge/17.17134',
  'accept-language' => 'zh-CN',
  'accept' => 'text/html,application/xhtml+xml,application/xml;q=0.9,*/*;q=0.8',
  'upgrade-insecure-requests' => '1',
  'accept-encoding' => 'gzip, deflate',
  'host' => 'localhost',
  'connection' => 'Keep-Alive',
)
[ info ] [ PARAM ] array (
)
[ info ] [ RUN ] app\index\controller\Test->index[ D:\www\think\application\index\controller\Test.php ]
[ info ] [ VIEW ] D:\www\think\public/../application/index\view\test\index.html [ array (
) ]
[ info ] [ LOG ] INIT File
---------------------------------------------------------------
[ 2019-09-06T17:00:39+08:00 ] 0.0.0.0 GET localhost/think/public/index.php/index/test
[运行时间：0.010422s] [吞吐率：95.95req/s] [内存消耗：247.34kb] [文件加载：42]
[ info ] [ LANG ] D:\www\think\thinkphp\lang\zh-cn.php
[ info ] [ ROUTE ] array (
  'type' => 'module',
  'module' => 
  array (
    0 => 'index',
    1 => 'test',
    2 => NULL,
  ),
)
[ info ] [ HEADER ] array (
  'user-agent' => 'Mozilla/5.0 (Windows NT 10.0; Win64; x64) AppleWebKit/537.36 (KHTML, like Gecko) Chrome/64.0.3282.140 Safari/537.36 Edge/17.17134',
  'accept-language' => 'zh-CN',
  'accept' => 'text/html,application/xhtml+xml,application/xml;q=0.9,*/*;q=0.8',
  'upgrade-insecure-requests' => '1',
  'accept-encoding' => 'gzip, deflate',
  'host' => 'localhost',
  'connection' => 'Keep-Alive',
)
[ info ] [ PARAM ] array (
)
[ info ] [ RUN ] app\index\controller\Test->index[ D:\www\think\application\index\controller\Test.php ]
[ info ] [ VIEW ] D:\www\think\public/../application/index\view\test\index.html [ array (
) ]
[ info ] [ LOG ] INIT File
---------------------------------------------------------------
[ 2019-09-06T17:00:59+08:00 ] 0.0.0.0 GET localhost/think/public/index.php/index/test
[运行时间：0.008959s] [吞吐率：111.62req/s] [内存消耗：241.45kb] [文件加载：40]
[ info ] [ LANG ] D:\www\think\thinkphp\lang\zh-cn.php
[ info ] [ ROUTE ] array (
  'type' => 'module',
  'module' => 
  array (
    0 => 'index',
    1 => 'test',
    2 => NULL,
  ),
)
[ info ] [ HEADER ] array (
  'user-agent' => 'Mozilla/5.0 (Windows NT 10.0; Win64; x64) AppleWebKit/537.36 (KHTML, like Gecko) Chrome/64.0.3282.140 Safari/537.36 Edge/17.17134',
  'accept-language' => 'zh-CN',
  'accept' => 'text/html,application/xhtml+xml,application/xml;q=0.9,*/*;q=0.8',
  'upgrade-insecure-requests' => '1',
  'accept-encoding' => 'gzip, deflate',
  'host' => 'localhost',
  'connection' => 'Keep-Alive',
)
[ info ] [ PARAM ] array (
)
[ info ] [ RUN ] app\index\controller\Test->index[ D:\www\think\application\index\controller\Test.php ]
[ info ] [ VIEW ] D:\www\think\public/../application/index\view\test\index.html [ array (
) ]
[ info ] [ LOG ] INIT File
---------------------------------------------------------------
[ 2019-09-06T17:01:35+08:00 ] 0.0.0.0 GET localhost/think/public/index.php/index/test
[运行时间：0.008737s] [吞吐率：114.45req/s] [内存消耗：247.34kb] [文件加载：42]
[ info ] [ LANG ] D:\www\think\thinkphp\lang\zh-cn.php
[ info ] [ ROUTE ] array (
  'type' => 'module',
  'module' => 
  array (
    0 => 'index',
    1 => 'test',
    2 => NULL,
  ),
)
[ info ] [ HEADER ] array (
  'user-agent' => 'Mozilla/5.0 (Windows NT 10.0; Win64; x64) AppleWebKit/537.36 (KHTML, like Gecko) Chrome/64.0.3282.140 Safari/537.36 Edge/17.17134',
  'accept-language' => 'zh-CN',
  'accept' => 'text/html,application/xhtml+xml,application/xml;q=0.9,*/*;q=0.8',
  'upgrade-insecure-requests' => '1',
  'accept-encoding' => 'gzip, deflate',
  'host' => 'localhost',
  'connection' => 'Keep-Alive',
)
[ info ] [ PARAM ] array (
)
[ info ] [ RUN ] app\index\controller\Test->index[ D:\www\think\application\index\controller\Test.php ]
[ info ] [ VIEW ] D:\www\think\public/../application/index\view\test\index.html [ array (
) ]
[ info ] [ LOG ] INIT File
---------------------------------------------------------------
[ 2019-09-06T17:01:37+08:00 ] 0.0.0.0 GET localhost/think/public/index.php/index/test
[运行时间：0.017419s] [吞吐率：57.41req/s] [内存消耗：241.45kb] [文件加载：40]
[ info ] [ LANG ] D:\www\think\thinkphp\lang\zh-cn.php
[ info ] [ ROUTE ] array (
  'type' => 'module',
  'module' => 
  array (
    0 => 'index',
    1 => 'test',
    2 => NULL,
  ),
)
[ info ] [ HEADER ] array (
  'user-agent' => 'Mozilla/5.0 (Windows NT 10.0; Win64; x64) AppleWebKit/537.36 (KHTML, like Gecko) Chrome/64.0.3282.140 Safari/537.36 Edge/17.17134',
  'accept-language' => 'zh-CN',
  'accept' => 'text/html,application/xhtml+xml,application/xml;q=0.9,*/*;q=0.8',
  'upgrade-insecure-requests' => '1',
  'accept-encoding' => 'gzip, deflate',
  'host' => 'localhost',
  'connection' => 'Keep-Alive',
)
[ info ] [ PARAM ] array (
)
[ info ] [ RUN ] app\index\controller\Test->index[ D:\www\think\application\index\controller\Test.php ]
[ info ] [ VIEW ] D:\www\think\public/../application/index\view\test\index.html [ array (
) ]
[ info ] [ LOG ] INIT File
---------------------------------------------------------------
[ 2019-09-06T17:03:00+08:00 ] 0.0.0.0 GET localhost/think/public/index.php/index/test
[运行时间：0.017168s] [吞吐率：58.25req/s] [内存消耗：247.34kb] [文件加载：42]
[ info ] [ LANG ] D:\www\think\thinkphp\lang\zh-cn.php
[ info ] [ ROUTE ] array (
  'type' => 'module',
  'module' => 
  array (
    0 => 'index',
    1 => 'test',
    2 => NULL,
  ),
)
[ info ] [ HEADER ] array (
  'user-agent' => 'Mozilla/5.0 (Windows NT 10.0; Win64; x64) AppleWebKit/537.36 (KHTML, like Gecko) Chrome/64.0.3282.140 Safari/537.36 Edge/17.17134',
  'accept-language' => 'zh-CN',
  'accept' => 'text/html,application/xhtml+xml,application/xml;q=0.9,*/*;q=0.8',
  'upgrade-insecure-requests' => '1',
  'accept-encoding' => 'gzip, deflate',
  'host' => 'localhost',
  'connection' => 'Keep-Alive',
)
[ info ] [ PARAM ] array (
)
[ info ] [ RUN ] app\index\controller\Test->index[ D:\www\think\application\index\controller\Test.php ]
[ info ] [ VIEW ] D:\www\think\public/../application/index\view\test\index.html [ array (
) ]
[ info ] [ LOG ] INIT File
---------------------------------------------------------------
[ 2019-09-06T17:03:25+08:00 ] 0.0.0.0 GET localhost/think/public/index.php/index/test
[运行时间：0.007820s] [吞吐率：127.88req/s] [内存消耗：247.34kb] [文件加载：42]
[ info ] [ LANG ] D:\www\think\thinkphp\lang\zh-cn.php
[ info ] [ ROUTE ] array (
  'type' => 'module',
  'module' => 
  array (
    0 => 'index',
    1 => 'test',
    2 => NULL,
  ),
)
[ info ] [ HEADER ] array (
  'user-agent' => 'Mozilla/5.0 (Windows NT 10.0; Win64; x64) AppleWebKit/537.36 (KHTML, like Gecko) Chrome/64.0.3282.140 Safari/537.36 Edge/17.17134',
  'accept-language' => 'zh-CN',
  'accept' => 'text/html,application/xhtml+xml,application/xml;q=0.9,*/*;q=0.8',
  'upgrade-insecure-requests' => '1',
  'accept-encoding' => 'gzip, deflate',
  'host' => 'localhost',
  'connection' => 'Keep-Alive',
)
[ info ] [ PARAM ] array (
)
[ info ] [ RUN ] app\index\controller\Test->index[ D:\www\think\application\index\controller\Test.php ]
[ info ] [ VIEW ] D:\www\think\public/../application/index\view\test\index.html [ array (
) ]
[ info ] [ LOG ] INIT File
---------------------------------------------------------------
[ 2019-09-06T17:05:03+08:00 ] 0.0.0.0 GET localhost/think/public/index.php/index/test
[运行时间：0.020110s] [吞吐率：49.73req/s] [内存消耗：247.34kb] [文件加载：42]
[ info ] [ LANG ] D:\www\think\thinkphp\lang\zh-cn.php
[ info ] [ ROUTE ] array (
  'type' => 'module',
  'module' => 
  array (
    0 => 'index',
    1 => 'test',
    2 => NULL,
  ),
)
[ info ] [ HEADER ] array (
  'user-agent' => 'Mozilla/5.0 (Windows NT 10.0; Win64; x64) AppleWebKit/537.36 (KHTML, like Gecko) Chrome/64.0.3282.140 Safari/537.36 Edge/17.17134',
  'accept-language' => 'zh-CN',
  'accept' => 'text/html,application/xhtml+xml,application/xml;q=0.9,*/*;q=0.8',
  'upgrade-insecure-requests' => '1',
  'accept-encoding' => 'gzip, deflate',
  'host' => 'localhost',
  'connection' => 'Keep-Alive',
)
[ info ] [ PARAM ] array (
)
[ info ] [ RUN ] app\index\controller\Test->index[ D:\www\think\application\index\controller\Test.php ]
[ info ] [ VIEW ] D:\www\think\public/../application/index\view\test\index.html [ array (
) ]
[ info ] [ LOG ] INIT File
---------------------------------------------------------------
[ 2019-09-06T17:06:29+08:00 ] 0.0.0.0 GET localhost/think/public/index.php/index/test
[运行时间：0.008708s] [吞吐率：114.84req/s] [内存消耗：247.34kb] [文件加载：42]
[ info ] [ LANG ] D:\www\think\thinkphp\lang\zh-cn.php
[ info ] [ ROUTE ] array (
  'type' => 'module',
  'module' => 
  array (
    0 => 'index',
    1 => 'test',
    2 => NULL,
  ),
)
[ info ] [ HEADER ] array (
  'user-agent' => 'Mozilla/5.0 (Windows NT 10.0; Win64; x64) AppleWebKit/537.36 (KHTML, like Gecko) Chrome/64.0.3282.140 Safari/537.36 Edge/17.17134',
  'accept-language' => 'zh-CN',
  'accept' => 'text/html,application/xhtml+xml,application/xml;q=0.9,*/*;q=0.8',
  'upgrade-insecure-requests' => '1',
  'accept-encoding' => 'gzip, deflate',
  'host' => 'localhost',
  'connection' => 'Keep-Alive',
)
[ info ] [ PARAM ] array (
)
[ info ] [ RUN ] app\index\controller\Test->index[ D:\www\think\application\index\controller\Test.php ]
[ info ] [ VIEW ] D:\www\think\public/../application/index\view\test\index.html [ array (
) ]
[ info ] [ LOG ] INIT File
---------------------------------------------------------------
[ 2019-09-06T17:06:49+08:00 ] 0.0.0.0 GET localhost/think/public/index.php/index/test
[运行时间：0.009623s] [吞吐率：103.92req/s] [内存消耗：247.34kb] [文件加载：42]
[ info ] [ LANG ] D:\www\think\thinkphp\lang\zh-cn.php
[ info ] [ ROUTE ] array (
  'type' => 'module',
  'module' => 
  array (
    0 => 'index',
    1 => 'test',
    2 => NULL,
  ),
)
[ info ] [ HEADER ] array (
  'user-agent' => 'Mozilla/5.0 (Windows NT 10.0; Win64; x64) AppleWebKit/537.36 (KHTML, like Gecko) Chrome/64.0.3282.140 Safari/537.36 Edge/17.17134',
  'accept-language' => 'zh-CN',
  'accept' => 'text/html,application/xhtml+xml,application/xml;q=0.9,*/*;q=0.8',
  'upgrade-insecure-requests' => '1',
  'accept-encoding' => 'gzip, deflate',
  'host' => 'localhost',
  'connection' => 'Keep-Alive',
)
[ info ] [ PARAM ] array (
)
[ info ] [ RUN ] app\index\controller\Test->index[ D:\www\think\application\index\controller\Test.php ]
[ info ] [ VIEW ] D:\www\think\public/../application/index\view\test\index.html [ array (
) ]
[ info ] [ LOG ] INIT File
---------------------------------------------------------------
[ 2019-09-06T17:07:30+08:00 ] 0.0.0.0 GET localhost/think/public/index.php/index/test
[运行时间：0.013252s] [吞吐率：75.46req/s] [内存消耗：247.34kb] [文件加载：42]
[ info ] [ LANG ] D:\www\think\thinkphp\lang\zh-cn.php
[ info ] [ ROUTE ] array (
  'type' => 'module',
  'module' => 
  array (
    0 => 'index',
    1 => 'test',
    2 => NULL,
  ),
)
[ info ] [ HEADER ] array (
  'user-agent' => 'Mozilla/5.0 (Windows NT 10.0; Win64; x64) AppleWebKit/537.36 (KHTML, like Gecko) Chrome/64.0.3282.140 Safari/537.36 Edge/17.17134',
  'accept-language' => 'zh-CN',
  'accept' => 'text/html,application/xhtml+xml,application/xml;q=0.9,*/*;q=0.8',
  'upgrade-insecure-requests' => '1',
  'accept-encoding' => 'gzip, deflate',
  'host' => 'localhost',
  'connection' => 'Keep-Alive',
)
[ info ] [ PARAM ] array (
)
[ info ] [ RUN ] app\index\controller\Test->index[ D:\www\think\application\index\controller\Test.php ]
[ info ] [ VIEW ] D:\www\think\public/../application/index\view\test\index.html [ array (
) ]
[ info ] [ LOG ] INIT File
---------------------------------------------------------------
[ 2019-09-06T17:07:57+08:00 ] 0.0.0.0 GET localhost/think/public/index.php/index/test
[运行时间：0.010340s] [吞吐率：96.71req/s] [内存消耗：247.34kb] [文件加载：42]
[ info ] [ LANG ] D:\www\think\thinkphp\lang\zh-cn.php
[ info ] [ ROUTE ] array (
  'type' => 'module',
  'module' => 
  array (
    0 => 'index',
    1 => 'test',
    2 => NULL,
  ),
)
[ info ] [ HEADER ] array (
  'user-agent' => 'Mozilla/5.0 (Windows NT 10.0; Win64; x64) AppleWebKit/537.36 (KHTML, like Gecko) Chrome/64.0.3282.140 Safari/537.36 Edge/17.17134',
  'accept-language' => 'zh-CN',
  'accept' => 'text/html,application/xhtml+xml,application/xml;q=0.9,*/*;q=0.8',
  'upgrade-insecure-requests' => '1',
  'accept-encoding' => 'gzip, deflate',
  'host' => 'localhost',
  'connection' => 'Keep-Alive',
)
[ info ] [ PARAM ] array (
)
[ info ] [ RUN ] app\index\controller\Test->index[ D:\www\think\application\index\controller\Test.php ]
[ info ] [ VIEW ] D:\www\think\public/../application/index\view\test\index.html [ array (
) ]
[ info ] [ LOG ] INIT File
---------------------------------------------------------------
[ 2019-09-06T17:08:00+08:00 ] 0.0.0.0 GET localhost/think/public/index.php/index/test
[运行时间：0.010020s] [吞吐率：99.80req/s] [内存消耗：241.45kb] [文件加载：40]
[ info ] [ LANG ] D:\www\think\thinkphp\lang\zh-cn.php
[ info ] [ ROUTE ] array (
  'type' => 'module',
  'module' => 
  array (
    0 => 'index',
    1 => 'test',
    2 => NULL,
  ),
)
[ info ] [ HEADER ] array (
  'user-agent' => 'Mozilla/5.0 (Windows NT 10.0; Win64; x64) AppleWebKit/537.36 (KHTML, like Gecko) Chrome/64.0.3282.140 Safari/537.36 Edge/17.17134',
  'accept-language' => 'zh-CN',
  'accept' => 'text/html,application/xhtml+xml,application/xml;q=0.9,*/*;q=0.8',
  'upgrade-insecure-requests' => '1',
  'accept-encoding' => 'gzip, deflate',
  'host' => 'localhost',
  'connection' => 'Keep-Alive',
)
[ info ] [ PARAM ] array (
)
[ info ] [ RUN ] app\index\controller\Test->index[ D:\www\think\application\index\controller\Test.php ]
[ info ] [ VIEW ] D:\www\think\public/../application/index\view\test\index.html [ array (
) ]
[ info ] [ LOG ] INIT File
---------------------------------------------------------------
[ 2019-09-06T17:08:16+08:00 ] 0.0.0.0 GET localhost/think/public/index.php/index/test
[运行时间：0.008680s] [吞吐率：115.21req/s] [内存消耗：247.34kb] [文件加载：42]
[ info ] [ LANG ] D:\www\think\thinkphp\lang\zh-cn.php
[ info ] [ ROUTE ] array (
  'type' => 'module',
  'module' => 
  array (
    0 => 'index',
    1 => 'test',
    2 => NULL,
  ),
)
[ info ] [ HEADER ] array (
  'user-agent' => 'Mozilla/5.0 (Windows NT 10.0; Win64; x64) AppleWebKit/537.36 (KHTML, like Gecko) Chrome/64.0.3282.140 Safari/537.36 Edge/17.17134',
  'accept-language' => 'zh-CN',
  'accept' => 'text/html,application/xhtml+xml,application/xml;q=0.9,*/*;q=0.8',
  'upgrade-insecure-requests' => '1',
  'accept-encoding' => 'gzip, deflate',
  'host' => 'localhost',
  'connection' => 'Keep-Alive',
)
[ info ] [ PARAM ] array (
)
[ info ] [ RUN ] app\index\controller\Test->index[ D:\www\think\application\index\controller\Test.php ]
[ info ] [ VIEW ] D:\www\think\public/../application/index\view\test\index.html [ array (
) ]
[ info ] [ LOG ] INIT File
---------------------------------------------------------------
[ 2019-09-06T17:30:26+08:00 ] 0.0.0.0 GET localhost/think/public/index.php/index/test
[运行时间：0.012192s] [吞吐率：82.02req/s] [内存消耗：247.59kb] [文件加载：42]
[ info ] [ LANG ] D:\www\think\thinkphp\lang\zh-cn.php
[ info ] [ ROUTE ] array (
  'type' => 'module',
  'module' => 
  array (
    0 => 'index',
    1 => 'test',
    2 => NULL,
  ),
)
[ info ] [ HEADER ] array (
  'user-agent' => 'Mozilla/5.0 (Windows NT 10.0; Win64; x64) AppleWebKit/537.36 (KHTML, like Gecko) Chrome/64.0.3282.140 Safari/537.36 Edge/17.17134',
  'accept-language' => 'zh-CN',
  'accept' => 'text/html,application/xhtml+xml,application/xml;q=0.9,*/*;q=0.8',
  'upgrade-insecure-requests' => '1',
  'accept-encoding' => 'gzip, deflate',
  'host' => 'localhost',
  'connection' => 'Keep-Alive',
)
[ info ] [ PARAM ] array (
)
[ info ] [ RUN ] app\index\controller\Test->index[ D:\www\think\application\index\controller\Test.php ]
[ info ] [ VIEW ] D:\www\think\public/../application/index\view\test\index.html [ array (
) ]
[ info ] [ LOG ] INIT File
---------------------------------------------------------------
[ 2019-09-06T17:30:33+08:00 ] 0.0.0.0 GET localhost/think/public/index.php/index/test?name=&password=
[运行时间：0.007094s] [吞吐率：140.97req/s] [内存消耗：242.90kb] [文件加载：40]
[ info ] [ LANG ] D:\www\think\thinkphp\lang\zh-cn.php
[ info ] [ ROUTE ] array (
  'type' => 'module',
  'module' => 
  array (
    0 => 'index',
    1 => 'test',
    2 => NULL,
  ),
)
[ info ] [ HEADER ] array (
  'referer' => 'http://localhost/think/public/index.php/index/test',
  'cache-control' => 'max-age=0',
  'user-agent' => 'Mozilla/5.0 (Windows NT 10.0; Win64; x64) AppleWebKit/537.36 (KHTML, like Gecko) Chrome/64.0.3282.140 Safari/537.36 Edge/17.17134',
  'accept-language' => 'zh-CN',
  'accept' => 'text/html,application/xhtml+xml,application/xml;q=0.9,*/*;q=0.8',
  'upgrade-insecure-requests' => '1',
  'accept-encoding' => 'gzip, deflate',
  'host' => 'localhost',
  'connection' => 'Keep-Alive',
)
[ info ] [ PARAM ] array (
  'name' => '',
  'password' => '',
)
[ info ] [ RUN ] app\index\controller\Test->index[ D:\www\think\application\index\controller\Test.php ]
[ info ] [ VIEW ] D:\www\think\public/../application/index\view\test\index.html [ array (
) ]
[ info ] [ LOG ] INIT File
---------------------------------------------------------------
[ 2019-09-06T17:31:01+08:00 ] 0.0.0.0 GET localhost/think/public/index.php/index/test?name=&password=
[运行时间：0.010472s] [吞吐率：95.49req/s] [内存消耗：242.51kb] [文件加载：40]
[ info ] [ LANG ] D:\www\think\thinkphp\lang\zh-cn.php
[ info ] [ ROUTE ] array (
  'type' => 'module',
  'module' => 
  array (
    0 => 'index',
    1 => 'test',
    2 => NULL,
  ),
)
[ info ] [ HEADER ] array (
  'referer' => 'http://localhost/think/public/index.php/index/test?name=&password=',
  'cache-control' => 'max-age=0',
  'user-agent' => 'Mozilla/5.0 (Windows NT 10.0; Win64; x64) AppleWebKit/537.36 (KHTML, like Gecko) Chrome/64.0.3282.140 Safari/537.36 Edge/17.17134',
  'accept-language' => 'zh-CN',
  'accept' => 'text/html,application/xhtml+xml,application/xml;q=0.9,*/*;q=0.8',
  'upgrade-insecure-requests' => '1',
  'accept-encoding' => 'gzip, deflate',
  'host' => 'localhost',
  'connection' => 'Keep-Alive',
)
[ info ] [ PARAM ] array (
  'name' => '',
  'password' => '',
)
[ info ] [ RUN ] app\index\controller\Test->index[ D:\www\think\application\index\controller\Test.php ]
[ info ] [ VIEW ] D:\www\think\public/../application/index\view\test\index.html [ array (
) ]
[ info ] [ LOG ] INIT File
---------------------------------------------------------------
[ 2019-09-06T17:31:04+08:00 ] 0.0.0.0 GET localhost/think/public/index.php/index/test?name=&password=
[运行时间：0.006819s] [吞吐率：146.65req/s] [内存消耗：242.51kb] [文件加载：40]
[ info ] [ LANG ] D:\www\think\thinkphp\lang\zh-cn.php
[ info ] [ ROUTE ] array (
  'type' => 'module',
  'module' => 
  array (
    0 => 'index',
    1 => 'test',
    2 => NULL,
  ),
)
[ info ] [ HEADER ] array (
  'referer' => 'http://localhost/think/public/index.php/index/test?name=&password=',
  'cache-control' => 'max-age=0',
  'user-agent' => 'Mozilla/5.0 (Windows NT 10.0; Win64; x64) AppleWebKit/537.36 (KHTML, like Gecko) Chrome/64.0.3282.140 Safari/537.36 Edge/17.17134',
  'accept-language' => 'zh-CN',
  'accept' => 'text/html,application/xhtml+xml,application/xml;q=0.9,*/*;q=0.8',
  'upgrade-insecure-requests' => '1',
  'accept-encoding' => 'gzip, deflate',
  'host' => 'localhost',
  'connection' => 'Keep-Alive',
)
[ info ] [ PARAM ] array (
  'name' => '',
  'password' => '',
)
[ info ] [ RUN ] app\index\controller\Test->index[ D:\www\think\application\index\controller\Test.php ]
[ info ] [ VIEW ] D:\www\think\public/../application/index\view\test\index.html [ array (
) ]
[ info ] [ LOG ] INIT File
