---------------------------------------------------------------
[ 2019-09-12T07:55:14+08:00 ] 192.168.0.70 GET 192.168.0.70/think/public/index.php/oyh/login_controller/login.html
[运行时间：0.043007s] [吞吐率：23.25req/s] [内存消耗：240.13kb] [文件加载：39]
[ info ] [ LANG ] D:\www\think\thinkphp\lang\zh-cn.php
[ info ] [ ROUTE ] array (
  'type' => 'module',
  'module' => 
  array (
    0 => 'oyh',
    1 => 'login_controller',
    2 => 'login',
  ),
)
[ info ] [ HEADER ] array (
  'host' => '192.168.0.70',
  'user-agent' => 'Mozilla/5.0 (Windows NT 10.0; Win64; x64; rv:69.0) Gecko/20100101 Firefox/69.0',
  'accept' => 'text/html,application/xhtml+xml,application/xml;q=0.9,*/*;q=0.8',
  'accept-language' => 'zh-CN,zh;q=0.8,zh-TW;q=0.7,zh-HK;q=0.5,en-US;q=0.3,en;q=0.2',
  'accept-encoding' => 'gzip, deflate',
  'connection' => 'keep-alive',
  'upgrade-insecure-requests' => '1',
)
[ info ] [ PARAM ] array (
)
[ info ] [ RUN ] app\oyh\controller\LoginController->login[ D:\www\think\application\oyh\controller\LoginController.php ]
[ info ] [ LOG ] INIT File
---------------------------------------------------------------
[ 2019-09-12T07:55:44+08:00 ] 192.168.0.70 GET 192.168.0.70/think/public/index.php/oyh/login_controller/login.html
[运行时间：0.008446s] [吞吐率：118.40req/s] [内存消耗：240.13kb] [文件加载：39]
[ info ] [ LANG ] D:\www\think\thinkphp\lang\zh-cn.php
[ info ] [ ROUTE ] array (
  'type' => 'module',
  'module' => 
  array (
    0 => 'oyh',
    1 => 'login_controller',
    2 => 'login',
  ),
)
[ info ] [ HEADER ] array (
  'host' => '192.168.0.70',
  'user-agent' => 'Mozilla/5.0 (Windows NT 10.0; Win64; x64; rv:69.0) Gecko/20100101 Firefox/69.0',
  'accept' => 'text/html,application/xhtml+xml,application/xml;q=0.9,*/*;q=0.8',
  'accept-language' => 'zh-CN,zh;q=0.8,zh-TW;q=0.7,zh-HK;q=0.5,en-US;q=0.3,en;q=0.2',
  'accept-encoding' => 'gzip, deflate',
  'connection' => 'keep-alive',
  'upgrade-insecure-requests' => '1',
)
[ info ] [ PARAM ] array (
)
[ info ] [ RUN ] app\oyh\controller\LoginController->login[ D:\www\think\application\oyh\controller\LoginController.php ]
[ info ] [ LOG ] INIT File
---------------------------------------------------------------
[ 2019-09-12T07:55:52+08:00 ] 192.168.0.70 GET 192.168.0.70/think/public/index.php/oyh/login_controller/login.html
[运行时间：0.007232s] [吞吐率：138.28req/s] [内存消耗：240.13kb] [文件加载：39]
[ info ] [ LANG ] D:\www\think\thinkphp\lang\zh-cn.php
[ info ] [ ROUTE ] array (
  'type' => 'module',
  'module' => 
  array (
    0 => 'oyh',
    1 => 'login_controller',
    2 => 'login',
  ),
)
[ info ] [ HEADER ] array (
  'host' => '192.168.0.70',
  'user-agent' => 'Mozilla/5.0 (Windows NT 10.0; Win64; x64; rv:69.0) Gecko/20100101 Firefox/69.0',
  'accept' => 'text/html,application/xhtml+xml,application/xml;q=0.9,*/*;q=0.8',
  'accept-language' => 'zh-CN,zh;q=0.8,zh-TW;q=0.7,zh-HK;q=0.5,en-US;q=0.3,en;q=0.2',
  'accept-encoding' => 'gzip, deflate',
  'connection' => 'keep-alive',
  'upgrade-insecure-requests' => '1',
)
[ info ] [ PARAM ] array (
)
[ info ] [ RUN ] app\oyh\controller\LoginController->login[ D:\www\think\application\oyh\controller\LoginController.php ]
[ info ] [ LOG ] INIT File
---------------------------------------------------------------
[ 2019-09-12T07:56:04+08:00 ] 192.168.0.70 GET 192.168.0.70/think/public/index.php/oyh/login_controller/login.html
[运行时间：0.008284s] [吞吐率：120.72req/s] [内存消耗：240.13kb] [文件加载：39]
[ info ] [ LANG ] D:\www\think\thinkphp\lang\zh-cn.php
[ info ] [ ROUTE ] array (
  'type' => 'module',
  'module' => 
  array (
    0 => 'oyh',
    1 => 'login_controller',
    2 => 'login',
  ),
)
[ info ] [ HEADER ] array (
  'host' => '192.168.0.70',
  'user-agent' => 'Mozilla/5.0 (Windows NT 10.0; Win64; x64; rv:69.0) Gecko/20100101 Firefox/69.0',
  'accept' => 'text/html,application/xhtml+xml,application/xml;q=0.9,*/*;q=0.8',
  'accept-language' => 'zh-CN,zh;q=0.8,zh-TW;q=0.7,zh-HK;q=0.5,en-US;q=0.3,en;q=0.2',
  'accept-encoding' => 'gzip, deflate',
  'connection' => 'keep-alive',
  'upgrade-insecure-requests' => '1',
)
[ info ] [ PARAM ] array (
)
[ info ] [ RUN ] app\oyh\controller\LoginController->login[ D:\www\think\application\oyh\controller\LoginController.php ]
[ info ] [ LOG ] INIT File
---------------------------------------------------------------
[ 2019-09-12T07:56:48+08:00 ] 192.168.0.70 GET 192.168.0.70/think/public/index.php/oyh/login_controller/login.html
[运行时间：0.007624s] [吞吐率：131.16req/s] [内存消耗：240.13kb] [文件加载：39]
[ info ] [ LANG ] D:\www\think\thinkphp\lang\zh-cn.php
[ info ] [ ROUTE ] array (
  'type' => 'module',
  'module' => 
  array (
    0 => 'oyh',
    1 => 'login_controller',
    2 => 'login',
  ),
)
[ info ] [ HEADER ] array (
  'host' => '192.168.0.70',
  'user-agent' => 'Mozilla/5.0 (Windows NT 10.0; Win64; x64; rv:69.0) Gecko/20100101 Firefox/69.0',
  'accept' => 'text/html,application/xhtml+xml,application/xml;q=0.9,*/*;q=0.8',
  'accept-language' => 'zh-CN,zh;q=0.8,zh-TW;q=0.7,zh-HK;q=0.5,en-US;q=0.3,en;q=0.2',
  'accept-encoding' => 'gzip, deflate',
  'connection' => 'keep-alive',
  'upgrade-insecure-requests' => '1',
)
[ info ] [ PARAM ] array (
)
[ info ] [ RUN ] app\oyh\controller\LoginController->login[ D:\www\think\application\oyh\controller\LoginController.php ]
[ info ] [ LOG ] INIT File
---------------------------------------------------------------
[ 2019-09-12T07:57:04+08:00 ] 192.168.0.70 GET 192.168.0.70/think/public/index.php/oyh/login_controller
[运行时间：0.016892s] [吞吐率：59.20req/s] [内存消耗：252.47kb] [文件加载：43]
[ info ] [ LANG ] D:\www\think\thinkphp\lang\zh-cn.php
[ info ] [ ROUTE ] array (
  'type' => 'module',
  'module' => 
  array (
    0 => 'oyh',
    1 => 'login_controller',
    2 => NULL,
  ),
)
[ info ] [ HEADER ] array (
  'host' => '192.168.0.70',
  'user-agent' => 'Mozilla/5.0 (Windows NT 10.0; Win64; x64; rv:69.0) Gecko/20100101 Firefox/69.0',
  'accept' => 'text/html,application/xhtml+xml,application/xml;q=0.9,*/*;q=0.8',
  'accept-language' => 'zh-CN,zh;q=0.8,zh-TW;q=0.7,zh-HK;q=0.5,en-US;q=0.3,en;q=0.2',
  'accept-encoding' => 'gzip, deflate',
  'connection' => 'keep-alive',
  'upgrade-insecure-requests' => '1',
)
[ info ] [ PARAM ] array (
)
[ info ] [ RUN ] app\oyh\controller\LoginController->index[ D:\www\think\application\oyh\controller\LoginController.php ]
[ info ] [ VIEW ] D:\www\think\public/../application/oyh\view\login_controller\index.html [ array (
) ]
[ info ] [ LOG ] INIT File
---------------------------------------------------------------
[ 2019-09-12T07:57:30+08:00 ] 192.168.0.70 GET 192.168.0.70/think/public/index.php/oyh/login_controller
[运行时间：0.010858s] [吞吐率：92.10req/s] [内存消耗：252.47kb] [文件加载：43]
[ info ] [ LANG ] D:\www\think\thinkphp\lang\zh-cn.php
[ info ] [ ROUTE ] array (
  'type' => 'module',
  'module' => 
  array (
    0 => 'oyh',
    1 => 'login_controller',
    2 => NULL,
  ),
)
[ info ] [ HEADER ] array (
  'host' => '192.168.0.70',
  'user-agent' => 'Mozilla/5.0 (Windows NT 10.0; Win64; x64; rv:69.0) Gecko/20100101 Firefox/69.0',
  'accept' => 'text/html,application/xhtml+xml,application/xml;q=0.9,*/*;q=0.8',
  'accept-language' => 'zh-CN,zh;q=0.8,zh-TW;q=0.7,zh-HK;q=0.5,en-US;q=0.3,en;q=0.2',
  'accept-encoding' => 'gzip, deflate',
  'connection' => 'keep-alive',
  'upgrade-insecure-requests' => '1',
)
[ info ] [ PARAM ] array (
)
[ info ] [ RUN ] app\oyh\controller\LoginController->index[ D:\www\think\application\oyh\controller\LoginController.php ]
[ info ] [ VIEW ] D:\www\think\public/../application/oyh\view\login_controller\index.html [ array (
) ]
[ info ] [ LOG ] INIT File
---------------------------------------------------------------
[ 2019-09-12T07:57:42+08:00 ] 192.168.0.70 POST 192.168.0.70/think/public/index.php/oyh/login_controller/login.html
[运行时间：0.006190s] [吞吐率：161.55req/s] [内存消耗：240.49kb] [文件加载：39]
[ info ] [ LANG ] D:\www\think\thinkphp\lang\zh-cn.php
[ info ] [ ROUTE ] array (
  'type' => 'module',
  'module' => 
  array (
    0 => 'oyh',
    1 => 'login_controller',
    2 => 'login',
  ),
)
[ info ] [ HEADER ] array (
  'host' => '192.168.0.70',
  'user-agent' => 'Mozilla/5.0 (Windows NT 10.0; Win64; x64; rv:69.0) Gecko/20100101 Firefox/69.0',
  'accept' => 'text/html,application/xhtml+xml,application/xml;q=0.9,*/*;q=0.8',
  'accept-language' => 'zh-CN,zh;q=0.8,zh-TW;q=0.7,zh-HK;q=0.5,en-US;q=0.3,en;q=0.2',
  'accept-encoding' => 'gzip, deflate',
  'content-type' => 'application/x-www-form-urlencoded',
  'content-length' => '19',
  'connection' => 'keep-alive',
  'referer' => 'http://192.168.0.70/think/public/index.php/oyh/login_controller',
  'upgrade-insecure-requests' => '1',
)
[ info ] [ PARAM ] array (
  'username' => '',
  'password' => '',
)
[ info ] [ RUN ] app\oyh\controller\LoginController->login[ D:\www\think\application\oyh\controller\LoginController.php ]
[ info ] [ LOG ] INIT File
---------------------------------------------------------------
[ 2019-09-12T08:00:19+08:00 ] 192.168.0.70 GET 192.168.0.70/think/public/index.php/oyh/login_controller/
[运行时间：0.013124s] [吞吐率：76.20req/s] [内存消耗：252.47kb] [文件加载：43]
[ info ] [ LANG ] D:\www\think\thinkphp\lang\zh-cn.php
[ info ] [ ROUTE ] array (
  'type' => 'module',
  'module' => 
  array (
    0 => 'oyh',
    1 => 'login_controller',
    2 => NULL,
  ),
)
[ info ] [ HEADER ] array (
  'host' => '192.168.0.70',
  'user-agent' => 'Mozilla/5.0 (Windows NT 10.0; Win64; x64; rv:69.0) Gecko/20100101 Firefox/69.0',
  'accept' => 'text/html,application/xhtml+xml,application/xml;q=0.9,*/*;q=0.8',
  'accept-language' => 'zh-CN,zh;q=0.8,zh-TW;q=0.7,zh-HK;q=0.5,en-US;q=0.3,en;q=0.2',
  'accept-encoding' => 'gzip, deflate',
  'connection' => 'keep-alive',
  'upgrade-insecure-requests' => '1',
)
[ info ] [ PARAM ] array (
)
[ info ] [ RUN ] app\oyh\controller\LoginController->index[ D:\www\think\application\oyh\controller\LoginController.php ]
[ info ] [ VIEW ] D:\www\think\public/../application/oyh\view\login_controller\index.html [ array (
) ]
[ info ] [ LOG ] INIT File
---------------------------------------------------------------
[ 2019-09-12T08:04:32+08:00 ] 192.168.0.70 GET 192.168.0.70/think/public/index.php/oyh/login_controller/
[运行时间：0.011850s] [吞吐率：84.39req/s] [内存消耗：252.47kb] [文件加载：43]
[ info ] [ LANG ] D:\www\think\thinkphp\lang\zh-cn.php
[ info ] [ ROUTE ] array (
  'type' => 'module',
  'module' => 
  array (
    0 => 'oyh',
    1 => 'login_controller',
    2 => NULL,
  ),
)
[ info ] [ HEADER ] array (
  'host' => '192.168.0.70',
  'user-agent' => 'Mozilla/5.0 (Windows NT 10.0; Win64; x64; rv:69.0) Gecko/20100101 Firefox/69.0',
  'accept' => 'text/html,application/xhtml+xml,application/xml;q=0.9,*/*;q=0.8',
  'accept-language' => 'zh-CN,zh;q=0.8,zh-TW;q=0.7,zh-HK;q=0.5,en-US;q=0.3,en;q=0.2',
  'accept-encoding' => 'gzip, deflate',
  'connection' => 'keep-alive',
  'upgrade-insecure-requests' => '1',
)
[ info ] [ PARAM ] array (
)
[ info ] [ RUN ] app\oyh\controller\LoginController->index[ D:\www\think\application\oyh\controller\LoginController.php ]
[ info ] [ VIEW ] D:\www\think\public/../application/oyh\view\login_controller\index.html [ array (
) ]
[ info ] [ LOG ] INIT File
---------------------------------------------------------------
[ 2019-09-12T08:05:05+08:00 ] 192.168.0.70 GET 192.168.0.70/think/public/index.php/oyh/login_controller/
[运行时间：0.008215s] [吞吐率：121.73req/s] [内存消耗：252.47kb] [文件加载：43]
[ info ] [ LANG ] D:\www\think\thinkphp\lang\zh-cn.php
[ info ] [ ROUTE ] array (
  'type' => 'module',
  'module' => 
  array (
    0 => 'oyh',
    1 => 'login_controller',
    2 => NULL,
  ),
)
[ info ] [ HEADER ] array (
  'host' => '192.168.0.70',
  'user-agent' => 'Mozilla/5.0 (Windows NT 10.0; Win64; x64; rv:69.0) Gecko/20100101 Firefox/69.0',
  'accept' => 'text/html,application/xhtml+xml,application/xml;q=0.9,*/*;q=0.8',
  'accept-language' => 'zh-CN,zh;q=0.8,zh-TW;q=0.7,zh-HK;q=0.5,en-US;q=0.3,en;q=0.2',
  'accept-encoding' => 'gzip, deflate',
  'connection' => 'keep-alive',
  'upgrade-insecure-requests' => '1',
)
[ info ] [ PARAM ] array (
)
[ info ] [ RUN ] app\oyh\controller\LoginController->index[ D:\www\think\application\oyh\controller\LoginController.php ]
[ info ] [ VIEW ] D:\www\think\public/../application/oyh\view\login_controller\index.html [ array (
) ]
[ info ] [ LOG ] INIT File
---------------------------------------------------------------
[ 2019-09-12T08:05:10+08:00 ] 192.168.0.70 GET 192.168.0.70/think/public/index.php/oyh/login_controller/
[运行时间：0.011482s] [吞吐率：87.09req/s] [内存消耗：242.33kb] [文件加载：41]
[ info ] [ LANG ] D:\www\think\thinkphp\lang\zh-cn.php
[ info ] [ ROUTE ] array (
  'type' => 'module',
  'module' => 
  array (
    0 => 'oyh',
    1 => 'login_controller',
    2 => NULL,
  ),
)
[ info ] [ HEADER ] array (
  'host' => '192.168.0.70',
  'user-agent' => 'Mozilla/5.0 (Windows NT 10.0; Win64; x64; rv:69.0) Gecko/20100101 Firefox/69.0',
  'accept' => 'text/html,application/xhtml+xml,application/xml;q=0.9,*/*;q=0.8',
  'accept-language' => 'zh-CN,zh;q=0.8,zh-TW;q=0.7,zh-HK;q=0.5,en-US;q=0.3,en;q=0.2',
  'accept-encoding' => 'gzip, deflate',
  'connection' => 'keep-alive',
  'upgrade-insecure-requests' => '1',
)
[ info ] [ PARAM ] array (
)
[ info ] [ RUN ] app\oyh\controller\LoginController->index[ D:\www\think\application\oyh\controller\LoginController.php ]
[ info ] [ VIEW ] D:\www\think\public/../application/oyh\view\login_controller\index.html [ array (
) ]
[ info ] [ LOG ] INIT File
