---------------------------------------------------------------
[ 2019-09-24T14:45:55+08:00 ] 192.168.0.70 GET 192.168.0.70/think/public/index.php/oyh/test
[运行时间：0.067960s] [吞吐率：14.71req/s] [内存消耗：248.65kb] [文件加载：42]
[ info ] [ LANG ] D:\www\think\thinkphp\lang\zh-cn.php
[ info ] [ ROUTE ] array (
  'type' => 'module',
  'module' => 
  array (
    0 => 'oyh',
    1 => 'test',
    2 => NULL,
  ),
)
[ info ] [ HEADER ] array (
  'host' => '192.168.0.70',
  'user-agent' => 'Mozilla/5.0 (Windows NT 10.0; Win64; x64; rv:69.0) Gecko/20100101 Firefox/69.0',
  'accept' => 'text/html,application/xhtml+xml,application/xml;q=0.9,*/*;q=0.8',
  'accept-language' => 'zh-CN,zh;q=0.8,zh-TW;q=0.7,zh-HK;q=0.5,en-US;q=0.3,en;q=0.2',
  'accept-encoding' => 'gzip, deflate',
  'connection' => 'keep-alive',
  'upgrade-insecure-requests' => '1',
)
[ info ] [ PARAM ] array (
)
[ info ] [ RUN ] app\oyh\controller\Test->index[ D:\www\think\application\oyh\controller\Test.php ]
[ info ] [ VIEW ] D:\www\think\public/../application/oyh\view\test\index.html [ array (
) ]
[ info ] [ LOG ] INIT File
---------------------------------------------------------------
[ 2019-09-24T14:46:02+08:00 ] 192.168.0.70 GET 192.168.0.70/think/public/index.php/oyh/test
[运行时间：0.016822s] [吞吐率：59.45req/s] [内存消耗：241.52kb] [文件加载：40]
[ info ] [ LANG ] D:\www\think\thinkphp\lang\zh-cn.php
[ info ] [ ROUTE ] array (
  'type' => 'module',
  'module' => 
  array (
    0 => 'oyh',
    1 => 'test',
    2 => NULL,
  ),
)
[ info ] [ HEADER ] array (
  'host' => '192.168.0.70',
  'user-agent' => 'Mozilla/5.0 (Windows NT 10.0; Win64; x64; rv:69.0) Gecko/20100101 Firefox/69.0',
  'accept' => 'text/html,application/xhtml+xml,application/xml;q=0.9,*/*;q=0.8',
  'accept-language' => 'zh-CN,zh;q=0.8,zh-TW;q=0.7,zh-HK;q=0.5,en-US;q=0.3,en;q=0.2',
  'accept-encoding' => 'gzip, deflate',
  'connection' => 'keep-alive',
  'upgrade-insecure-requests' => '1',
)
[ info ] [ PARAM ] array (
)
[ info ] [ RUN ] app\oyh\controller\Test->index[ D:\www\think\application\oyh\controller\Test.php ]
[ info ] [ VIEW ] D:\www\think\public/../application/oyh\view\test\index.html [ array (
) ]
[ info ] [ LOG ] INIT File
---------------------------------------------------------------
[ 2019-09-24T14:46:31+08:00 ] 192.168.0.70 GET 192.168.0.70/think/public/index.php/oyh/test
[运行时间：0.011248s] [吞吐率：88.90req/s] [内存消耗：248.66kb] [文件加载：42]
[ info ] [ LANG ] D:\www\think\thinkphp\lang\zh-cn.php
[ info ] [ ROUTE ] array (
  'type' => 'module',
  'module' => 
  array (
    0 => 'oyh',
    1 => 'test',
    2 => NULL,
  ),
)
[ info ] [ HEADER ] array (
  'host' => '192.168.0.70',
  'user-agent' => 'Mozilla/5.0 (Windows NT 10.0; Win64; x64; rv:69.0) Gecko/20100101 Firefox/69.0',
  'accept' => 'text/html,application/xhtml+xml,application/xml;q=0.9,*/*;q=0.8',
  'accept-language' => 'zh-CN,zh;q=0.8,zh-TW;q=0.7,zh-HK;q=0.5,en-US;q=0.3,en;q=0.2',
  'accept-encoding' => 'gzip, deflate',
  'connection' => 'keep-alive',
  'upgrade-insecure-requests' => '1',
)
[ info ] [ PARAM ] array (
)
[ info ] [ RUN ] app\oyh\controller\Test->index[ D:\www\think\application\oyh\controller\Test.php ]
[ info ] [ VIEW ] D:\www\think\public/../application/oyh\view\test\index.html [ array (
) ]
[ info ] [ LOG ] INIT File
---------------------------------------------------------------
[ 2019-09-24T14:47:32+08:00 ] 192.168.0.70 GET 192.168.0.70/think/public/index.php/oyh/test
[运行时间：0.016255s] [吞吐率：61.52req/s] [内存消耗：241.52kb] [文件加载：40]
[ info ] [ LANG ] D:\www\think\thinkphp\lang\zh-cn.php
[ info ] [ ROUTE ] array (
  'type' => 'module',
  'module' => 
  array (
    0 => 'oyh',
    1 => 'test',
    2 => NULL,
  ),
)
[ info ] [ HEADER ] array (
  'host' => '192.168.0.70',
  'user-agent' => 'Mozilla/5.0 (Windows NT 10.0; Win64; x64; rv:69.0) Gecko/20100101 Firefox/69.0',
  'accept' => 'text/html,application/xhtml+xml,application/xml;q=0.9,*/*;q=0.8',
  'accept-language' => 'zh-CN,zh;q=0.8,zh-TW;q=0.7,zh-HK;q=0.5,en-US;q=0.3,en;q=0.2',
  'accept-encoding' => 'gzip, deflate',
  'connection' => 'keep-alive',
  'upgrade-insecure-requests' => '1',
)
[ info ] [ PARAM ] array (
)
[ info ] [ RUN ] app\oyh\controller\Test->index[ D:\www\think\application\oyh\controller\Test.php ]
[ info ] [ VIEW ] D:\www\think\public/../application/oyh\view\test\index.html [ array (
) ]
[ info ] [ LOG ] INIT File
---------------------------------------------------------------
[ 2019-09-24T15:14:11+08:00 ] 192.168.0.70 GET 192.168.0.70/think/public/index.php/oyh/test
[运行时间：0.012767s] [吞吐率：78.33req/s] [内存消耗：241.11kb] [文件加载：40]
[ info ] [ LANG ] D:\www\think\thinkphp\lang\zh-cn.php
[ info ] [ ROUTE ] array (
  'type' => 'module',
  'module' => 
  array (
    0 => 'oyh',
    1 => 'test',
    2 => NULL,
  ),
)
[ info ] [ HEADER ] array (
  'host' => '192.168.0.70',
  'user-agent' => 'Mozilla/5.0 (Windows NT 10.0; Win64; x64; rv:69.0) Gecko/20100101 Firefox/69.0',
  'accept' => 'text/html,application/xhtml+xml,application/xml;q=0.9,*/*;q=0.8',
  'accept-language' => 'zh-CN,zh;q=0.8,zh-TW;q=0.7,zh-HK;q=0.5,en-US;q=0.3,en;q=0.2',
  'accept-encoding' => 'gzip, deflate',
  'connection' => 'keep-alive',
  'upgrade-insecure-requests' => '1',
)
[ info ] [ PARAM ] array (
)
[ info ] [ RUN ] app\oyh\controller\Test->index[ D:\www\think\application\oyh\controller\Test.php ]
[ info ] [ VIEW ] D:\www\think\public/../application/oyh\view\test\index.html [ array (
) ]
[ info ] [ LOG ] INIT File
---------------------------------------------------------------
[ 2019-09-24T15:15:15+08:00 ] 192.168.0.70 GET 192.168.0.70/think/public/index.php/oyh/test
[运行时间：0.009722s] [吞吐率：102.86req/s] [内存消耗：248.66kb] [文件加载：42]
[ info ] [ LANG ] D:\www\think\thinkphp\lang\zh-cn.php
[ info ] [ ROUTE ] array (
  'type' => 'module',
  'module' => 
  array (
    0 => 'oyh',
    1 => 'test',
    2 => NULL,
  ),
)
[ info ] [ HEADER ] array (
  'host' => '192.168.0.70',
  'user-agent' => 'Mozilla/5.0 (Windows NT 10.0; Win64; x64; rv:69.0) Gecko/20100101 Firefox/69.0',
  'accept' => 'text/html,application/xhtml+xml,application/xml;q=0.9,*/*;q=0.8',
  'accept-language' => 'zh-CN,zh;q=0.8,zh-TW;q=0.7,zh-HK;q=0.5,en-US;q=0.3,en;q=0.2',
  'accept-encoding' => 'gzip, deflate',
  'connection' => 'keep-alive',
  'upgrade-insecure-requests' => '1',
)
[ info ] [ PARAM ] array (
)
[ info ] [ RUN ] app\oyh\controller\Test->index[ D:\www\think\application\oyh\controller\Test.php ]
[ info ] [ VIEW ] D:\www\think\public/../application/oyh\view\test\index.html [ array (
) ]
[ info ] [ LOG ] INIT File
---------------------------------------------------------------
[ 2019-09-24T15:16:32+08:00 ] 192.168.0.70 GET 192.168.0.70/think/public/index.php/oyh/test
[运行时间：0.011797s] [吞吐率：84.77req/s] [内存消耗：248.66kb] [文件加载：42]
[ info ] [ LANG ] D:\www\think\thinkphp\lang\zh-cn.php
[ info ] [ ROUTE ] array (
  'type' => 'module',
  'module' => 
  array (
    0 => 'oyh',
    1 => 'test',
    2 => NULL,
  ),
)
[ info ] [ HEADER ] array (
  'host' => '192.168.0.70',
  'user-agent' => 'Mozilla/5.0 (Windows NT 10.0; Win64; x64; rv:69.0) Gecko/20100101 Firefox/69.0',
  'accept' => 'text/html,application/xhtml+xml,application/xml;q=0.9,*/*;q=0.8',
  'accept-language' => 'zh-CN,zh;q=0.8,zh-TW;q=0.7,zh-HK;q=0.5,en-US;q=0.3,en;q=0.2',
  'accept-encoding' => 'gzip, deflate',
  'connection' => 'keep-alive',
  'upgrade-insecure-requests' => '1',
)
[ info ] [ PARAM ] array (
)
[ info ] [ RUN ] app\oyh\controller\Test->index[ D:\www\think\application\oyh\controller\Test.php ]
[ info ] [ VIEW ] D:\www\think\public/../application/oyh\view\test\index.html [ array (
) ]
[ info ] [ LOG ] INIT File
---------------------------------------------------------------
[ 2019-09-24T15:17:40+08:00 ] 192.168.0.70 GET 192.168.0.70/think/public/index.php/oyh/test
[运行时间：0.010271s] [吞吐率：97.36req/s] [内存消耗：248.66kb] [文件加载：42]
[ info ] [ LANG ] D:\www\think\thinkphp\lang\zh-cn.php
[ info ] [ ROUTE ] array (
  'type' => 'module',
  'module' => 
  array (
    0 => 'oyh',
    1 => 'test',
    2 => NULL,
  ),
)
[ info ] [ HEADER ] array (
  'host' => '192.168.0.70',
  'user-agent' => 'Mozilla/5.0 (Windows NT 10.0; Win64; x64; rv:69.0) Gecko/20100101 Firefox/69.0',
  'accept' => 'text/html,application/xhtml+xml,application/xml;q=0.9,*/*;q=0.8',
  'accept-language' => 'zh-CN,zh;q=0.8,zh-TW;q=0.7,zh-HK;q=0.5,en-US;q=0.3,en;q=0.2',
  'accept-encoding' => 'gzip, deflate',
  'connection' => 'keep-alive',
  'upgrade-insecure-requests' => '1',
)
[ info ] [ PARAM ] array (
)
[ info ] [ RUN ] app\oyh\controller\Test->index[ D:\www\think\application\oyh\controller\Test.php ]
[ info ] [ VIEW ] D:\www\think\public/../application/oyh\view\test\index.html [ array (
) ]
[ info ] [ LOG ] INIT File
---------------------------------------------------------------
[ 2019-09-24T15:25:52+08:00 ] 192.168.0.70 GET 192.168.0.70/think/public/index.php/oyh/test
[运行时间：0.014756s] [吞吐率：67.77req/s] [内存消耗：248.66kb] [文件加载：42]
[ info ] [ LANG ] D:\www\think\thinkphp\lang\zh-cn.php
[ info ] [ ROUTE ] array (
  'type' => 'module',
  'module' => 
  array (
    0 => 'oyh',
    1 => 'test',
    2 => NULL,
  ),
)
[ info ] [ HEADER ] array (
  'host' => '192.168.0.70',
  'user-agent' => 'Mozilla/5.0 (Windows NT 10.0; Win64; x64; rv:69.0) Gecko/20100101 Firefox/69.0',
  'accept' => 'text/html,application/xhtml+xml,application/xml;q=0.9,*/*;q=0.8',
  'accept-language' => 'zh-CN,zh;q=0.8,zh-TW;q=0.7,zh-HK;q=0.5,en-US;q=0.3,en;q=0.2',
  'accept-encoding' => 'gzip, deflate',
  'connection' => 'keep-alive',
  'upgrade-insecure-requests' => '1',
)
[ info ] [ PARAM ] array (
)
[ info ] [ RUN ] app\oyh\controller\Test->index[ D:\www\think\application\oyh\controller\Test.php ]
[ info ] [ VIEW ] D:\www\think\public/../application/oyh\view\test\index.html [ array (
) ]
[ info ] [ LOG ] INIT File
---------------------------------------------------------------
[ 2019-09-24T15:25:54+08:00 ] 192.168.0.70 GET 192.168.0.70/think/public/index.php/oyh/test
[运行时间：0.006423s] [吞吐率：155.69req/s] [内存消耗：241.52kb] [文件加载：40]
[ info ] [ LANG ] D:\www\think\thinkphp\lang\zh-cn.php
[ info ] [ ROUTE ] array (
  'type' => 'module',
  'module' => 
  array (
    0 => 'oyh',
    1 => 'test',
    2 => NULL,
  ),
)
[ info ] [ HEADER ] array (
  'host' => '192.168.0.70',
  'user-agent' => 'Mozilla/5.0 (Windows NT 10.0; Win64; x64; rv:69.0) Gecko/20100101 Firefox/69.0',
  'accept' => 'text/html,application/xhtml+xml,application/xml;q=0.9,*/*;q=0.8',
  'accept-language' => 'zh-CN,zh;q=0.8,zh-TW;q=0.7,zh-HK;q=0.5,en-US;q=0.3,en;q=0.2',
  'accept-encoding' => 'gzip, deflate',
  'connection' => 'keep-alive',
  'upgrade-insecure-requests' => '1',
)
[ info ] [ PARAM ] array (
)
[ info ] [ RUN ] app\oyh\controller\Test->index[ D:\www\think\application\oyh\controller\Test.php ]
[ info ] [ VIEW ] D:\www\think\public/../application/oyh\view\test\index.html [ array (
) ]
[ info ] [ LOG ] INIT File
---------------------------------------------------------------
[ 2019-09-24T15:26:43+08:00 ] 192.168.0.70 GET 192.168.0.70/think/public/index.php/oyh/test
[运行时间：0.007911s] [吞吐率：126.40req/s] [内存消耗：248.66kb] [文件加载：42]
[ info ] [ LANG ] D:\www\think\thinkphp\lang\zh-cn.php
[ info ] [ ROUTE ] array (
  'type' => 'module',
  'module' => 
  array (
    0 => 'oyh',
    1 => 'test',
    2 => NULL,
  ),
)
[ info ] [ HEADER ] array (
  'host' => '192.168.0.70',
  'user-agent' => 'Mozilla/5.0 (Windows NT 10.0; Win64; x64; rv:69.0) Gecko/20100101 Firefox/69.0',
  'accept' => 'text/html,application/xhtml+xml,application/xml;q=0.9,*/*;q=0.8',
  'accept-language' => 'zh-CN,zh;q=0.8,zh-TW;q=0.7,zh-HK;q=0.5,en-US;q=0.3,en;q=0.2',
  'accept-encoding' => 'gzip, deflate',
  'connection' => 'keep-alive',
  'upgrade-insecure-requests' => '1',
)
[ info ] [ PARAM ] array (
)
[ info ] [ RUN ] app\oyh\controller\Test->index[ D:\www\think\application\oyh\controller\Test.php ]
[ info ] [ VIEW ] D:\www\think\public/../application/oyh\view\test\index.html [ array (
) ]
[ info ] [ LOG ] INIT File
---------------------------------------------------------------
[ 2019-09-24T15:29:22+08:00 ] 192.168.0.70 GET 192.168.0.70/think/public/index.php/oyh/test
[运行时间：0.010406s] [吞吐率：96.10req/s] [内存消耗：249.16kb] [文件加载：42]
[ info ] [ LANG ] D:\www\think\thinkphp\lang\zh-cn.php
[ info ] [ ROUTE ] array (
  'type' => 'module',
  'module' => 
  array (
    0 => 'oyh',
    1 => 'test',
    2 => NULL,
  ),
)
[ info ] [ HEADER ] array (
  'host' => '192.168.0.70',
  'user-agent' => 'Mozilla/5.0 (Windows NT 10.0; Win64; x64; rv:69.0) Gecko/20100101 Firefox/69.0',
  'accept' => 'text/html,application/xhtml+xml,application/xml;q=0.9,*/*;q=0.8',
  'accept-language' => 'zh-CN,zh;q=0.8,zh-TW;q=0.7,zh-HK;q=0.5,en-US;q=0.3,en;q=0.2',
  'accept-encoding' => 'gzip, deflate',
  'connection' => 'keep-alive',
  'upgrade-insecure-requests' => '1',
)
[ info ] [ PARAM ] array (
)
[ info ] [ RUN ] app\oyh\controller\Test->index[ D:\www\think\application\oyh\controller\Test.php ]
[ info ] [ VIEW ] D:\www\think\public/../application/oyh\view\test\index.html [ array (
) ]
[ info ] [ LOG ] INIT File
---------------------------------------------------------------
[ 2019-09-24T15:29:25+08:00 ] 192.168.0.70 GET 192.168.0.70/think/public/index.php/oyh/test
[运行时间：0.007285s] [吞吐率：137.27req/s] [内存消耗：241.52kb] [文件加载：40]
[ info ] [ LANG ] D:\www\think\thinkphp\lang\zh-cn.php
[ info ] [ ROUTE ] array (
  'type' => 'module',
  'module' => 
  array (
    0 => 'oyh',
    1 => 'test',
    2 => NULL,
  ),
)
[ info ] [ HEADER ] array (
  'host' => '192.168.0.70',
  'user-agent' => 'Mozilla/5.0 (Windows NT 10.0; Win64; x64; rv:69.0) Gecko/20100101 Firefox/69.0',
  'accept' => 'text/html,application/xhtml+xml,application/xml;q=0.9,*/*;q=0.8',
  'accept-language' => 'zh-CN,zh;q=0.8,zh-TW;q=0.7,zh-HK;q=0.5,en-US;q=0.3,en;q=0.2',
  'accept-encoding' => 'gzip, deflate',
  'connection' => 'keep-alive',
  'upgrade-insecure-requests' => '1',
)
[ info ] [ PARAM ] array (
)
[ info ] [ RUN ] app\oyh\controller\Test->index[ D:\www\think\application\oyh\controller\Test.php ]
[ info ] [ VIEW ] D:\www\think\public/../application/oyh\view\test\index.html [ array (
) ]
[ info ] [ LOG ] INIT File
---------------------------------------------------------------
[ 2019-09-24T15:30:25+08:00 ] 192.168.0.70 GET 192.168.0.70/think/public/index.php/oyh/test
[运行时间：0.008377s] [吞吐率：119.37req/s] [内存消耗：248.66kb] [文件加载：42]
[ info ] [ LANG ] D:\www\think\thinkphp\lang\zh-cn.php
[ info ] [ ROUTE ] array (
  'type' => 'module',
  'module' => 
  array (
    0 => 'oyh',
    1 => 'test',
    2 => NULL,
  ),
)
[ info ] [ HEADER ] array (
  'host' => '192.168.0.70',
  'user-agent' => 'Mozilla/5.0 (Windows NT 10.0; Win64; x64; rv:69.0) Gecko/20100101 Firefox/69.0',
  'accept' => 'text/html,application/xhtml+xml,application/xml;q=0.9,*/*;q=0.8',
  'accept-language' => 'zh-CN,zh;q=0.8,zh-TW;q=0.7,zh-HK;q=0.5,en-US;q=0.3,en;q=0.2',
  'accept-encoding' => 'gzip, deflate',
  'connection' => 'keep-alive',
  'upgrade-insecure-requests' => '1',
)
[ info ] [ PARAM ] array (
)
[ info ] [ RUN ] app\oyh\controller\Test->index[ D:\www\think\application\oyh\controller\Test.php ]
[ info ] [ VIEW ] D:\www\think\public/../application/oyh\view\test\index.html [ array (
) ]
[ info ] [ LOG ] INIT File
---------------------------------------------------------------
[ 2019-09-24T15:37:31+08:00 ] 192.168.0.70 GET 192.168.0.70/think/public/index.php/oyh/test
[运行时间：0.013546s] [吞吐率：73.82req/s] [内存消耗：249.16kb] [文件加载：42]
[ info ] [ LANG ] D:\www\think\thinkphp\lang\zh-cn.php
[ info ] [ ROUTE ] array (
  'type' => 'module',
  'module' => 
  array (
    0 => 'oyh',
    1 => 'test',
    2 => NULL,
  ),
)
[ info ] [ HEADER ] array (
  'host' => '192.168.0.70',
  'user-agent' => 'Mozilla/5.0 (Windows NT 10.0; Win64; x64; rv:69.0) Gecko/20100101 Firefox/69.0',
  'accept' => 'text/html,application/xhtml+xml,application/xml;q=0.9,*/*;q=0.8',
  'accept-language' => 'zh-CN,zh;q=0.8,zh-TW;q=0.7,zh-HK;q=0.5,en-US;q=0.3,en;q=0.2',
  'accept-encoding' => 'gzip, deflate',
  'connection' => 'keep-alive',
  'upgrade-insecure-requests' => '1',
)
[ info ] [ PARAM ] array (
)
[ info ] [ RUN ] app\oyh\controller\Test->index[ D:\www\think\application\oyh\controller\Test.php ]
[ info ] [ VIEW ] D:\www\think\public/../application/oyh\view\test\index.html [ array (
) ]
[ info ] [ LOG ] INIT File
---------------------------------------------------------------
[ 2019-09-24T15:37:34+08:00 ] 192.168.0.70 GET 192.168.0.70/think/public/index.php/oyh/test
[运行时间：0.007817s] [吞吐率：127.93req/s] [内存消耗：241.52kb] [文件加载：40]
[ info ] [ LANG ] D:\www\think\thinkphp\lang\zh-cn.php
[ info ] [ ROUTE ] array (
  'type' => 'module',
  'module' => 
  array (
    0 => 'oyh',
    1 => 'test',
    2 => NULL,
  ),
)
[ info ] [ HEADER ] array (
  'host' => '192.168.0.70',
  'user-agent' => 'Mozilla/5.0 (Windows NT 10.0; Win64; x64; rv:69.0) Gecko/20100101 Firefox/69.0',
  'accept' => 'text/html,application/xhtml+xml,application/xml;q=0.9,*/*;q=0.8',
  'accept-language' => 'zh-CN,zh;q=0.8,zh-TW;q=0.7,zh-HK;q=0.5,en-US;q=0.3,en;q=0.2',
  'accept-encoding' => 'gzip, deflate',
  'connection' => 'keep-alive',
  'upgrade-insecure-requests' => '1',
)
[ info ] [ PARAM ] array (
)
[ info ] [ RUN ] app\oyh\controller\Test->index[ D:\www\think\application\oyh\controller\Test.php ]
[ info ] [ VIEW ] D:\www\think\public/../application/oyh\view\test\index.html [ array (
) ]
[ info ] [ LOG ] INIT File
---------------------------------------------------------------
[ 2019-09-24T15:40:06+08:00 ] 192.168.0.70 GET 192.168.0.70/think/public/index.php/oyh/test
[运行时间：0.010957s] [吞吐率：91.27req/s] [内存消耗：249.16kb] [文件加载：42]
[ info ] [ LANG ] D:\www\think\thinkphp\lang\zh-cn.php
[ info ] [ ROUTE ] array (
  'type' => 'module',
  'module' => 
  array (
    0 => 'oyh',
    1 => 'test',
    2 => NULL,
  ),
)
[ info ] [ HEADER ] array (
  'host' => '192.168.0.70',
  'user-agent' => 'Mozilla/5.0 (Windows NT 10.0; Win64; x64; rv:69.0) Gecko/20100101 Firefox/69.0',
  'accept' => 'text/html,application/xhtml+xml,application/xml;q=0.9,*/*;q=0.8',
  'accept-language' => 'zh-CN,zh;q=0.8,zh-TW;q=0.7,zh-HK;q=0.5,en-US;q=0.3,en;q=0.2',
  'accept-encoding' => 'gzip, deflate',
  'connection' => 'keep-alive',
  'upgrade-insecure-requests' => '1',
)
[ info ] [ PARAM ] array (
)
[ info ] [ RUN ] app\oyh\controller\Test->index[ D:\www\think\application\oyh\controller\Test.php ]
[ info ] [ VIEW ] D:\www\think\public/../application/oyh\view\test\index.html [ array (
) ]
[ info ] [ LOG ] INIT File
---------------------------------------------------------------
[ 2019-09-24T15:40:10+08:00 ] 192.168.0.70 GET 192.168.0.70/think/public/index.php/oyh/test
[运行时间：0.007166s] [吞吐率：139.54req/s] [内存消耗：241.52kb] [文件加载：40]
[ info ] [ LANG ] D:\www\think\thinkphp\lang\zh-cn.php
[ info ] [ ROUTE ] array (
  'type' => 'module',
  'module' => 
  array (
    0 => 'oyh',
    1 => 'test',
    2 => NULL,
  ),
)
[ info ] [ HEADER ] array (
  'host' => '192.168.0.70',
  'user-agent' => 'Mozilla/5.0 (Windows NT 10.0; Win64; x64; rv:69.0) Gecko/20100101 Firefox/69.0',
  'accept' => 'text/html,application/xhtml+xml,application/xml;q=0.9,*/*;q=0.8',
  'accept-language' => 'zh-CN,zh;q=0.8,zh-TW;q=0.7,zh-HK;q=0.5,en-US;q=0.3,en;q=0.2',
  'accept-encoding' => 'gzip, deflate',
  'connection' => 'keep-alive',
  'upgrade-insecure-requests' => '1',
)
[ info ] [ PARAM ] array (
)
[ info ] [ RUN ] app\oyh\controller\Test->index[ D:\www\think\application\oyh\controller\Test.php ]
[ info ] [ VIEW ] D:\www\think\public/../application/oyh\view\test\index.html [ array (
) ]
[ info ] [ LOG ] INIT File
---------------------------------------------------------------
[ 2019-09-24T15:41:15+08:00 ] 192.168.0.70 GET 192.168.0.70/think/public/index.php/oyh/test
[运行时间：0.009299s] [吞吐率：107.54req/s] [内存消耗：249.16kb] [文件加载：42]
[ info ] [ LANG ] D:\www\think\thinkphp\lang\zh-cn.php
[ info ] [ ROUTE ] array (
  'type' => 'module',
  'module' => 
  array (
    0 => 'oyh',
    1 => 'test',
    2 => NULL,
  ),
)
[ info ] [ HEADER ] array (
  'host' => '192.168.0.70',
  'user-agent' => 'Mozilla/5.0 (Windows NT 10.0; Win64; x64; rv:69.0) Gecko/20100101 Firefox/69.0',
  'accept' => 'text/html,application/xhtml+xml,application/xml;q=0.9,*/*;q=0.8',
  'accept-language' => 'zh-CN,zh;q=0.8,zh-TW;q=0.7,zh-HK;q=0.5,en-US;q=0.3,en;q=0.2',
  'accept-encoding' => 'gzip, deflate',
  'connection' => 'keep-alive',
  'upgrade-insecure-requests' => '1',
)
[ info ] [ PARAM ] array (
)
[ info ] [ RUN ] app\oyh\controller\Test->index[ D:\www\think\application\oyh\controller\Test.php ]
[ info ] [ VIEW ] D:\www\think\public/../application/oyh\view\test\index.html [ array (
) ]
[ info ] [ LOG ] INIT File
---------------------------------------------------------------
[ 2019-09-24T15:41:29+08:00 ] 192.168.0.70 GET 192.168.0.70/think/public/index.php/oyh/test
[运行时间：0.009315s] [吞吐率：107.35req/s] [内存消耗：241.52kb] [文件加载：40]
[ info ] [ LANG ] D:\www\think\thinkphp\lang\zh-cn.php
[ info ] [ ROUTE ] array (
  'type' => 'module',
  'module' => 
  array (
    0 => 'oyh',
    1 => 'test',
    2 => NULL,
  ),
)
[ info ] [ HEADER ] array (
  'host' => '192.168.0.70',
  'user-agent' => 'Mozilla/5.0 (Windows NT 10.0; Win64; x64; rv:69.0) Gecko/20100101 Firefox/69.0',
  'accept' => 'text/html,application/xhtml+xml,application/xml;q=0.9,*/*;q=0.8',
  'accept-language' => 'zh-CN,zh;q=0.8,zh-TW;q=0.7,zh-HK;q=0.5,en-US;q=0.3,en;q=0.2',
  'accept-encoding' => 'gzip, deflate',
  'connection' => 'keep-alive',
  'upgrade-insecure-requests' => '1',
)
[ info ] [ PARAM ] array (
)
[ info ] [ RUN ] app\oyh\controller\Test->index[ D:\www\think\application\oyh\controller\Test.php ]
[ info ] [ VIEW ] D:\www\think\public/../application/oyh\view\test\index.html [ array (
) ]
[ info ] [ LOG ] INIT File
---------------------------------------------------------------
[ 2019-09-24T15:43:48+08:00 ] 192.168.0.70 GET 192.168.0.70/think/public/index.php/oyh/test
[运行时间：0.011588s] [吞吐率：86.30req/s] [内存消耗：241.19kb] [文件加载：40]
[ info ] [ LANG ] D:\www\think\thinkphp\lang\zh-cn.php
[ info ] [ ROUTE ] array (
  'type' => 'module',
  'module' => 
  array (
    0 => 'oyh',
    1 => 'test',
    2 => NULL,
  ),
)
[ info ] [ HEADER ] array (
  'host' => '192.168.0.70',
  'user-agent' => 'Mozilla/5.0 (Windows NT 10.0; Win64; x64; rv:69.0) Gecko/20100101 Firefox/69.0',
  'accept' => 'text/html,application/xhtml+xml,application/xml;q=0.9,*/*;q=0.8',
  'accept-language' => 'zh-CN,zh;q=0.8,zh-TW;q=0.7,zh-HK;q=0.5,en-US;q=0.3,en;q=0.2',
  'accept-encoding' => 'gzip, deflate',
  'connection' => 'keep-alive',
  'upgrade-insecure-requests' => '1',
  'cache-control' => 'max-age=0',
)
[ info ] [ PARAM ] array (
)
[ info ] [ RUN ] app\oyh\controller\Test->index[ D:\www\think\application\oyh\controller\Test.php ]
[ info ] [ VIEW ] D:\www\think\public/../application/oyh\view\test\index.html [ array (
) ]
[ info ] [ LOG ] INIT File
---------------------------------------------------------------
[ 2019-09-24T15:45:25+08:00 ] 192.168.0.70 GET 192.168.0.70/think/public/index.php/oyh/test
[运行时间：0.008636s] [吞吐率：115.79req/s] [内存消耗：241.11kb] [文件加载：40]
[ info ] [ LANG ] D:\www\think\thinkphp\lang\zh-cn.php
[ info ] [ ROUTE ] array (
  'type' => 'module',
  'module' => 
  array (
    0 => 'oyh',
    1 => 'test',
    2 => NULL,
  ),
)
[ info ] [ HEADER ] array (
  'host' => '192.168.0.70',
  'user-agent' => 'Mozilla/5.0 (Windows NT 10.0; Win64; x64; rv:69.0) Gecko/20100101 Firefox/69.0',
  'accept' => 'text/html,application/xhtml+xml,application/xml;q=0.9,*/*;q=0.8',
  'accept-language' => 'zh-CN,zh;q=0.8,zh-TW;q=0.7,zh-HK;q=0.5,en-US;q=0.3,en;q=0.2',
  'accept-encoding' => 'gzip, deflate',
  'connection' => 'keep-alive',
  'upgrade-insecure-requests' => '1',
)
[ info ] [ PARAM ] array (
)
[ info ] [ RUN ] app\oyh\controller\Test->index[ D:\www\think\application\oyh\controller\Test.php ]
[ info ] [ VIEW ] D:\www\think\public/../application/oyh\view\test\index.html [ array (
) ]
[ info ] [ LOG ] INIT File
---------------------------------------------------------------
[ 2019-09-24T15:47:24+08:00 ] 192.168.0.70 GET 192.168.0.70/think/public/index.php/oyh/test
[运行时间：0.012405s] [吞吐率：80.61req/s] [内存消耗：249.16kb] [文件加载：42]
[ info ] [ LANG ] D:\www\think\thinkphp\lang\zh-cn.php
[ info ] [ ROUTE ] array (
  'type' => 'module',
  'module' => 
  array (
    0 => 'oyh',
    1 => 'test',
    2 => NULL,
  ),
)
[ info ] [ HEADER ] array (
  'host' => '192.168.0.70',
  'user-agent' => 'Mozilla/5.0 (Windows NT 10.0; Win64; x64; rv:69.0) Gecko/20100101 Firefox/69.0',
  'accept' => 'text/html,application/xhtml+xml,application/xml;q=0.9,*/*;q=0.8',
  'accept-language' => 'zh-CN,zh;q=0.8,zh-TW;q=0.7,zh-HK;q=0.5,en-US;q=0.3,en;q=0.2',
  'accept-encoding' => 'gzip, deflate',
  'connection' => 'keep-alive',
  'upgrade-insecure-requests' => '1',
)
[ info ] [ PARAM ] array (
)
[ info ] [ RUN ] app\oyh\controller\Test->index[ D:\www\think\application\oyh\controller\Test.php ]
[ info ] [ VIEW ] D:\www\think\public/../application/oyh\view\test\index.html [ array (
) ]
[ info ] [ LOG ] INIT File
---------------------------------------------------------------
[ 2019-09-24T15:48:01+08:00 ] 192.168.0.70 GET 192.168.0.70/think/public/index.php/oyh/test
[运行时间：0.007622s] [吞吐率：131.20req/s] [内存消耗：249.16kb] [文件加载：42]
[ info ] [ LANG ] D:\www\think\thinkphp\lang\zh-cn.php
[ info ] [ ROUTE ] array (
  'type' => 'module',
  'module' => 
  array (
    0 => 'oyh',
    1 => 'test',
    2 => NULL,
  ),
)
[ info ] [ HEADER ] array (
  'host' => '192.168.0.70',
  'user-agent' => 'Mozilla/5.0 (Windows NT 10.0; Win64; x64; rv:69.0) Gecko/20100101 Firefox/69.0',
  'accept' => 'text/html,application/xhtml+xml,application/xml;q=0.9,*/*;q=0.8',
  'accept-language' => 'zh-CN,zh;q=0.8,zh-TW;q=0.7,zh-HK;q=0.5,en-US;q=0.3,en;q=0.2',
  'accept-encoding' => 'gzip, deflate',
  'connection' => 'keep-alive',
  'upgrade-insecure-requests' => '1',
)
[ info ] [ PARAM ] array (
)
[ info ] [ RUN ] app\oyh\controller\Test->index[ D:\www\think\application\oyh\controller\Test.php ]
[ info ] [ VIEW ] D:\www\think\public/../application/oyh\view\test\index.html [ array (
) ]
[ info ] [ LOG ] INIT File
---------------------------------------------------------------
[ 2019-09-24T15:50:34+08:00 ] 192.168.0.70 GET 192.168.0.70/think/public/index.php/index/test
[运行时间：0.014328s] [吞吐率：69.79req/s] [内存消耗：241.13kb] [文件加载：40]
[ info ] [ LANG ] D:\www\think\thinkphp\lang\zh-cn.php
[ info ] [ ROUTE ] array (
  'type' => 'module',
  'module' => 
  array (
    0 => 'index',
    1 => 'test',
    2 => NULL,
  ),
)
[ info ] [ HEADER ] array (
  'host' => '192.168.0.70',
  'user-agent' => 'Mozilla/5.0 (Windows NT 10.0; Win64; x64; rv:69.0) Gecko/20100101 Firefox/69.0',
  'accept' => 'text/html,application/xhtml+xml,application/xml;q=0.9,*/*;q=0.8',
  'accept-language' => 'zh-CN,zh;q=0.8,zh-TW;q=0.7,zh-HK;q=0.5,en-US;q=0.3,en;q=0.2',
  'accept-encoding' => 'gzip, deflate',
  'connection' => 'keep-alive',
  'upgrade-insecure-requests' => '1',
)
[ info ] [ PARAM ] array (
)
[ info ] [ RUN ] app\index\controller\Test->index[ D:\www\think\application\index\controller\Test.php ]
[ info ] [ VIEW ] D:\www\think\public/../application/index\view\test\index.html [ array (
) ]
[ info ] [ LOG ] INIT File
---------------------------------------------------------------
[ 2019-09-24T15:50:39+08:00 ] 192.168.0.70 GET 192.168.0.70/think/public/index.php/oyh/test
[运行时间：0.008567s] [吞吐率：116.73req/s] [内存消耗：249.16kb] [文件加载：42]
[ info ] [ LANG ] D:\www\think\thinkphp\lang\zh-cn.php
[ info ] [ ROUTE ] array (
  'type' => 'module',
  'module' => 
  array (
    0 => 'oyh',
    1 => 'test',
    2 => NULL,
  ),
)
[ info ] [ HEADER ] array (
  'host' => '192.168.0.70',
  'user-agent' => 'Mozilla/5.0 (Windows NT 10.0; Win64; x64; rv:69.0) Gecko/20100101 Firefox/69.0',
  'accept' => 'text/html,application/xhtml+xml,application/xml;q=0.9,*/*;q=0.8',
  'accept-language' => 'zh-CN,zh;q=0.8,zh-TW;q=0.7,zh-HK;q=0.5,en-US;q=0.3,en;q=0.2',
  'accept-encoding' => 'gzip, deflate',
  'connection' => 'keep-alive',
  'upgrade-insecure-requests' => '1',
)
[ info ] [ PARAM ] array (
)
[ info ] [ RUN ] app\oyh\controller\Test->index[ D:\www\think\application\oyh\controller\Test.php ]
[ info ] [ VIEW ] D:\www\think\public/../application/oyh\view\test\index.html [ array (
) ]
[ info ] [ LOG ] INIT File
---------------------------------------------------------------
[ 2019-09-24T15:50:42+08:00 ] 192.168.0.70 GET 192.168.0.70/think/public/index.php/oyh/test
[运行时间：0.007648s] [吞吐率：130.75req/s] [内存消耗：241.52kb] [文件加载：40]
[ info ] [ LANG ] D:\www\think\thinkphp\lang\zh-cn.php
[ info ] [ ROUTE ] array (
  'type' => 'module',
  'module' => 
  array (
    0 => 'oyh',
    1 => 'test',
    2 => NULL,
  ),
)
[ info ] [ HEADER ] array (
  'host' => '192.168.0.70',
  'user-agent' => 'Mozilla/5.0 (Windows NT 10.0; Win64; x64; rv:69.0) Gecko/20100101 Firefox/69.0',
  'accept' => 'text/html,application/xhtml+xml,application/xml;q=0.9,*/*;q=0.8',
  'accept-language' => 'zh-CN,zh;q=0.8,zh-TW;q=0.7,zh-HK;q=0.5,en-US;q=0.3,en;q=0.2',
  'accept-encoding' => 'gzip, deflate',
  'connection' => 'keep-alive',
  'upgrade-insecure-requests' => '1',
)
[ info ] [ PARAM ] array (
)
[ info ] [ RUN ] app\oyh\controller\Test->index[ D:\www\think\application\oyh\controller\Test.php ]
[ info ] [ VIEW ] D:\www\think\public/../application/oyh\view\test\index.html [ array (
) ]
[ info ] [ LOG ] INIT File
---------------------------------------------------------------
[ 2019-09-24T16:04:19+08:00 ] 192.168.0.70 GET 192.168.0.70/think/public/index.php/oyh/test
[运行时间：0.011480s] [吞吐率：87.11req/s] [内存消耗：241.11kb] [文件加载：40]
[ info ] [ LANG ] D:\www\think\thinkphp\lang\zh-cn.php
[ info ] [ ROUTE ] array (
  'type' => 'module',
  'module' => 
  array (
    0 => 'oyh',
    1 => 'test',
    2 => NULL,
  ),
)
[ info ] [ HEADER ] array (
  'host' => '192.168.0.70',
  'user-agent' => 'Mozilla/5.0 (Windows NT 10.0; Win64; x64; rv:69.0) Gecko/20100101 Firefox/69.0',
  'accept' => 'text/html,application/xhtml+xml,application/xml;q=0.9,*/*;q=0.8',
  'accept-language' => 'zh-CN,zh;q=0.8,zh-TW;q=0.7,zh-HK;q=0.5,en-US;q=0.3,en;q=0.2',
  'accept-encoding' => 'gzip, deflate',
  'connection' => 'keep-alive',
  'upgrade-insecure-requests' => '1',
)
[ info ] [ PARAM ] array (
)
[ info ] [ RUN ] app\oyh\controller\Test->index[ D:\www\think\application\oyh\controller\Test.php ]
[ info ] [ VIEW ] D:\www\think\public/../application/oyh\view\test\index.html [ array (
) ]
[ info ] [ LOG ] INIT File
---------------------------------------------------------------
[ 2019-09-24T16:05:49+08:00 ] 192.168.0.70 GET 192.168.0.70/think/public/index.php/oyh/test
[运行时间：0.008440s] [吞吐率：118.48req/s] [内存消耗：249.16kb] [文件加载：42]
[ info ] [ LANG ] D:\www\think\thinkphp\lang\zh-cn.php
[ info ] [ ROUTE ] array (
  'type' => 'module',
  'module' => 
  array (
    0 => 'oyh',
    1 => 'test',
    2 => NULL,
  ),
)
[ info ] [ HEADER ] array (
  'host' => '192.168.0.70',
  'user-agent' => 'Mozilla/5.0 (Windows NT 10.0; Win64; x64; rv:69.0) Gecko/20100101 Firefox/69.0',
  'accept' => 'text/html,application/xhtml+xml,application/xml;q=0.9,*/*;q=0.8',
  'accept-language' => 'zh-CN,zh;q=0.8,zh-TW;q=0.7,zh-HK;q=0.5,en-US;q=0.3,en;q=0.2',
  'accept-encoding' => 'gzip, deflate',
  'connection' => 'keep-alive',
  'upgrade-insecure-requests' => '1',
)
[ info ] [ PARAM ] array (
)
[ info ] [ RUN ] app\oyh\controller\Test->index[ D:\www\think\application\oyh\controller\Test.php ]
[ info ] [ VIEW ] D:\www\think\public/../application/oyh\view\test\index.html [ array (
) ]
[ info ] [ LOG ] INIT File
---------------------------------------------------------------
[ 2019-09-24T16:06:41+08:00 ] 192.168.0.70 GET 192.168.0.70/think/public/index.php/oyh/test
[运行时间：0.011609s] [吞吐率：86.14req/s] [内存消耗：249.16kb] [文件加载：42]
[ info ] [ LANG ] D:\www\think\thinkphp\lang\zh-cn.php
[ info ] [ ROUTE ] array (
  'type' => 'module',
  'module' => 
  array (
    0 => 'oyh',
    1 => 'test',
    2 => NULL,
  ),
)
[ info ] [ HEADER ] array (
  'host' => '192.168.0.70',
  'user-agent' => 'Mozilla/5.0 (Windows NT 10.0; Win64; x64; rv:69.0) Gecko/20100101 Firefox/69.0',
  'accept' => 'text/html,application/xhtml+xml,application/xml;q=0.9,*/*;q=0.8',
  'accept-language' => 'zh-CN,zh;q=0.8,zh-TW;q=0.7,zh-HK;q=0.5,en-US;q=0.3,en;q=0.2',
  'accept-encoding' => 'gzip, deflate',
  'connection' => 'keep-alive',
  'upgrade-insecure-requests' => '1',
)
[ info ] [ PARAM ] array (
)
[ info ] [ RUN ] app\oyh\controller\Test->index[ D:\www\think\application\oyh\controller\Test.php ]
[ info ] [ VIEW ] D:\www\think\public/../application/oyh\view\test\index.html [ array (
) ]
[ info ] [ LOG ] INIT File
---------------------------------------------------------------
[ 2019-09-24T16:06:45+08:00 ] 192.168.0.70 GET 192.168.0.70/think/public/index.php/oyh/test
[运行时间：0.007530s] [吞吐率：132.80req/s] [内存消耗：241.52kb] [文件加载：40]
[ info ] [ LANG ] D:\www\think\thinkphp\lang\zh-cn.php
[ info ] [ ROUTE ] array (
  'type' => 'module',
  'module' => 
  array (
    0 => 'oyh',
    1 => 'test',
    2 => NULL,
  ),
)
[ info ] [ HEADER ] array (
  'host' => '192.168.0.70',
  'user-agent' => 'Mozilla/5.0 (Windows NT 10.0; Win64; x64; rv:69.0) Gecko/20100101 Firefox/69.0',
  'accept' => 'text/html,application/xhtml+xml,application/xml;q=0.9,*/*;q=0.8',
  'accept-language' => 'zh-CN,zh;q=0.8,zh-TW;q=0.7,zh-HK;q=0.5,en-US;q=0.3,en;q=0.2',
  'accept-encoding' => 'gzip, deflate',
  'connection' => 'keep-alive',
  'upgrade-insecure-requests' => '1',
)
[ info ] [ PARAM ] array (
)
[ info ] [ RUN ] app\oyh\controller\Test->index[ D:\www\think\application\oyh\controller\Test.php ]
[ info ] [ VIEW ] D:\www\think\public/../application/oyh\view\test\index.html [ array (
) ]
[ info ] [ LOG ] INIT File
---------------------------------------------------------------
[ 2019-09-24T16:14:42+08:00 ] 192.168.0.70 GET 192.168.0.70/think/public/index.php/oyh/test
[运行时间：0.016938s] [吞吐率：59.04req/s] [内存消耗：248.66kb] [文件加载：42]
[ info ] [ LANG ] D:\www\think\thinkphp\lang\zh-cn.php
[ info ] [ ROUTE ] array (
  'type' => 'module',
  'module' => 
  array (
    0 => 'oyh',
    1 => 'test',
    2 => NULL,
  ),
)
[ info ] [ HEADER ] array (
  'host' => '192.168.0.70',
  'user-agent' => 'Mozilla/5.0 (Windows NT 10.0; Win64; x64; rv:69.0) Gecko/20100101 Firefox/69.0',
  'accept' => 'text/html,application/xhtml+xml,application/xml;q=0.9,*/*;q=0.8',
  'accept-language' => 'zh-CN,zh;q=0.8,zh-TW;q=0.7,zh-HK;q=0.5,en-US;q=0.3,en;q=0.2',
  'accept-encoding' => 'gzip, deflate',
  'connection' => 'keep-alive',
  'upgrade-insecure-requests' => '1',
)
[ info ] [ PARAM ] array (
)
[ info ] [ RUN ] app\oyh\controller\Test->index[ D:\www\think\application\oyh\controller\Test.php ]
[ info ] [ VIEW ] D:\www\think\public/../application/oyh\view\test\index.html [ array (
) ]
[ info ] [ LOG ] INIT File
---------------------------------------------------------------
[ 2019-09-24T16:14:45+08:00 ] 192.168.0.70 GET 192.168.0.70/think/public/index.php/oyh/test
[运行时间：0.007365s] [吞吐率：135.78req/s] [内存消耗：241.52kb] [文件加载：40]
[ info ] [ LANG ] D:\www\think\thinkphp\lang\zh-cn.php
[ info ] [ ROUTE ] array (
  'type' => 'module',
  'module' => 
  array (
    0 => 'oyh',
    1 => 'test',
    2 => NULL,
  ),
)
[ info ] [ HEADER ] array (
  'host' => '192.168.0.70',
  'user-agent' => 'Mozilla/5.0 (Windows NT 10.0; Win64; x64; rv:69.0) Gecko/20100101 Firefox/69.0',
  'accept' => 'text/html,application/xhtml+xml,application/xml;q=0.9,*/*;q=0.8',
  'accept-language' => 'zh-CN,zh;q=0.8,zh-TW;q=0.7,zh-HK;q=0.5,en-US;q=0.3,en;q=0.2',
  'accept-encoding' => 'gzip, deflate',
  'connection' => 'keep-alive',
  'upgrade-insecure-requests' => '1',
)
[ info ] [ PARAM ] array (
)
[ info ] [ RUN ] app\oyh\controller\Test->index[ D:\www\think\application\oyh\controller\Test.php ]
[ info ] [ VIEW ] D:\www\think\public/../application/oyh\view\test\index.html [ array (
) ]
[ info ] [ LOG ] INIT File
---------------------------------------------------------------
[ 2019-09-24T16:15:17+08:00 ] 192.168.0.70 GET 192.168.0.70/think/public/index.php/oyh/test
[运行时间：0.009429s] [吞吐率：106.06req/s] [内存消耗：248.66kb] [文件加载：42]
[ info ] [ LANG ] D:\www\think\thinkphp\lang\zh-cn.php
[ info ] [ ROUTE ] array (
  'type' => 'module',
  'module' => 
  array (
    0 => 'oyh',
    1 => 'test',
    2 => NULL,
  ),
)
[ info ] [ HEADER ] array (
  'host' => '192.168.0.70',
  'user-agent' => 'Mozilla/5.0 (Windows NT 10.0; Win64; x64; rv:69.0) Gecko/20100101 Firefox/69.0',
  'accept' => 'text/html,application/xhtml+xml,application/xml;q=0.9,*/*;q=0.8',
  'accept-language' => 'zh-CN,zh;q=0.8,zh-TW;q=0.7,zh-HK;q=0.5,en-US;q=0.3,en;q=0.2',
  'accept-encoding' => 'gzip, deflate',
  'connection' => 'keep-alive',
  'upgrade-insecure-requests' => '1',
)
[ info ] [ PARAM ] array (
)
[ info ] [ RUN ] app\oyh\controller\Test->index[ D:\www\think\application\oyh\controller\Test.php ]
[ info ] [ VIEW ] D:\www\think\public/../application/oyh\view\test\index.html [ array (
) ]
[ info ] [ LOG ] INIT File
---------------------------------------------------------------
[ 2019-09-24T16:15:22+08:00 ] 192.168.0.70 GET 192.168.0.70/think/public/index.php/oyh/test
[运行时间：0.008376s] [吞吐率：119.39req/s] [内存消耗：241.52kb] [文件加载：40]
[ info ] [ LANG ] D:\www\think\thinkphp\lang\zh-cn.php
[ info ] [ ROUTE ] array (
  'type' => 'module',
  'module' => 
  array (
    0 => 'oyh',
    1 => 'test',
    2 => NULL,
  ),
)
[ info ] [ HEADER ] array (
  'host' => '192.168.0.70',
  'user-agent' => 'Mozilla/5.0 (Windows NT 10.0; Win64; x64; rv:69.0) Gecko/20100101 Firefox/69.0',
  'accept' => 'text/html,application/xhtml+xml,application/xml;q=0.9,*/*;q=0.8',
  'accept-language' => 'zh-CN,zh;q=0.8,zh-TW;q=0.7,zh-HK;q=0.5,en-US;q=0.3,en;q=0.2',
  'accept-encoding' => 'gzip, deflate',
  'connection' => 'keep-alive',
  'upgrade-insecure-requests' => '1',
)
[ info ] [ PARAM ] array (
)
[ info ] [ RUN ] app\oyh\controller\Test->index[ D:\www\think\application\oyh\controller\Test.php ]
[ info ] [ VIEW ] D:\www\think\public/../application/oyh\view\test\index.html [ array (
) ]
[ info ] [ LOG ] INIT File
---------------------------------------------------------------
[ 2019-09-24T16:18:24+08:00 ] 192.168.0.70 GET 192.168.0.70/think/public/index.php/oyh/test
[运行时间：0.008588s] [吞吐率：116.44req/s] [内存消耗：241.11kb] [文件加载：40]
[ info ] [ LANG ] D:\www\think\thinkphp\lang\zh-cn.php
[ info ] [ ROUTE ] array (
  'type' => 'module',
  'module' => 
  array (
    0 => 'oyh',
    1 => 'test',
    2 => NULL,
  ),
)
[ info ] [ HEADER ] array (
  'host' => '192.168.0.70',
  'user-agent' => 'Mozilla/5.0 (Windows NT 10.0; Win64; x64; rv:69.0) Gecko/20100101 Firefox/69.0',
  'accept' => 'text/html,application/xhtml+xml,application/xml;q=0.9,*/*;q=0.8',
  'accept-language' => 'zh-CN,zh;q=0.8,zh-TW;q=0.7,zh-HK;q=0.5,en-US;q=0.3,en;q=0.2',
  'accept-encoding' => 'gzip, deflate',
  'connection' => 'keep-alive',
  'upgrade-insecure-requests' => '1',
)
[ info ] [ PARAM ] array (
)
[ info ] [ RUN ] app\oyh\controller\Test->index[ D:\www\think\application\oyh\controller\Test.php ]
[ info ] [ VIEW ] D:\www\think\public/../application/oyh\view\test\index.html [ array (
) ]
[ info ] [ LOG ] INIT File
---------------------------------------------------------------
[ 2019-09-24T16:19:29+08:00 ] 192.168.0.70 GET 192.168.0.70/think/public/index.php/oyh/test
[运行时间：0.010501s] [吞吐率：95.23req/s] [内存消耗：248.66kb] [文件加载：42]
[ info ] [ LANG ] D:\www\think\thinkphp\lang\zh-cn.php
[ info ] [ ROUTE ] array (
  'type' => 'module',
  'module' => 
  array (
    0 => 'oyh',
    1 => 'test',
    2 => NULL,
  ),
)
[ info ] [ HEADER ] array (
  'host' => '192.168.0.70',
  'user-agent' => 'Mozilla/5.0 (Windows NT 10.0; Win64; x64; rv:69.0) Gecko/20100101 Firefox/69.0',
  'accept' => 'text/html,application/xhtml+xml,application/xml;q=0.9,*/*;q=0.8',
  'accept-language' => 'zh-CN,zh;q=0.8,zh-TW;q=0.7,zh-HK;q=0.5,en-US;q=0.3,en;q=0.2',
  'accept-encoding' => 'gzip, deflate',
  'connection' => 'keep-alive',
  'upgrade-insecure-requests' => '1',
)
[ info ] [ PARAM ] array (
)
[ info ] [ RUN ] app\oyh\controller\Test->index[ D:\www\think\application\oyh\controller\Test.php ]
[ info ] [ VIEW ] D:\www\think\public/../application/oyh\view\test\index.html [ array (
) ]
[ info ] [ LOG ] INIT File
---------------------------------------------------------------
[ 2019-09-24T16:22:20+08:00 ] 192.168.0.70 GET 192.168.0.70/think/public/index.php/oyh/test
[运行时间：0.010330s] [吞吐率：96.81req/s] [内存消耗：247.41kb] [文件加载：42]
[ info ] [ LANG ] D:\www\think\thinkphp\lang\zh-cn.php
[ info ] [ ROUTE ] array (
  'type' => 'module',
  'module' => 
  array (
    0 => 'oyh',
    1 => 'test',
    2 => NULL,
  ),
)
[ info ] [ HEADER ] array (
  'host' => '192.168.0.70',
  'user-agent' => 'Mozilla/5.0 (Windows NT 10.0; Win64; x64; rv:69.0) Gecko/20100101 Firefox/69.0',
  'accept' => 'text/html,application/xhtml+xml,application/xml;q=0.9,*/*;q=0.8',
  'accept-language' => 'zh-CN,zh;q=0.8,zh-TW;q=0.7,zh-HK;q=0.5,en-US;q=0.3,en;q=0.2',
  'accept-encoding' => 'gzip, deflate',
  'connection' => 'keep-alive',
  'upgrade-insecure-requests' => '1',
)
[ info ] [ PARAM ] array (
)
[ info ] [ RUN ] app\oyh\controller\Test->index[ D:\www\think\application\oyh\controller\Test.php ]
[ info ] [ VIEW ] D:\www\think\public/../application/oyh\view\test\index.html [ array (
) ]
[ info ] [ LOG ] INIT File
---------------------------------------------------------------
[ 2019-09-24T16:24:05+08:00 ] 192.168.0.70 GET 192.168.0.70/think/public/index.php/oyh/test
[运行时间：0.008804s] [吞吐率：113.58req/s] [内存消耗：248.66kb] [文件加载：42]
[ info ] [ LANG ] D:\www\think\thinkphp\lang\zh-cn.php
[ info ] [ ROUTE ] array (
  'type' => 'module',
  'module' => 
  array (
    0 => 'oyh',
    1 => 'test',
    2 => NULL,
  ),
)
[ info ] [ HEADER ] array (
  'host' => '192.168.0.70',
  'user-agent' => 'Mozilla/5.0 (Windows NT 10.0; Win64; x64; rv:69.0) Gecko/20100101 Firefox/69.0',
  'accept' => 'text/html,application/xhtml+xml,application/xml;q=0.9,*/*;q=0.8',
  'accept-language' => 'zh-CN,zh;q=0.8,zh-TW;q=0.7,zh-HK;q=0.5,en-US;q=0.3,en;q=0.2',
  'accept-encoding' => 'gzip, deflate',
  'connection' => 'keep-alive',
  'upgrade-insecure-requests' => '1',
)
[ info ] [ PARAM ] array (
)
[ info ] [ RUN ] app\oyh\controller\Test->index[ D:\www\think\application\oyh\controller\Test.php ]
[ info ] [ VIEW ] D:\www\think\public/../application/oyh\view\test\index.html [ array (
) ]
[ info ] [ LOG ] INIT File
---------------------------------------------------------------
[ 2019-09-24T16:24:08+08:00 ] 192.168.0.70 GET 192.168.0.70/think/public/index.php/oyh/test
[运行时间：0.008751s] [吞吐率：114.27req/s] [内存消耗：241.52kb] [文件加载：40]
[ info ] [ LANG ] D:\www\think\thinkphp\lang\zh-cn.php
[ info ] [ ROUTE ] array (
  'type' => 'module',
  'module' => 
  array (
    0 => 'oyh',
    1 => 'test',
    2 => NULL,
  ),
)
[ info ] [ HEADER ] array (
  'host' => '192.168.0.70',
  'user-agent' => 'Mozilla/5.0 (Windows NT 10.0; Win64; x64; rv:69.0) Gecko/20100101 Firefox/69.0',
  'accept' => 'text/html,application/xhtml+xml,application/xml;q=0.9,*/*;q=0.8',
  'accept-language' => 'zh-CN,zh;q=0.8,zh-TW;q=0.7,zh-HK;q=0.5,en-US;q=0.3,en;q=0.2',
  'accept-encoding' => 'gzip, deflate',
  'connection' => 'keep-alive',
  'upgrade-insecure-requests' => '1',
)
[ info ] [ PARAM ] array (
)
[ info ] [ RUN ] app\oyh\controller\Test->index[ D:\www\think\application\oyh\controller\Test.php ]
[ info ] [ VIEW ] D:\www\think\public/../application/oyh\view\test\index.html [ array (
) ]
[ info ] [ LOG ] INIT File
---------------------------------------------------------------
[ 2019-09-24T16:26:33+08:00 ] 192.168.0.70 GET 192.168.0.70/think/public/index.php/oyh/test
[运行时间：0.012867s] [吞吐率：77.72req/s] [内存消耗：248.66kb] [文件加载：42]
[ info ] [ LANG ] D:\www\think\thinkphp\lang\zh-cn.php
[ info ] [ ROUTE ] array (
  'type' => 'module',
  'module' => 
  array (
    0 => 'oyh',
    1 => 'test',
    2 => NULL,
  ),
)
[ info ] [ HEADER ] array (
  'host' => '192.168.0.70',
  'user-agent' => 'Mozilla/5.0 (Windows NT 10.0; Win64; x64; rv:69.0) Gecko/20100101 Firefox/69.0',
  'accept' => 'text/html,application/xhtml+xml,application/xml;q=0.9,*/*;q=0.8',
  'accept-language' => 'zh-CN,zh;q=0.8,zh-TW;q=0.7,zh-HK;q=0.5,en-US;q=0.3,en;q=0.2',
  'accept-encoding' => 'gzip, deflate',
  'connection' => 'keep-alive',
  'upgrade-insecure-requests' => '1',
)
[ info ] [ PARAM ] array (
)
[ info ] [ RUN ] app\oyh\controller\Test->index[ D:\www\think\application\oyh\controller\Test.php ]
[ info ] [ VIEW ] D:\www\think\public/../application/oyh\view\test\index.html [ array (
) ]
[ info ] [ LOG ] INIT File
---------------------------------------------------------------
[ 2019-09-24T16:26:35+08:00 ] 192.168.0.70 GET 192.168.0.70/think/public/index.php/oyh/test
[运行时间：0.006007s] [吞吐率：166.47req/s] [内存消耗：241.52kb] [文件加载：40]
[ info ] [ LANG ] D:\www\think\thinkphp\lang\zh-cn.php
[ info ] [ ROUTE ] array (
  'type' => 'module',
  'module' => 
  array (
    0 => 'oyh',
    1 => 'test',
    2 => NULL,
  ),
)
[ info ] [ HEADER ] array (
  'host' => '192.168.0.70',
  'user-agent' => 'Mozilla/5.0 (Windows NT 10.0; Win64; x64; rv:69.0) Gecko/20100101 Firefox/69.0',
  'accept' => 'text/html,application/xhtml+xml,application/xml;q=0.9,*/*;q=0.8',
  'accept-language' => 'zh-CN,zh;q=0.8,zh-TW;q=0.7,zh-HK;q=0.5,en-US;q=0.3,en;q=0.2',
  'accept-encoding' => 'gzip, deflate',
  'connection' => 'keep-alive',
  'upgrade-insecure-requests' => '1',
)
[ info ] [ PARAM ] array (
)
[ info ] [ RUN ] app\oyh\controller\Test->index[ D:\www\think\application\oyh\controller\Test.php ]
[ info ] [ VIEW ] D:\www\think\public/../application/oyh\view\test\index.html [ array (
) ]
[ info ] [ LOG ] INIT File
---------------------------------------------------------------
[ 2019-09-24T16:27:59+08:00 ] 192.168.0.70 GET 192.168.0.70/think/public/index.php/oyh/test
[运行时间：0.010253s] [吞吐率：97.53req/s] [内存消耗：248.66kb] [文件加载：42]
[ info ] [ LANG ] D:\www\think\thinkphp\lang\zh-cn.php
[ info ] [ ROUTE ] array (
  'type' => 'module',
  'module' => 
  array (
    0 => 'oyh',
    1 => 'test',
    2 => NULL,
  ),
)
[ info ] [ HEADER ] array (
  'host' => '192.168.0.70',
  'user-agent' => 'Mozilla/5.0 (Windows NT 10.0; Win64; x64; rv:69.0) Gecko/20100101 Firefox/69.0',
  'accept' => 'text/html,application/xhtml+xml,application/xml;q=0.9,*/*;q=0.8',
  'accept-language' => 'zh-CN,zh;q=0.8,zh-TW;q=0.7,zh-HK;q=0.5,en-US;q=0.3,en;q=0.2',
  'accept-encoding' => 'gzip, deflate',
  'connection' => 'keep-alive',
  'upgrade-insecure-requests' => '1',
)
[ info ] [ PARAM ] array (
)
[ info ] [ RUN ] app\oyh\controller\Test->index[ D:\www\think\application\oyh\controller\Test.php ]
[ info ] [ VIEW ] D:\www\think\public/../application/oyh\view\test\index.html [ array (
) ]
[ info ] [ LOG ] INIT File
---------------------------------------------------------------
[ 2019-09-24T16:28:04+08:00 ] 192.168.0.70 GET 192.168.0.70/think/public/index.php/oyh/test
[运行时间：0.007080s] [吞吐率：141.24req/s] [内存消耗：241.52kb] [文件加载：40]
[ info ] [ LANG ] D:\www\think\thinkphp\lang\zh-cn.php
[ info ] [ ROUTE ] array (
  'type' => 'module',
  'module' => 
  array (
    0 => 'oyh',
    1 => 'test',
    2 => NULL,
  ),
)
[ info ] [ HEADER ] array (
  'host' => '192.168.0.70',
  'user-agent' => 'Mozilla/5.0 (Windows NT 10.0; Win64; x64; rv:69.0) Gecko/20100101 Firefox/69.0',
  'accept' => 'text/html,application/xhtml+xml,application/xml;q=0.9,*/*;q=0.8',
  'accept-language' => 'zh-CN,zh;q=0.8,zh-TW;q=0.7,zh-HK;q=0.5,en-US;q=0.3,en;q=0.2',
  'accept-encoding' => 'gzip, deflate',
  'connection' => 'keep-alive',
  'upgrade-insecure-requests' => '1',
)
[ info ] [ PARAM ] array (
)
[ info ] [ RUN ] app\oyh\controller\Test->index[ D:\www\think\application\oyh\controller\Test.php ]
[ info ] [ VIEW ] D:\www\think\public/../application/oyh\view\test\index.html [ array (
) ]
[ info ] [ LOG ] INIT File
---------------------------------------------------------------
[ 2019-09-24T16:28:27+08:00 ] 192.168.0.70 GET 192.168.0.70/think/public/index.php/oyh/test
[运行时间：0.006684s] [吞吐率：149.61req/s] [内存消耗：241.11kb] [文件加载：40]
[ info ] [ LANG ] D:\www\think\thinkphp\lang\zh-cn.php
[ info ] [ ROUTE ] array (
  'type' => 'module',
  'module' => 
  array (
    0 => 'oyh',
    1 => 'test',
    2 => NULL,
  ),
)
[ info ] [ HEADER ] array (
  'host' => '192.168.0.70',
  'user-agent' => 'Mozilla/5.0 (Windows NT 10.0; Win64; x64; rv:69.0) Gecko/20100101 Firefox/69.0',
  'accept' => 'text/html,application/xhtml+xml,application/xml;q=0.9,*/*;q=0.8',
  'accept-language' => 'zh-CN,zh;q=0.8,zh-TW;q=0.7,zh-HK;q=0.5,en-US;q=0.3,en;q=0.2',
  'accept-encoding' => 'gzip, deflate',
  'connection' => 'keep-alive',
  'upgrade-insecure-requests' => '1',
)
[ info ] [ PARAM ] array (
)
[ info ] [ RUN ] app\oyh\controller\Test->index[ D:\www\think\application\oyh\controller\Test.php ]
[ info ] [ VIEW ] D:\www\think\public/../application/oyh\view\test\index.html [ array (
) ]
[ info ] [ LOG ] INIT File
---------------------------------------------------------------
[ 2019-09-24T16:28:36+08:00 ] 192.168.0.70 GET 192.168.0.70/think/public/index.php/oyh/test
[运行时间：0.009685s] [吞吐率：103.25req/s] [内存消耗：241.11kb] [文件加载：40]
[ info ] [ LANG ] D:\www\think\thinkphp\lang\zh-cn.php
[ info ] [ ROUTE ] array (
  'type' => 'module',
  'module' => 
  array (
    0 => 'oyh',
    1 => 'test',
    2 => NULL,
  ),
)
[ info ] [ HEADER ] array (
  'host' => '192.168.0.70',
  'user-agent' => 'Mozilla/5.0 (Windows NT 10.0; Win64; x64; rv:69.0) Gecko/20100101 Firefox/69.0',
  'accept' => 'text/html,application/xhtml+xml,application/xml;q=0.9,*/*;q=0.8',
  'accept-language' => 'zh-CN,zh;q=0.8,zh-TW;q=0.7,zh-HK;q=0.5,en-US;q=0.3,en;q=0.2',
  'accept-encoding' => 'gzip, deflate',
  'connection' => 'keep-alive',
  'upgrade-insecure-requests' => '1',
)
[ info ] [ PARAM ] array (
)
[ info ] [ RUN ] app\oyh\controller\Test->index[ D:\www\think\application\oyh\controller\Test.php ]
[ info ] [ VIEW ] D:\www\think\public/../application/oyh\view\test\index.html [ array (
) ]
[ info ] [ LOG ] INIT File
---------------------------------------------------------------
[ 2019-09-24T16:30:16+08:00 ] 192.168.0.70 GET 192.168.0.70/think/public/index.php/oyh/test
[运行时间：0.009466s] [吞吐率：105.64req/s] [内存消耗：248.66kb] [文件加载：42]
[ info ] [ LANG ] D:\www\think\thinkphp\lang\zh-cn.php
[ info ] [ ROUTE ] array (
  'type' => 'module',
  'module' => 
  array (
    0 => 'oyh',
    1 => 'test',
    2 => NULL,
  ),
)
[ info ] [ HEADER ] array (
  'host' => '192.168.0.70',
  'user-agent' => 'Mozilla/5.0 (Windows NT 10.0; Win64; x64; rv:69.0) Gecko/20100101 Firefox/69.0',
  'accept' => 'text/html,application/xhtml+xml,application/xml;q=0.9,*/*;q=0.8',
  'accept-language' => 'zh-CN,zh;q=0.8,zh-TW;q=0.7,zh-HK;q=0.5,en-US;q=0.3,en;q=0.2',
  'accept-encoding' => 'gzip, deflate',
  'connection' => 'keep-alive',
  'upgrade-insecure-requests' => '1',
)
[ info ] [ PARAM ] array (
)
[ info ] [ RUN ] app\oyh\controller\Test->index[ D:\www\think\application\oyh\controller\Test.php ]
[ info ] [ VIEW ] D:\www\think\public/../application/oyh\view\test\index.html [ array (
) ]
[ info ] [ LOG ] INIT File
---------------------------------------------------------------
[ 2019-09-24T16:32:13+08:00 ] 192.168.0.70 GET 192.168.0.70/think/public/index.php/oyh/test
[运行时间：0.011435s] [吞吐率：87.45req/s] [内存消耗：248.66kb] [文件加载：42]
[ info ] [ LANG ] D:\www\think\thinkphp\lang\zh-cn.php
[ info ] [ ROUTE ] array (
  'type' => 'module',
  'module' => 
  array (
    0 => 'oyh',
    1 => 'test',
    2 => NULL,
  ),
)
[ info ] [ HEADER ] array (
  'host' => '192.168.0.70',
  'user-agent' => 'Mozilla/5.0 (Windows NT 10.0; Win64; x64; rv:69.0) Gecko/20100101 Firefox/69.0',
  'accept' => 'text/html,application/xhtml+xml,application/xml;q=0.9,*/*;q=0.8',
  'accept-language' => 'zh-CN,zh;q=0.8,zh-TW;q=0.7,zh-HK;q=0.5,en-US;q=0.3,en;q=0.2',
  'accept-encoding' => 'gzip, deflate',
  'connection' => 'keep-alive',
  'upgrade-insecure-requests' => '1',
)
[ info ] [ PARAM ] array (
)
[ info ] [ RUN ] app\oyh\controller\Test->index[ D:\www\think\application\oyh\controller\Test.php ]
[ info ] [ VIEW ] D:\www\think\public/../application/oyh\view\test\index.html [ array (
) ]
[ info ] [ LOG ] INIT File
---------------------------------------------------------------
[ 2019-09-24T16:32:50+08:00 ] 192.168.0.70 GET 192.168.0.70/think/public/index.php/oyh/test
[运行时间：0.008656s] [吞吐率：115.53req/s] [内存消耗：248.66kb] [文件加载：42]
[ info ] [ LANG ] D:\www\think\thinkphp\lang\zh-cn.php
[ info ] [ ROUTE ] array (
  'type' => 'module',
  'module' => 
  array (
    0 => 'oyh',
    1 => 'test',
    2 => NULL,
  ),
)
[ info ] [ HEADER ] array (
  'host' => '192.168.0.70',
  'user-agent' => 'Mozilla/5.0 (Windows NT 10.0; Win64; x64; rv:69.0) Gecko/20100101 Firefox/69.0',
  'accept' => 'text/html,application/xhtml+xml,application/xml;q=0.9,*/*;q=0.8',
  'accept-language' => 'zh-CN,zh;q=0.8,zh-TW;q=0.7,zh-HK;q=0.5,en-US;q=0.3,en;q=0.2',
  'accept-encoding' => 'gzip, deflate',
  'connection' => 'keep-alive',
  'upgrade-insecure-requests' => '1',
)
[ info ] [ PARAM ] array (
)
[ info ] [ RUN ] app\oyh\controller\Test->index[ D:\www\think\application\oyh\controller\Test.php ]
[ info ] [ VIEW ] D:\www\think\public/../application/oyh\view\test\index.html [ array (
) ]
[ info ] [ LOG ] INIT File
---------------------------------------------------------------
[ 2019-09-24T16:33:24+08:00 ] 192.168.0.70 GET 192.168.0.70/think/public/index.php/oyh/test
[运行时间：0.008544s] [吞吐率：117.04req/s] [内存消耗：248.66kb] [文件加载：42]
[ info ] [ LANG ] D:\www\think\thinkphp\lang\zh-cn.php
[ info ] [ ROUTE ] array (
  'type' => 'module',
  'module' => 
  array (
    0 => 'oyh',
    1 => 'test',
    2 => NULL,
  ),
)
[ info ] [ HEADER ] array (
  'host' => '192.168.0.70',
  'user-agent' => 'Mozilla/5.0 (Windows NT 10.0; Win64; x64; rv:69.0) Gecko/20100101 Firefox/69.0',
  'accept' => 'text/html,application/xhtml+xml,application/xml;q=0.9,*/*;q=0.8',
  'accept-language' => 'zh-CN,zh;q=0.8,zh-TW;q=0.7,zh-HK;q=0.5,en-US;q=0.3,en;q=0.2',
  'accept-encoding' => 'gzip, deflate',
  'connection' => 'keep-alive',
  'upgrade-insecure-requests' => '1',
)
[ info ] [ PARAM ] array (
)
[ info ] [ RUN ] app\oyh\controller\Test->index[ D:\www\think\application\oyh\controller\Test.php ]
[ info ] [ VIEW ] D:\www\think\public/../application/oyh\view\test\index.html [ array (
) ]
[ info ] [ LOG ] INIT File
---------------------------------------------------------------
[ 2019-09-24T16:33:26+08:00 ] 192.168.0.70 GET 192.168.0.70/think/public/index.php/oyh/test
[运行时间：0.006086s] [吞吐率：164.31req/s] [内存消耗：241.52kb] [文件加载：40]
[ info ] [ LANG ] D:\www\think\thinkphp\lang\zh-cn.php
[ info ] [ ROUTE ] array (
  'type' => 'module',
  'module' => 
  array (
    0 => 'oyh',
    1 => 'test',
    2 => NULL,
  ),
)
[ info ] [ HEADER ] array (
  'host' => '192.168.0.70',
  'user-agent' => 'Mozilla/5.0 (Windows NT 10.0; Win64; x64; rv:69.0) Gecko/20100101 Firefox/69.0',
  'accept' => 'text/html,application/xhtml+xml,application/xml;q=0.9,*/*;q=0.8',
  'accept-language' => 'zh-CN,zh;q=0.8,zh-TW;q=0.7,zh-HK;q=0.5,en-US;q=0.3,en;q=0.2',
  'accept-encoding' => 'gzip, deflate',
  'connection' => 'keep-alive',
  'upgrade-insecure-requests' => '1',
)
[ info ] [ PARAM ] array (
)
[ info ] [ RUN ] app\oyh\controller\Test->index[ D:\www\think\application\oyh\controller\Test.php ]
[ info ] [ VIEW ] D:\www\think\public/../application/oyh\view\test\index.html [ array (
) ]
[ info ] [ LOG ] INIT File
---------------------------------------------------------------
[ 2019-09-24T16:33:53+08:00 ] 192.168.0.70 GET 192.168.0.70/think/public/index.php/oyh/test
[运行时间：0.008474s] [吞吐率：118.01req/s] [内存消耗：248.66kb] [文件加载：42]
[ info ] [ LANG ] D:\www\think\thinkphp\lang\zh-cn.php
[ info ] [ ROUTE ] array (
  'type' => 'module',
  'module' => 
  array (
    0 => 'oyh',
    1 => 'test',
    2 => NULL,
  ),
)
[ info ] [ HEADER ] array (
  'host' => '192.168.0.70',
  'user-agent' => 'Mozilla/5.0 (Windows NT 10.0; Win64; x64; rv:69.0) Gecko/20100101 Firefox/69.0',
  'accept' => 'text/html,application/xhtml+xml,application/xml;q=0.9,*/*;q=0.8',
  'accept-language' => 'zh-CN,zh;q=0.8,zh-TW;q=0.7,zh-HK;q=0.5,en-US;q=0.3,en;q=0.2',
  'accept-encoding' => 'gzip, deflate',
  'connection' => 'keep-alive',
  'upgrade-insecure-requests' => '1',
)
[ info ] [ PARAM ] array (
)
[ info ] [ RUN ] app\oyh\controller\Test->index[ D:\www\think\application\oyh\controller\Test.php ]
[ info ] [ VIEW ] D:\www\think\public/../application/oyh\view\test\index.html [ array (
) ]
[ info ] [ LOG ] INIT File
---------------------------------------------------------------
[ 2019-09-24T16:34:15+08:00 ] 192.168.0.70 GET 192.168.0.70/think/public/index.php/oyh/test
[运行时间：0.009580s] [吞吐率：104.39req/s] [内存消耗：248.66kb] [文件加载：42]
[ info ] [ LANG ] D:\www\think\thinkphp\lang\zh-cn.php
[ info ] [ ROUTE ] array (
  'type' => 'module',
  'module' => 
  array (
    0 => 'oyh',
    1 => 'test',
    2 => NULL,
  ),
)
[ info ] [ HEADER ] array (
  'host' => '192.168.0.70',
  'user-agent' => 'Mozilla/5.0 (Windows NT 10.0; Win64; x64; rv:69.0) Gecko/20100101 Firefox/69.0',
  'accept' => 'text/html,application/xhtml+xml,application/xml;q=0.9,*/*;q=0.8',
  'accept-language' => 'zh-CN,zh;q=0.8,zh-TW;q=0.7,zh-HK;q=0.5,en-US;q=0.3,en;q=0.2',
  'accept-encoding' => 'gzip, deflate',
  'connection' => 'keep-alive',
  'upgrade-insecure-requests' => '1',
)
[ info ] [ PARAM ] array (
)
[ info ] [ RUN ] app\oyh\controller\Test->index[ D:\www\think\application\oyh\controller\Test.php ]
[ info ] [ VIEW ] D:\www\think\public/../application/oyh\view\test\index.html [ array (
) ]
[ info ] [ LOG ] INIT File
---------------------------------------------------------------
[ 2019-09-24T16:35:21+08:00 ] 192.168.0.70 GET 192.168.0.70/think/public/index.php/oyh/test
[运行时间：0.008650s] [吞吐率：115.61req/s] [内存消耗：248.66kb] [文件加载：42]
[ info ] [ LANG ] D:\www\think\thinkphp\lang\zh-cn.php
[ info ] [ ROUTE ] array (
  'type' => 'module',
  'module' => 
  array (
    0 => 'oyh',
    1 => 'test',
    2 => NULL,
  ),
)
[ info ] [ HEADER ] array (
  'host' => '192.168.0.70',
  'user-agent' => 'Mozilla/5.0 (Windows NT 10.0; Win64; x64; rv:69.0) Gecko/20100101 Firefox/69.0',
  'accept' => 'text/html,application/xhtml+xml,application/xml;q=0.9,*/*;q=0.8',
  'accept-language' => 'zh-CN,zh;q=0.8,zh-TW;q=0.7,zh-HK;q=0.5,en-US;q=0.3,en;q=0.2',
  'accept-encoding' => 'gzip, deflate',
  'connection' => 'keep-alive',
  'upgrade-insecure-requests' => '1',
)
[ info ] [ PARAM ] array (
)
[ info ] [ RUN ] app\oyh\controller\Test->index[ D:\www\think\application\oyh\controller\Test.php ]
[ info ] [ VIEW ] D:\www\think\public/../application/oyh\view\test\index.html [ array (
) ]
[ info ] [ LOG ] INIT File
---------------------------------------------------------------
[ 2019-09-24T16:36:15+08:00 ] 192.168.0.70 GET 192.168.0.70/think/public/index.php/oyh/test
[运行时间：0.007875s] [吞吐率：126.98req/s] [内存消耗：249.16kb] [文件加载：42]
[ info ] [ LANG ] D:\www\think\thinkphp\lang\zh-cn.php
[ info ] [ ROUTE ] array (
  'type' => 'module',
  'module' => 
  array (
    0 => 'oyh',
    1 => 'test',
    2 => NULL,
  ),
)
[ info ] [ HEADER ] array (
  'host' => '192.168.0.70',
  'user-agent' => 'Mozilla/5.0 (Windows NT 10.0; Win64; x64; rv:69.0) Gecko/20100101 Firefox/69.0',
  'accept' => 'text/html,application/xhtml+xml,application/xml;q=0.9,*/*;q=0.8',
  'accept-language' => 'zh-CN,zh;q=0.8,zh-TW;q=0.7,zh-HK;q=0.5,en-US;q=0.3,en;q=0.2',
  'accept-encoding' => 'gzip, deflate',
  'connection' => 'keep-alive',
  'upgrade-insecure-requests' => '1',
)
[ info ] [ PARAM ] array (
)
[ info ] [ RUN ] app\oyh\controller\Test->index[ D:\www\think\application\oyh\controller\Test.php ]
[ info ] [ VIEW ] D:\www\think\public/../application/oyh\view\test\index.html [ array (
) ]
[ info ] [ LOG ] INIT File
---------------------------------------------------------------
[ 2019-09-24T16:37:10+08:00 ] 192.168.0.70 GET 192.168.0.70/think/public/index.php/oyh/test
[运行时间：0.009516s] [吞吐率：105.09req/s] [内存消耗：249.16kb] [文件加载：42]
[ info ] [ LANG ] D:\www\think\thinkphp\lang\zh-cn.php
[ info ] [ ROUTE ] array (
  'type' => 'module',
  'module' => 
  array (
    0 => 'oyh',
    1 => 'test',
    2 => NULL,
  ),
)
[ info ] [ HEADER ] array (
  'host' => '192.168.0.70',
  'user-agent' => 'Mozilla/5.0 (Windows NT 10.0; Win64; x64; rv:69.0) Gecko/20100101 Firefox/69.0',
  'accept' => 'text/html,application/xhtml+xml,application/xml;q=0.9,*/*;q=0.8',
  'accept-language' => 'zh-CN,zh;q=0.8,zh-TW;q=0.7,zh-HK;q=0.5,en-US;q=0.3,en;q=0.2',
  'accept-encoding' => 'gzip, deflate',
  'connection' => 'keep-alive',
  'upgrade-insecure-requests' => '1',
)
[ info ] [ PARAM ] array (
)
[ info ] [ RUN ] app\oyh\controller\Test->index[ D:\www\think\application\oyh\controller\Test.php ]
[ info ] [ VIEW ] D:\www\think\public/../application/oyh\view\test\index.html [ array (
) ]
[ info ] [ LOG ] INIT File
---------------------------------------------------------------
[ 2019-09-24T17:20:34+08:00 ] 192.168.0.70 GET 192.168.0.70/think/public/index.php/oyh/test
[运行时间：0.035719s] [吞吐率：28.00req/s] [内存消耗：248.66kb] [文件加载：42]
[ info ] [ LANG ] D:\www\think\thinkphp\lang\zh-cn.php
[ info ] [ ROUTE ] array (
  'type' => 'module',
  'module' => 
  array (
    0 => 'oyh',
    1 => 'test',
    2 => NULL,
  ),
)
[ info ] [ HEADER ] array (
  'host' => '192.168.0.70',
  'user-agent' => 'Mozilla/5.0 (Windows NT 10.0; Win64; x64; rv:69.0) Gecko/20100101 Firefox/69.0',
  'accept' => 'text/html,application/xhtml+xml,application/xml;q=0.9,*/*;q=0.8',
  'accept-language' => 'zh-CN,zh;q=0.8,zh-TW;q=0.7,zh-HK;q=0.5,en-US;q=0.3,en;q=0.2',
  'accept-encoding' => 'gzip, deflate',
  'connection' => 'keep-alive',
  'upgrade-insecure-requests' => '1',
)
[ info ] [ PARAM ] array (
)
[ info ] [ RUN ] app\oyh\controller\Test->index[ D:\www\think\application\oyh\controller\Test.php ]
[ info ] [ VIEW ] D:\www\think\public/../application/oyh\view\test\index.html [ array (
) ]
[ info ] [ LOG ] INIT File
