---------------------------------------------------------------
[ 2019-11-11T14:20:28+08:00 ] 192.168.0.70 GET 192.168.0.70/think/public/index.php/oyh/home/index
[运行时间：0.041341s] [吞吐率：24.19req/s] [内存消耗：241.79kb] [文件加载：41]
[ info ] [ LANG ] D:\www\think\thinkphp\lang\zh-cn.php
[ info ] [ ROUTE ] array (
  'type' => 'module',
  'module' => 
  array (
    0 => 'oyh',
    1 => 'home',
    2 => 'index',
  ),
)
[ info ] [ HEADER ] array (
  'host' => '192.168.0.70',
  'user-agent' => 'Mozilla/5.0 (Windows NT 10.0; Win64; x64; rv:70.0) Gecko/20100101 Firefox/70.0',
  'accept' => 'text/html,application/xhtml+xml,application/xml;q=0.9,*/*;q=0.8',
  'accept-language' => 'zh-CN,zh;q=0.8,zh-TW;q=0.7,zh-HK;q=0.5,en-US;q=0.3,en;q=0.2',
  'accept-encoding' => 'gzip, deflate',
  'connection' => 'keep-alive',
  'upgrade-insecure-requests' => '1',
)
[ info ] [ PARAM ] array (
)
[ info ] [ RUN ] app\oyh\controller\Home->index[ D:\www\think\application\oyh\controller\Home.php ]
[ info ] [ VIEW ] D:\www\think\public/../application/oyh\view\home\index.html [ array (
) ]
[ info ] [ LOG ] INIT File
---------------------------------------------------------------
[ 2019-11-11T14:20:31+08:00 ] 192.168.0.70 GET 192.168.0.70/think/public/index.php/oyh/stock/index.html
[运行时间：0.502825s] [吞吐率：1.99req/s] [内存消耗：434.63kb] [文件加载：50]
[ info ] [ LANG ] D:\www\think\thinkphp\lang\zh-cn.php
[ info ] [ ROUTE ] array (
  'type' => 'module',
  'module' => 
  array (
    0 => 'oyh',
    1 => 'stock',
    2 => 'index',
  ),
)
[ info ] [ HEADER ] array (
  'host' => '192.168.0.70',
  'user-agent' => 'Mozilla/5.0 (Windows NT 10.0; Win64; x64; rv:70.0) Gecko/20100101 Firefox/70.0',
  'accept' => 'text/html,application/xhtml+xml,application/xml;q=0.9,*/*;q=0.8',
  'accept-language' => 'zh-CN,zh;q=0.8,zh-TW;q=0.7,zh-HK;q=0.5,en-US;q=0.3,en;q=0.2',
  'accept-encoding' => 'gzip, deflate',
  'connection' => 'keep-alive',
  'referer' => 'http://192.168.0.70/think/public/index.php/oyh/home/index',
  'upgrade-insecure-requests' => '1',
)
[ info ] [ PARAM ] array (
)
[ info ] [ RUN ] app\oyh\controller\Stock->index[ D:\www\think\application\oyh\controller\Stock.php ]
[ info ] [ DB ] INIT mysql
[ info ] [ VIEW ] D:\www\think\public/../application/oyh\view\stock\index.html [ array (
  0 => 'deliver',
  1 => 'sumrelt',
) ]
[ info ] [ LOG ] INIT File
[ sql ] [ DB ] CONNECT:[ UseTime:0.058661s ] mysql:host=192.168.0.118;port=3306;dbname=erp_sync;charset=utf8
[ sql ] [ SQL ] select b.code as code,fhdate as fh_date,name,sbox,volume,amt from 
 (select a.code as code,concat(ifnull(in_wh_code,''),ifnull(cust_code,''))as 
 scode,bill_date, max(box)as sbox,max(box_volume) as volume,
 sum(product_bill.qty)as sqty,ifnull(sum(net_amount),'') as amt,max(fh_date) as fhdate from
(select id,code,in_wh_code,cust_code,bill_date from bill_index
 where bill_date between '2019-11-05' and '2019-11-12' 
 and bill_type in ('MOVE_NOTE','SO2','ZENG_SONG'))a inner join
 product_bill on a.id=product_bill.bill_index_id inner join 
 product_bill_box on product_bill.id=product_bill_box.product_bill_id
 group by a.code having fhdate between '2019-11-10' and '2019-11-12' order by fhdate desc)b
 inner join (select warehouse_code,warehouse_name as name from stock group by warehouse_code)c on
 b.scode=c.warehouse_code where (select count(1) from fh_wait where b.code=fh_wait.code)=0 [ RunTime:0.425163s ]
---------------------------------------------------------------
[ 2019-11-11T14:20:35+08:00 ] 192.168.0.70 POST 192.168.0.70/think/public/index.php/oyh/stock/fh_query.html
[运行时间：0.383190s] [吞吐率：2.61req/s] [内存消耗：433.84kb] [文件加载：49]
[ info ] [ LANG ] D:\www\think\thinkphp\lang\zh-cn.php
[ info ] [ ROUTE ] array (
  'type' => 'module',
  'module' => 
  array (
    0 => 'oyh',
    1 => 'stock',
    2 => 'fh_query',
  ),
)
[ info ] [ HEADER ] array (
  'host' => '192.168.0.70',
  'user-agent' => 'Mozilla/5.0 (Windows NT 10.0; Win64; x64; rv:70.0) Gecko/20100101 Firefox/70.0',
  'accept' => '*/*',
  'accept-language' => 'zh-CN,zh;q=0.8,zh-TW;q=0.7,zh-HK;q=0.5,en-US;q=0.3,en;q=0.2',
  'accept-encoding' => 'gzip, deflate',
  'content-type' => 'application/x-www-form-urlencoded; charset=UTF-8',
  'x-requested-with' => 'XMLHttpRequest',
  'content-length' => '36',
  'origin' => 'http://192.168.0.70',
  'connection' => 'keep-alive',
  'referer' => 'http://192.168.0.70/think/public/index.php/oyh/stock/index.html',
)
[ info ] [ PARAM ] array (
  'start' => '2019-11-10',
  'endstart' => '2019-11-11',
)
[ info ] [ RUN ] app\oyh\controller\Stock->fh_query[ D:\www\think\application\oyh\controller\Stock.php ]
[ info ] [ DB ] INIT mysql
[ info ] [ LOG ] INIT File
[ sql ] [ DB ] CONNECT:[ UseTime:0.004187s ] mysql:host=192.168.0.118;port=3306;dbname=erp_sync;charset=utf8
[ sql ] [ SQL ] select b.code as code,fhdate as fh_date,name,sbox,volume,amt from 
 (select a.code as code,concat(ifnull(in_wh_code,''),ifnull(cust_code,''))as 
 scode,bill_date, max(box)as sbox,max(box_volume) as volume,
 sum(product_bill.qty)as sqty,ifnull(sum(net_amount),'') as amt,max(fh_date) as fhdate from
(select id,code,in_wh_code,cust_code,bill_date from bill_index
 where bill_date between '2019-11-05' and '2019-11-11' 
 and bill_type in ('MOVE_NOTE','SO2','ZENG_SONG'))a inner join
 product_bill on a.id=product_bill.bill_index_id inner join 
 product_bill_box on product_bill.id=product_bill_box.product_bill_id
 group by a.code having fhdate between '2019-11-10' and '2019-11-11' order by fhdate desc)b
 inner join (select warehouse_code,warehouse_name as name from stock group by warehouse_code)c on
 b.scode=c.warehouse_code where (select count(1) from fh_wait where b.code=fh_wait.code)=0 [ RunTime:0.368848s ]
---------------------------------------------------------------
[ 2019-11-11T14:20:43+08:00 ] 192.168.0.70 POST 192.168.0.70/think/public/index.php/oyh/stock/fh_query.html
[运行时间：1.364908s] [吞吐率：0.73req/s] [内存消耗：459.57kb] [文件加载：49]
[ info ] [ LANG ] D:\www\think\thinkphp\lang\zh-cn.php
[ info ] [ ROUTE ] array (
  'type' => 'module',
  'module' => 
  array (
    0 => 'oyh',
    1 => 'stock',
    2 => 'fh_query',
  ),
)
[ info ] [ HEADER ] array (
  'host' => '192.168.0.70',
  'user-agent' => 'Mozilla/5.0 (Windows NT 10.0; Win64; x64; rv:70.0) Gecko/20100101 Firefox/70.0',
  'accept' => '*/*',
  'accept-language' => 'zh-CN,zh;q=0.8,zh-TW;q=0.7,zh-HK;q=0.5,en-US;q=0.3,en;q=0.2',
  'accept-encoding' => 'gzip, deflate',
  'content-type' => 'application/x-www-form-urlencoded; charset=UTF-8',
  'x-requested-with' => 'XMLHttpRequest',
  'content-length' => '36',
  'origin' => 'http://192.168.0.70',
  'connection' => 'keep-alive',
  'referer' => 'http://192.168.0.70/think/public/index.php/oyh/stock/index.html',
)
[ info ] [ PARAM ] array (
  'start' => '2019-11-01',
  'endstart' => '2019-11-11',
)
[ info ] [ RUN ] app\oyh\controller\Stock->fh_query[ D:\www\think\application\oyh\controller\Stock.php ]
[ info ] [ DB ] INIT mysql
[ info ] [ LOG ] INIT File
[ sql ] [ DB ] CONNECT:[ UseTime:0.003683s ] mysql:host=192.168.0.118;port=3306;dbname=erp_sync;charset=utf8
[ sql ] [ SQL ] select b.code as code,fhdate as fh_date,name,sbox,volume,amt from 
 (select a.code as code,concat(ifnull(in_wh_code,''),ifnull(cust_code,''))as 
 scode,bill_date, max(box)as sbox,max(box_volume) as volume,
 sum(product_bill.qty)as sqty,ifnull(sum(net_amount),'') as amt,max(fh_date) as fhdate from
(select id,code,in_wh_code,cust_code,bill_date from bill_index
 where bill_date between '2019-10-27' and '2019-11-11' 
 and bill_type in ('MOVE_NOTE','SO2','ZENG_SONG'))a inner join
 product_bill on a.id=product_bill.bill_index_id inner join 
 product_bill_box on product_bill.id=product_bill_box.product_bill_id
 group by a.code having fhdate between '2019-11-01' and '2019-11-11' order by fhdate desc)b
 inner join (select warehouse_code,warehouse_name as name from stock group by warehouse_code)c on
 b.scode=c.warehouse_code where (select count(1) from fh_wait where b.code=fh_wait.code)=0 [ RunTime:1.351524s ]
---------------------------------------------------------------
[ 2019-11-11T14:21:01+08:00 ] 192.168.0.70 POST 192.168.0.70/think/public/index.php/oyh/stock/fh_query.html
[运行时间：1.134623s] [吞吐率：0.88req/s] [内存消耗：441.88kb] [文件加载：49]
[ info ] [ LANG ] D:\www\think\thinkphp\lang\zh-cn.php
[ info ] [ ROUTE ] array (
  'type' => 'module',
  'module' => 
  array (
    0 => 'oyh',
    1 => 'stock',
    2 => 'fh_query',
  ),
)
[ info ] [ HEADER ] array (
  'host' => '192.168.0.70',
  'user-agent' => 'Mozilla/5.0 (Windows NT 10.0; Win64; x64; rv:70.0) Gecko/20100101 Firefox/70.0',
  'accept' => '*/*',
  'accept-language' => 'zh-CN,zh;q=0.8,zh-TW;q=0.7,zh-HK;q=0.5,en-US;q=0.3,en;q=0.2',
  'accept-encoding' => 'gzip, deflate',
  'content-type' => 'application/x-www-form-urlencoded; charset=UTF-8',
  'x-requested-with' => 'XMLHttpRequest',
  'content-length' => '36',
  'origin' => 'http://192.168.0.70',
  'connection' => 'keep-alive',
  'referer' => 'http://192.168.0.70/think/public/index.php/oyh/stock/index.html',
)
[ info ] [ PARAM ] array (
  'start' => '2019-11-08',
  'endstart' => '2019-11-11',
)
[ info ] [ RUN ] app\oyh\controller\Stock->fh_query[ D:\www\think\application\oyh\controller\Stock.php ]
[ info ] [ DB ] INIT mysql
[ info ] [ LOG ] INIT File
[ sql ] [ DB ] CONNECT:[ UseTime:0.004092s ] mysql:host=192.168.0.118;port=3306;dbname=erp_sync;charset=utf8
[ sql ] [ SQL ] select b.code as code,fhdate as fh_date,name,sbox,volume,amt from 
 (select a.code as code,concat(ifnull(in_wh_code,''),ifnull(cust_code,''))as 
 scode,bill_date, max(box)as sbox,max(box_volume) as volume,
 sum(product_bill.qty)as sqty,ifnull(sum(net_amount),'') as amt,max(fh_date) as fhdate from
(select id,code,in_wh_code,cust_code,bill_date from bill_index
 where bill_date between '2019-11-03' and '2019-11-11' 
 and bill_type in ('MOVE_NOTE','SO2','ZENG_SONG'))a inner join
 product_bill on a.id=product_bill.bill_index_id inner join 
 product_bill_box on product_bill.id=product_bill_box.product_bill_id
 group by a.code having fhdate between '2019-11-08' and '2019-11-11' order by fhdate desc)b
 inner join (select warehouse_code,warehouse_name as name from stock group by warehouse_code)c on
 b.scode=c.warehouse_code where (select count(1) from fh_wait where b.code=fh_wait.code)=0 [ RunTime:1.121942s ]
---------------------------------------------------------------
[ 2019-11-11T14:21:12+08:00 ] 192.168.0.70 POST 192.168.0.70/think/public/index.php/oyh/stock/fh_query.html
[运行时间：1.120843s] [吞吐率：0.89req/s] [内存消耗：445.73kb] [文件加载：49]
[ info ] [ LANG ] D:\www\think\thinkphp\lang\zh-cn.php
[ info ] [ ROUTE ] array (
  'type' => 'module',
  'module' => 
  array (
    0 => 'oyh',
    1 => 'stock',
    2 => 'fh_query',
  ),
)
[ info ] [ HEADER ] array (
  'host' => '192.168.0.70',
  'user-agent' => 'Mozilla/5.0 (Windows NT 10.0; Win64; x64; rv:70.0) Gecko/20100101 Firefox/70.0',
  'accept' => '*/*',
  'accept-language' => 'zh-CN,zh;q=0.8,zh-TW;q=0.7,zh-HK;q=0.5,en-US;q=0.3,en;q=0.2',
  'accept-encoding' => 'gzip, deflate',
  'content-type' => 'application/x-www-form-urlencoded; charset=UTF-8',
  'x-requested-with' => 'XMLHttpRequest',
  'content-length' => '36',
  'origin' => 'http://192.168.0.70',
  'connection' => 'keep-alive',
  'referer' => 'http://192.168.0.70/think/public/index.php/oyh/stock/index.html',
)
[ info ] [ PARAM ] array (
  'start' => '2019-11-07',
  'endstart' => '2019-11-11',
)
[ info ] [ RUN ] app\oyh\controller\Stock->fh_query[ D:\www\think\application\oyh\controller\Stock.php ]
[ info ] [ DB ] INIT mysql
[ info ] [ LOG ] INIT File
[ sql ] [ DB ] CONNECT:[ UseTime:0.004416s ] mysql:host=192.168.0.118;port=3306;dbname=erp_sync;charset=utf8
[ sql ] [ SQL ] select b.code as code,fhdate as fh_date,name,sbox,volume,amt from 
 (select a.code as code,concat(ifnull(in_wh_code,''),ifnull(cust_code,''))as 
 scode,bill_date, max(box)as sbox,max(box_volume) as volume,
 sum(product_bill.qty)as sqty,ifnull(sum(net_amount),'') as amt,max(fh_date) as fhdate from
(select id,code,in_wh_code,cust_code,bill_date from bill_index
 where bill_date between '2019-11-02' and '2019-11-11' 
 and bill_type in ('MOVE_NOTE','SO2','ZENG_SONG'))a inner join
 product_bill on a.id=product_bill.bill_index_id inner join 
 product_bill_box on product_bill.id=product_bill_box.product_bill_id
 group by a.code having fhdate between '2019-11-07' and '2019-11-11' order by fhdate desc)b
 inner join (select warehouse_code,warehouse_name as name from stock group by warehouse_code)c on
 b.scode=c.warehouse_code where (select count(1) from fh_wait where b.code=fh_wait.code)=0 [ RunTime:1.108249s ]
---------------------------------------------------------------
[ 2019-11-11T14:25:20+08:00 ] 192.168.0.70 GET 192.168.0.70/think/public/index.php/oyh/stock/sting.html
[运行时间：0.071349s] [吞吐率：14.02req/s] [内存消耗：416.70kb] [文件加载：47]
[ info ] [ LANG ] D:\www\think\thinkphp\lang\zh-cn.php
[ info ] [ ROUTE ] array (
  'type' => 'module',
  'module' => 
  array (
    0 => 'oyh',
    1 => 'stock',
    2 => 'sting',
  ),
)
[ info ] [ HEADER ] array (
  'host' => '192.168.0.70',
  'user-agent' => 'Mozilla/5.0 (Windows NT 10.0; Win64; x64; rv:70.0) Gecko/20100101 Firefox/70.0',
  'accept' => 'text/html,application/xhtml+xml,application/xml;q=0.9,*/*;q=0.8',
  'accept-language' => 'zh-CN,zh;q=0.8,zh-TW;q=0.7,zh-HK;q=0.5,en-US;q=0.3,en;q=0.2',
  'accept-encoding' => 'gzip, deflate',
  'connection' => 'keep-alive',
  'referer' => 'http://192.168.0.70/think/public/index.php/oyh/stock/index.html',
  'upgrade-insecure-requests' => '1',
)
[ info ] [ PARAM ] array (
)
[ info ] [ RUN ] app\oyh\controller\Stock->sting[ D:\www\think\application\oyh\controller\Stock.php ]
[ info ] [ DB ] INIT mysql
[ info ] [ VIEW ] D:\www\think\public/../application/oyh\view\stock\sting.html [ array (
  0 => 'shop',
  1 => 'unit',
) ]
[ info ] [ LOG ] INIT File
[ sql ] [ DB ] CONNECT:[ UseTime:0.011861s ] mysql:host=192.168.0.118;port=3306;dbname=erp_sync;charset=utf8
[ sql ] [ SQL ] select code,name from v_shop where (select count(1) from wl_info where v_shop.code=wl_info.code)=0 [ RunTime:0.042299s ]
[ sql ] [ SQL ] select wl_code,name from v_wl_unit where name<>'Otest' [ RunTime:0.003858s ]
---------------------------------------------------------------
[ 2019-11-11T14:25:32+08:00 ] 192.168.0.70 GET 192.168.0.70/think/public/index.php/oyh/stock/index.html
[运行时间：0.157420s] [吞吐率：6.35req/s] [内存消耗：434.63kb] [文件加载：50]
[ info ] [ LANG ] D:\www\think\thinkphp\lang\zh-cn.php
[ info ] [ ROUTE ] array (
  'type' => 'module',
  'module' => 
  array (
    0 => 'oyh',
    1 => 'stock',
    2 => 'index',
  ),
)
[ info ] [ HEADER ] array (
  'host' => '192.168.0.70',
  'user-agent' => 'Mozilla/5.0 (Windows NT 10.0; Win64; x64; rv:70.0) Gecko/20100101 Firefox/70.0',
  'accept' => 'text/html,application/xhtml+xml,application/xml;q=0.9,*/*;q=0.8',
  'accept-language' => 'zh-CN,zh;q=0.8,zh-TW;q=0.7,zh-HK;q=0.5,en-US;q=0.3,en;q=0.2',
  'accept-encoding' => 'gzip, deflate',
  'connection' => 'keep-alive',
  'referer' => 'http://192.168.0.70/think/public/index.php/oyh/stock/sting.html',
  'upgrade-insecure-requests' => '1',
)
[ info ] [ PARAM ] array (
)
[ info ] [ RUN ] app\oyh\controller\Stock->index[ D:\www\think\application\oyh\controller\Stock.php ]
[ info ] [ DB ] INIT mysql
[ info ] [ VIEW ] D:\www\think\public/../application/oyh\view\stock\index.html [ array (
  0 => 'deliver',
  1 => 'sumrelt',
) ]
[ info ] [ LOG ] INIT File
[ sql ] [ DB ] CONNECT:[ UseTime:0.012784s ] mysql:host=192.168.0.118;port=3306;dbname=erp_sync;charset=utf8
[ sql ] [ SQL ] select b.code as code,fhdate as fh_date,name,sbox,volume,amt from 
 (select a.code as code,concat(ifnull(in_wh_code,''),ifnull(cust_code,''))as 
 scode,bill_date, max(box)as sbox,max(box_volume) as volume,
 sum(product_bill.qty)as sqty,ifnull(sum(net_amount),'') as amt,max(fh_date) as fhdate from
(select id,code,in_wh_code,cust_code,bill_date from bill_index
 where bill_date between '2019-11-05' and '2019-11-12' 
 and bill_type in ('MOVE_NOTE','SO2','ZENG_SONG'))a inner join
 product_bill on a.id=product_bill.bill_index_id inner join 
 product_bill_box on product_bill.id=product_bill_box.product_bill_id
 group by a.code having fhdate between '2019-11-10' and '2019-11-12' order by fhdate desc)b
 inner join (select warehouse_code,warehouse_name as name from stock group by warehouse_code)c on
 b.scode=c.warehouse_code where (select count(1) from fh_wait where b.code=fh_wait.code)=0 [ RunTime:0.131059s ]
---------------------------------------------------------------
[ 2019-11-11T14:25:34+08:00 ] 192.168.0.70 GET 192.168.0.70/think/public/index.php/oyh/stock/sting.html
[运行时间：0.079918s] [吞吐率：12.51req/s] [内存消耗：416.70kb] [文件加载：47]
[ info ] [ LANG ] D:\www\think\thinkphp\lang\zh-cn.php
[ info ] [ ROUTE ] array (
  'type' => 'module',
  'module' => 
  array (
    0 => 'oyh',
    1 => 'stock',
    2 => 'sting',
  ),
)
[ info ] [ HEADER ] array (
  'host' => '192.168.0.70',
  'user-agent' => 'Mozilla/5.0 (Windows NT 10.0; Win64; x64; rv:70.0) Gecko/20100101 Firefox/70.0',
  'accept' => 'text/html,application/xhtml+xml,application/xml;q=0.9,*/*;q=0.8',
  'accept-language' => 'zh-CN,zh;q=0.8,zh-TW;q=0.7,zh-HK;q=0.5,en-US;q=0.3,en;q=0.2',
  'accept-encoding' => 'gzip, deflate',
  'connection' => 'keep-alive',
  'referer' => 'http://192.168.0.70/think/public/index.php/oyh/stock/index.html',
  'upgrade-insecure-requests' => '1',
)
[ info ] [ PARAM ] array (
)
[ info ] [ RUN ] app\oyh\controller\Stock->sting[ D:\www\think\application\oyh\controller\Stock.php ]
[ info ] [ DB ] INIT mysql
[ info ] [ VIEW ] D:\www\think\public/../application/oyh\view\stock\sting.html [ array (
  0 => 'shop',
  1 => 'unit',
) ]
[ info ] [ LOG ] INIT File
[ sql ] [ DB ] CONNECT:[ UseTime:0.012388s ] mysql:host=192.168.0.118;port=3306;dbname=erp_sync;charset=utf8
[ sql ] [ SQL ] select code,name from v_shop where (select count(1) from wl_info where v_shop.code=wl_info.code)=0 [ RunTime:0.056662s ]
[ sql ] [ SQL ] select wl_code,name from v_wl_unit where name<>'Otest' [ RunTime:0.002254s ]
---------------------------------------------------------------
[ 2019-11-11T14:25:38+08:00 ] 192.168.0.70 GET 192.168.0.70/think/public/index.php/oyh/stock/index.html
[运行时间：0.095358s] [吞吐率：10.49req/s] [内存消耗：434.63kb] [文件加载：50]
[ info ] [ LANG ] D:\www\think\thinkphp\lang\zh-cn.php
[ info ] [ ROUTE ] array (
  'type' => 'module',
  'module' => 
  array (
    0 => 'oyh',
    1 => 'stock',
    2 => 'index',
  ),
)
[ info ] [ HEADER ] array (
  'host' => '192.168.0.70',
  'user-agent' => 'Mozilla/5.0 (Windows NT 10.0; Win64; x64; rv:70.0) Gecko/20100101 Firefox/70.0',
  'accept' => 'text/html,application/xhtml+xml,application/xml;q=0.9,*/*;q=0.8',
  'accept-language' => 'zh-CN,zh;q=0.8,zh-TW;q=0.7,zh-HK;q=0.5,en-US;q=0.3,en;q=0.2',
  'accept-encoding' => 'gzip, deflate',
  'connection' => 'keep-alive',
  'referer' => 'http://192.168.0.70/think/public/index.php/oyh/stock/sting.html',
  'upgrade-insecure-requests' => '1',
)
[ info ] [ PARAM ] array (
)
[ info ] [ RUN ] app\oyh\controller\Stock->index[ D:\www\think\application\oyh\controller\Stock.php ]
[ info ] [ DB ] INIT mysql
[ info ] [ VIEW ] D:\www\think\public/../application/oyh\view\stock\index.html [ array (
  0 => 'deliver',
  1 => 'sumrelt',
) ]
[ info ] [ LOG ] INIT File
[ sql ] [ DB ] CONNECT:[ UseTime:0.004514s ] mysql:host=192.168.0.118;port=3306;dbname=erp_sync;charset=utf8
[ sql ] [ SQL ] select b.code as code,fhdate as fh_date,name,sbox,volume,amt from 
 (select a.code as code,concat(ifnull(in_wh_code,''),ifnull(cust_code,''))as 
 scode,bill_date, max(box)as sbox,max(box_volume) as volume,
 sum(product_bill.qty)as sqty,ifnull(sum(net_amount),'') as amt,max(fh_date) as fhdate from
(select id,code,in_wh_code,cust_code,bill_date from bill_index
 where bill_date between '2019-11-05' and '2019-11-12' 
 and bill_type in ('MOVE_NOTE','SO2','ZENG_SONG'))a inner join
 product_bill on a.id=product_bill.bill_index_id inner join 
 product_bill_box on product_bill.id=product_bill_box.product_bill_id
 group by a.code having fhdate between '2019-11-10' and '2019-11-12' order by fhdate desc)b
 inner join (select warehouse_code,warehouse_name as name from stock group by warehouse_code)c on
 b.scode=c.warehouse_code where (select count(1) from fh_wait where b.code=fh_wait.code)=0 [ RunTime:0.081336s ]
---------------------------------------------------------------
[ 2019-11-11T14:25:56+08:00 ] 192.168.0.70 POST 192.168.0.70/think/public/index.php/oyh/stock/fh_query.html
[运行时间：1.129842s] [吞吐率：0.89req/s] [内存消耗：441.88kb] [文件加载：49]
[ info ] [ LANG ] D:\www\think\thinkphp\lang\zh-cn.php
[ info ] [ ROUTE ] array (
  'type' => 'module',
  'module' => 
  array (
    0 => 'oyh',
    1 => 'stock',
    2 => 'fh_query',
  ),
)
[ info ] [ HEADER ] array (
  'host' => '192.168.0.70',
  'user-agent' => 'Mozilla/5.0 (Windows NT 10.0; Win64; x64; rv:70.0) Gecko/20100101 Firefox/70.0',
  'accept' => '*/*',
  'accept-language' => 'zh-CN,zh;q=0.8,zh-TW;q=0.7,zh-HK;q=0.5,en-US;q=0.3,en;q=0.2',
  'accept-encoding' => 'gzip, deflate',
  'content-type' => 'application/x-www-form-urlencoded; charset=UTF-8',
  'x-requested-with' => 'XMLHttpRequest',
  'content-length' => '36',
  'origin' => 'http://192.168.0.70',
  'connection' => 'keep-alive',
  'referer' => 'http://192.168.0.70/think/public/index.php/oyh/stock/index.html',
)
[ info ] [ PARAM ] array (
  'start' => '2019-11-08',
  'endstart' => '2019-11-11',
)
[ info ] [ RUN ] app\oyh\controller\Stock->fh_query[ D:\www\think\application\oyh\controller\Stock.php ]
[ info ] [ DB ] INIT mysql
[ info ] [ LOG ] INIT File
[ sql ] [ DB ] CONNECT:[ UseTime:0.002885s ] mysql:host=192.168.0.118;port=3306;dbname=erp_sync;charset=utf8
[ sql ] [ SQL ] select b.code as code,fhdate as fh_date,name,sbox,volume,amt from 
 (select a.code as code,concat(ifnull(in_wh_code,''),ifnull(cust_code,''))as 
 scode,bill_date, max(box)as sbox,max(box_volume) as volume,
 sum(product_bill.qty)as sqty,ifnull(sum(net_amount),'') as amt,max(fh_date) as fhdate from
(select id,code,in_wh_code,cust_code,bill_date from bill_index
 where bill_date between '2019-11-03' and '2019-11-11' 
 and bill_type in ('MOVE_NOTE','SO2','ZENG_SONG'))a inner join
 product_bill on a.id=product_bill.bill_index_id inner join 
 product_bill_box on product_bill.id=product_bill_box.product_bill_id
 group by a.code having fhdate between '2019-11-08' and '2019-11-11' order by fhdate desc)b
 inner join (select warehouse_code,warehouse_name as name from stock group by warehouse_code)c on
 b.scode=c.warehouse_code where (select count(1) from fh_wait where b.code=fh_wait.code)=0 [ RunTime:1.117634s ]
---------------------------------------------------------------
[ 2019-11-11T16:56:41+08:00 ] 192.168.0.70 POST 192.168.0.70/think/public/index.php/oyh/stock/fh_query.html
[运行时间：1.332069s] [吞吐率：0.75req/s] [内存消耗：441.88kb] [文件加载：49]
[ info ] [ LANG ] D:\www\think\thinkphp\lang\zh-cn.php
[ info ] [ ROUTE ] array (
  'type' => 'module',
  'module' => 
  array (
    0 => 'oyh',
    1 => 'stock',
    2 => 'fh_query',
  ),
)
[ info ] [ HEADER ] array (
  'host' => '192.168.0.70',
  'user-agent' => 'Mozilla/5.0 (Windows NT 10.0; Win64; x64; rv:70.0) Gecko/20100101 Firefox/70.0',
  'accept' => '*/*',
  'accept-language' => 'zh-CN,zh;q=0.8,zh-TW;q=0.7,zh-HK;q=0.5,en-US;q=0.3,en;q=0.2',
  'accept-encoding' => 'gzip, deflate',
  'content-type' => 'application/x-www-form-urlencoded; charset=UTF-8',
  'x-requested-with' => 'XMLHttpRequest',
  'content-length' => '36',
  'origin' => 'http://192.168.0.70',
  'connection' => 'keep-alive',
  'referer' => 'http://192.168.0.70/think/public/index.php/oyh/stock/index.html',
)
[ info ] [ PARAM ] array (
  'start' => '2019-11-08',
  'endstart' => '2019-11-11',
)
[ info ] [ RUN ] app\oyh\controller\Stock->fh_query[ D:\www\think\application\oyh\controller\Stock.php ]
[ info ] [ DB ] INIT mysql
[ info ] [ LOG ] INIT File
[ sql ] [ DB ] CONNECT:[ UseTime:0.025672s ] mysql:host=192.168.0.118;port=3306;dbname=erp_sync;charset=utf8
[ sql ] [ SQL ] select b.code as code,fhdate as fh_date,name,sbox,volume,amt from 
 (select a.code as code,concat(ifnull(in_wh_code,''),ifnull(cust_code,''))as 
 scode,bill_date, max(box)as sbox,max(box_volume) as volume,
 sum(product_bill.qty)as sqty,ifnull(sum(net_amount),'') as amt,max(fh_date) as fhdate from
(select id,code,in_wh_code,cust_code,bill_date from bill_index
 where bill_date between '2019-11-03' and '2019-11-11' 
 and bill_type in ('MOVE_NOTE','SO2','ZENG_SONG'))a inner join
 product_bill on a.id=product_bill.bill_index_id inner join 
 product_bill_box on product_bill.id=product_bill_box.product_bill_id
 group by a.code having fhdate between '2019-11-08' and '2019-11-11' order by fhdate desc)b
 inner join (select warehouse_code,warehouse_name as name from stock group by warehouse_code)c on
 b.scode=c.warehouse_code where (select count(1) from fh_wait where b.code=fh_wait.code)=0 [ RunTime:1.282154s ]
---------------------------------------------------------------
[ 2019-11-11T16:56:43+08:00 ] 192.168.0.70 POST 192.168.0.70/think/public/index.php/oyh/stock/fh_query.html
[运行时间：1.246097s] [吞吐率：0.80req/s] [内存消耗：441.88kb] [文件加载：49]
[ info ] [ LANG ] D:\www\think\thinkphp\lang\zh-cn.php
[ info ] [ ROUTE ] array (
  'type' => 'module',
  'module' => 
  array (
    0 => 'oyh',
    1 => 'stock',
    2 => 'fh_query',
  ),
)
[ info ] [ HEADER ] array (
  'host' => '192.168.0.70',
  'user-agent' => 'Mozilla/5.0 (Windows NT 10.0; Win64; x64; rv:70.0) Gecko/20100101 Firefox/70.0',
  'accept' => '*/*',
  'accept-language' => 'zh-CN,zh;q=0.8,zh-TW;q=0.7,zh-HK;q=0.5,en-US;q=0.3,en;q=0.2',
  'accept-encoding' => 'gzip, deflate',
  'content-type' => 'application/x-www-form-urlencoded; charset=UTF-8',
  'x-requested-with' => 'XMLHttpRequest',
  'content-length' => '36',
  'origin' => 'http://192.168.0.70',
  'connection' => 'keep-alive',
  'referer' => 'http://192.168.0.70/think/public/index.php/oyh/stock/index.html',
)
[ info ] [ PARAM ] array (
  'start' => '2019-11-08',
  'endstart' => '2019-11-11',
)
[ info ] [ RUN ] app\oyh\controller\Stock->fh_query[ D:\www\think\application\oyh\controller\Stock.php ]
[ info ] [ DB ] INIT mysql
[ info ] [ LOG ] INIT File
[ sql ] [ DB ] CONNECT:[ UseTime:0.002969s ] mysql:host=192.168.0.118;port=3306;dbname=erp_sync;charset=utf8
[ sql ] [ SQL ] select b.code as code,fhdate as fh_date,name,sbox,volume,amt from 
 (select a.code as code,concat(ifnull(in_wh_code,''),ifnull(cust_code,''))as 
 scode,bill_date, max(box)as sbox,max(box_volume) as volume,
 sum(product_bill.qty)as sqty,ifnull(sum(net_amount),'') as amt,max(fh_date) as fhdate from
(select id,code,in_wh_code,cust_code,bill_date from bill_index
 where bill_date between '2019-11-03' and '2019-11-11' 
 and bill_type in ('MOVE_NOTE','SO2','ZENG_SONG'))a inner join
 product_bill on a.id=product_bill.bill_index_id inner join 
 product_bill_box on product_bill.id=product_bill_box.product_bill_id
 group by a.code having fhdate between '2019-11-08' and '2019-11-11' order by fhdate desc)b
 inner join (select warehouse_code,warehouse_name as name from stock group by warehouse_code)c on
 b.scode=c.warehouse_code where (select count(1) from fh_wait where b.code=fh_wait.code)=0 [ RunTime:1.235634s ]
