---------------------------------------------------------------
[ 2019-11-18T09:14:38+08:00 ] 192.168.0.70 GET 192.168.0.70/think/public/index.php/oyh/home/index
[运行时间：0.038105s] [吞吐率：26.24req/s] [内存消耗：248.89kb] [文件加载：43]
[ info ] [ LANG ] D:\www\think\thinkphp\lang\zh-cn.php
[ info ] [ ROUTE ] array (
  'type' => 'module',
  'module' => 
  array (
    0 => 'oyh',
    1 => 'home',
    2 => 'index',
  ),
)
[ info ] [ HEADER ] array (
  'host' => '192.168.0.70',
  'user-agent' => 'Mozilla/5.0 (Windows NT 10.0; Win64; x64; rv:70.0) Gecko/20100101 Firefox/70.0',
  'accept' => 'text/html,application/xhtml+xml,application/xml;q=0.9,*/*;q=0.8',
  'accept-language' => 'zh-CN,zh;q=0.8,zh-TW;q=0.7,zh-HK;q=0.5,en-US;q=0.3,en;q=0.2',
  'accept-encoding' => 'gzip, deflate',
  'connection' => 'keep-alive',
  'upgrade-insecure-requests' => '1',
)
[ info ] [ PARAM ] array (
)
[ info ] [ RUN ] app\oyh\controller\Home->index[ D:\www\think\application\oyh\controller\Home.php ]
[ info ] [ VIEW ] D:\www\think\public/../application/oyh\view\home\index.html [ array (
) ]
[ info ] [ LOG ] INIT File
---------------------------------------------------------------
[ 2019-11-18T09:14:41+08:00 ] 192.168.0.70 GET 192.168.0.70/think/public/index.php/oyh/stock/index.html
[运行时间：0.431477s] [吞吐率：2.32req/s] [内存消耗：435.48kb] [文件加载：50]
[ info ] [ LANG ] D:\www\think\thinkphp\lang\zh-cn.php
[ info ] [ ROUTE ] array (
  'type' => 'module',
  'module' => 
  array (
    0 => 'oyh',
    1 => 'stock',
    2 => 'index',
  ),
)
[ info ] [ HEADER ] array (
  'host' => '192.168.0.70',
  'user-agent' => 'Mozilla/5.0 (Windows NT 10.0; Win64; x64; rv:70.0) Gecko/20100101 Firefox/70.0',
  'accept' => 'text/html,application/xhtml+xml,application/xml;q=0.9,*/*;q=0.8',
  'accept-language' => 'zh-CN,zh;q=0.8,zh-TW;q=0.7,zh-HK;q=0.5,en-US;q=0.3,en;q=0.2',
  'accept-encoding' => 'gzip, deflate',
  'connection' => 'keep-alive',
  'referer' => 'http://192.168.0.70/think/public/index.php/oyh/home/index',
  'upgrade-insecure-requests' => '1',
)
[ info ] [ PARAM ] array (
)
[ info ] [ RUN ] app\oyh\controller\Stock->index[ D:\www\think\application\oyh\controller\Stock.php ]
[ info ] [ DB ] INIT mysql
[ info ] [ VIEW ] D:\www\think\public/../application/oyh\view\stock\index.html [ array (
  0 => 'deliver',
  1 => 'sumrelt',
) ]
[ info ] [ LOG ] INIT File
[ sql ] [ DB ] CONNECT:[ UseTime:0.013598s ] mysql:host=192.168.0.118;port=3306;dbname=erp_sync;charset=utf8
[ sql ] [ SQL ] select b.code as code,fhdate as fh_date,b.scode as scode,name,sbox,volume,amt from 
 (select a.code as code,concat(ifnull(in_wh_code,''),ifnull(cust_code,''))as 
 scode,bill_date, max(box)as sbox,max(box_volume) as volume,
 sum(product_bill.qty)as sqty,ifnull(sum(net_amount),'') as amt,max(fh_date) as fhdate from
(select id,code,in_wh_code,cust_code,bill_date from bill_index
 where bill_date between '2019-11-12' and '2019-11-19' 
 and bill_type in ('MOVE_NOTE','SO2','ZENG_SONG'))a inner join
 product_bill on a.id=product_bill.bill_index_id inner join 
 product_bill_box on product_bill.id=product_bill_box.product_bill_id
 group by a.code having fhdate between '2019-11-17' and '2019-11-19' order by fhdate desc)b
 inner join (select warehouse_code,warehouse_name as name from stock group by warehouse_code)c on
 b.scode=c.warehouse_code where (select count(1) from fh_wait where b.code=fh_wait.code)=0 [ RunTime:0.400992s ]
---------------------------------------------------------------
[ 2019-11-18T09:14:45+08:00 ] 192.168.0.70 GET 192.168.0.70/think/public/index.php/oyh/stock/outgoods.html
[运行时间：0.009205s] [吞吐率：108.64req/s] [内存消耗：243.31kb] [文件加载：41]
[ info ] [ LANG ] D:\www\think\thinkphp\lang\zh-cn.php
[ info ] [ ROUTE ] array (
  'type' => 'module',
  'module' => 
  array (
    0 => 'oyh',
    1 => 'stock',
    2 => 'outgoods',
  ),
)
[ info ] [ HEADER ] array (
  'host' => '192.168.0.70',
  'user-agent' => 'Mozilla/5.0 (Windows NT 10.0; Win64; x64; rv:70.0) Gecko/20100101 Firefox/70.0',
  'accept' => 'text/html,application/xhtml+xml,application/xml;q=0.9,*/*;q=0.8',
  'accept-language' => 'zh-CN,zh;q=0.8,zh-TW;q=0.7,zh-HK;q=0.5,en-US;q=0.3,en;q=0.2',
  'accept-encoding' => 'gzip, deflate',
  'connection' => 'keep-alive',
  'referer' => 'http://192.168.0.70/think/public/index.php/oyh/stock/index.html',
  'upgrade-insecure-requests' => '1',
)
[ info ] [ PARAM ] array (
)
[ info ] [ RUN ] app\oyh\controller\Stock->outgoods[ D:\www\think\application\oyh\controller\Stock.php ]
[ info ] [ VIEW ] D:\www\think\public/../application/oyh\view\stock\outgoods.html [ array (
) ]
[ info ] [ LOG ] INIT File
---------------------------------------------------------------
[ 2019-11-18T09:15:46+08:00 ] 192.168.0.70 GET 192.168.0.70/think/public/index.php/oyh/stock/index.html
[运行时间：0.355273s] [吞吐率：2.81req/s] [内存消耗：434.90kb] [文件加载：50]
[ info ] [ LANG ] D:\www\think\thinkphp\lang\zh-cn.php
[ info ] [ ROUTE ] array (
  'type' => 'module',
  'module' => 
  array (
    0 => 'oyh',
    1 => 'stock',
    2 => 'index',
  ),
)
[ info ] [ HEADER ] array (
  'host' => '192.168.0.70',
  'user-agent' => 'Mozilla/5.0 (Windows NT 10.0; Win64; x64; rv:70.0) Gecko/20100101 Firefox/70.0',
  'accept' => 'text/html,application/xhtml+xml,application/xml;q=0.9,*/*;q=0.8',
  'accept-language' => 'zh-CN,zh;q=0.8,zh-TW;q=0.7,zh-HK;q=0.5,en-US;q=0.3,en;q=0.2',
  'accept-encoding' => 'gzip, deflate',
  'connection' => 'keep-alive',
  'referer' => 'http://192.168.0.70/think/public/index.php/oyh/stock/outgoods.html',
  'upgrade-insecure-requests' => '1',
)
[ info ] [ PARAM ] array (
)
[ info ] [ RUN ] app\oyh\controller\Stock->index[ D:\www\think\application\oyh\controller\Stock.php ]
[ info ] [ DB ] INIT mysql
[ info ] [ VIEW ] D:\www\think\public/../application/oyh\view\stock\index.html [ array (
  0 => 'deliver',
  1 => 'sumrelt',
) ]
[ info ] [ LOG ] INIT File
[ sql ] [ DB ] CONNECT:[ UseTime:0.012311s ] mysql:host=192.168.0.118;port=3306;dbname=erp_sync;charset=utf8
[ sql ] [ SQL ] select b.code as code,fhdate as fh_date,b.scode as scode,name,sbox,volume,amt from 
 (select a.code as code,concat(ifnull(in_wh_code,''),ifnull(cust_code,''))as 
 scode,bill_date, max(box)as sbox,max(box_volume) as volume,
 sum(product_bill.qty)as sqty,ifnull(sum(net_amount),'') as amt,max(fh_date) as fhdate from
(select id,code,in_wh_code,cust_code,bill_date from bill_index
 where bill_date between '2019-11-12' and '2019-11-19' 
 and bill_type in ('MOVE_NOTE','SO2','ZENG_SONG'))a inner join
 product_bill on a.id=product_bill.bill_index_id inner join 
 product_bill_box on product_bill.id=product_bill_box.product_bill_id
 group by a.code having fhdate between '2019-11-17' and '2019-11-19' order by fhdate desc)b
 inner join (select warehouse_code,warehouse_name as name from stock group by warehouse_code)c on
 b.scode=c.warehouse_code where (select count(1) from fh_wait where b.code=fh_wait.code)=0 [ RunTime:0.331269s ]
---------------------------------------------------------------
[ 2019-11-18T09:16:01+08:00 ] 192.168.0.70 GET 192.168.0.70/think/public/index.php/oyh/stock/sting.html
[运行时间：0.053075s] [吞吐率：18.84req/s] [内存消耗：417.79kb] [文件加载：47]
[ info ] [ LANG ] D:\www\think\thinkphp\lang\zh-cn.php
[ info ] [ ROUTE ] array (
  'type' => 'module',
  'module' => 
  array (
    0 => 'oyh',
    1 => 'stock',
    2 => 'sting',
  ),
)
[ info ] [ HEADER ] array (
  'host' => '192.168.0.70',
  'user-agent' => 'Mozilla/5.0 (Windows NT 10.0; Win64; x64; rv:70.0) Gecko/20100101 Firefox/70.0',
  'accept' => 'text/html,application/xhtml+xml,application/xml;q=0.9,*/*;q=0.8',
  'accept-language' => 'zh-CN,zh;q=0.8,zh-TW;q=0.7,zh-HK;q=0.5,en-US;q=0.3,en;q=0.2',
  'accept-encoding' => 'gzip, deflate',
  'connection' => 'keep-alive',
  'referer' => 'http://192.168.0.70/think/public/index.php/oyh/stock/index.html',
  'upgrade-insecure-requests' => '1',
)
[ info ] [ PARAM ] array (
)
[ info ] [ RUN ] app\oyh\controller\Stock->sting[ D:\www\think\application\oyh\controller\Stock.php ]
[ info ] [ DB ] INIT mysql
[ info ] [ VIEW ] D:\www\think\public/../application/oyh\view\stock\sting.html [ array (
  0 => 'shop',
  1 => 'unit',
) ]
[ info ] [ LOG ] INIT File
[ sql ] [ DB ] CONNECT:[ UseTime:0.012978s ] mysql:host=192.168.0.118;port=3306;dbname=erp_sync;charset=utf8
[ sql ] [ SQL ] select code,name from v_shop where (select count(1) from wl_info where v_shop.code=wl_info.code)=0 [ RunTime:0.025329s ]
[ sql ] [ SQL ] select wl_code,name from v_wl_unit where name<>'Otest' [ RunTime:0.004253s ]
---------------------------------------------------------------
[ 2019-11-18T09:16:03+08:00 ] 192.168.0.70 GET 192.168.0.70/think/public/index.php/oyh/stock/index.html
[运行时间：0.138395s] [吞吐率：7.23req/s] [内存消耗：434.90kb] [文件加载：50]
[ info ] [ LANG ] D:\www\think\thinkphp\lang\zh-cn.php
[ info ] [ ROUTE ] array (
  'type' => 'module',
  'module' => 
  array (
    0 => 'oyh',
    1 => 'stock',
    2 => 'index',
  ),
)
[ info ] [ HEADER ] array (
  'host' => '192.168.0.70',
  'user-agent' => 'Mozilla/5.0 (Windows NT 10.0; Win64; x64; rv:70.0) Gecko/20100101 Firefox/70.0',
  'accept' => 'text/html,application/xhtml+xml,application/xml;q=0.9,*/*;q=0.8',
  'accept-language' => 'zh-CN,zh;q=0.8,zh-TW;q=0.7,zh-HK;q=0.5,en-US;q=0.3,en;q=0.2',
  'accept-encoding' => 'gzip, deflate',
  'connection' => 'keep-alive',
  'referer' => 'http://192.168.0.70/think/public/index.php/oyh/stock/sting.html',
  'upgrade-insecure-requests' => '1',
)
[ info ] [ PARAM ] array (
)
[ info ] [ RUN ] app\oyh\controller\Stock->index[ D:\www\think\application\oyh\controller\Stock.php ]
[ info ] [ DB ] INIT mysql
[ info ] [ VIEW ] D:\www\think\public/../application/oyh\view\stock\index.html [ array (
  0 => 'deliver',
  1 => 'sumrelt',
) ]
[ info ] [ LOG ] INIT File
[ sql ] [ DB ] CONNECT:[ UseTime:0.012464s ] mysql:host=192.168.0.118;port=3306;dbname=erp_sync;charset=utf8
[ sql ] [ SQL ] select b.code as code,fhdate as fh_date,b.scode as scode,name,sbox,volume,amt from 
 (select a.code as code,concat(ifnull(in_wh_code,''),ifnull(cust_code,''))as 
 scode,bill_date, max(box)as sbox,max(box_volume) as volume,
 sum(product_bill.qty)as sqty,ifnull(sum(net_amount),'') as amt,max(fh_date) as fhdate from
(select id,code,in_wh_code,cust_code,bill_date from bill_index
 where bill_date between '2019-11-12' and '2019-11-19' 
 and bill_type in ('MOVE_NOTE','SO2','ZENG_SONG'))a inner join
 product_bill on a.id=product_bill.bill_index_id inner join 
 product_bill_box on product_bill.id=product_bill_box.product_bill_id
 group by a.code having fhdate between '2019-11-17' and '2019-11-19' order by fhdate desc)b
 inner join (select warehouse_code,warehouse_name as name from stock group by warehouse_code)c on
 b.scode=c.warehouse_code where (select count(1) from fh_wait where b.code=fh_wait.code)=0 [ RunTime:0.117040s ]
---------------------------------------------------------------
[ 2019-11-18T09:16:06+08:00 ] 192.168.0.70 GET 192.168.0.70/think/public/index.php/oyh/stock/sting.html
[运行时间：0.058142s] [吞吐率：17.20req/s] [内存消耗：416.70kb] [文件加载：47]
[ info ] [ LANG ] D:\www\think\thinkphp\lang\zh-cn.php
[ info ] [ ROUTE ] array (
  'type' => 'module',
  'module' => 
  array (
    0 => 'oyh',
    1 => 'stock',
    2 => 'sting',
  ),
)
[ info ] [ HEADER ] array (
  'host' => '192.168.0.70',
  'user-agent' => 'Mozilla/5.0 (Windows NT 10.0; Win64; x64; rv:70.0) Gecko/20100101 Firefox/70.0',
  'accept' => 'text/html,application/xhtml+xml,application/xml;q=0.9,*/*;q=0.8',
  'accept-language' => 'zh-CN,zh;q=0.8,zh-TW;q=0.7,zh-HK;q=0.5,en-US;q=0.3,en;q=0.2',
  'accept-encoding' => 'gzip, deflate',
  'connection' => 'keep-alive',
  'referer' => 'http://192.168.0.70/think/public/index.php/oyh/stock/index.html',
  'upgrade-insecure-requests' => '1',
)
[ info ] [ PARAM ] array (
)
[ info ] [ RUN ] app\oyh\controller\Stock->sting[ D:\www\think\application\oyh\controller\Stock.php ]
[ info ] [ DB ] INIT mysql
[ info ] [ VIEW ] D:\www\think\public/../application/oyh\view\stock\sting.html [ array (
  0 => 'shop',
  1 => 'unit',
) ]
[ info ] [ LOG ] INIT File
[ sql ] [ DB ] CONNECT:[ UseTime:0.013288s ] mysql:host=192.168.0.118;port=3306;dbname=erp_sync;charset=utf8
[ sql ] [ SQL ] select code,name from v_shop where (select count(1) from wl_info where v_shop.code=wl_info.code)=0 [ RunTime:0.023068s ]
[ sql ] [ SQL ] select wl_code,name from v_wl_unit where name<>'Otest' [ RunTime:0.003581s ]
---------------------------------------------------------------
[ 2019-11-18T09:16:09+08:00 ] 192.168.0.70 GET 192.168.0.70/think/public/index.php/oyh/stock/index.html
[运行时间：0.119361s] [吞吐率：8.38req/s] [内存消耗：434.90kb] [文件加载：50]
[ info ] [ LANG ] D:\www\think\thinkphp\lang\zh-cn.php
[ info ] [ ROUTE ] array (
  'type' => 'module',
  'module' => 
  array (
    0 => 'oyh',
    1 => 'stock',
    2 => 'index',
  ),
)
[ info ] [ HEADER ] array (
  'host' => '192.168.0.70',
  'user-agent' => 'Mozilla/5.0 (Windows NT 10.0; Win64; x64; rv:70.0) Gecko/20100101 Firefox/70.0',
  'accept' => 'text/html,application/xhtml+xml,application/xml;q=0.9,*/*;q=0.8',
  'accept-language' => 'zh-CN,zh;q=0.8,zh-TW;q=0.7,zh-HK;q=0.5,en-US;q=0.3,en;q=0.2',
  'accept-encoding' => 'gzip, deflate',
  'connection' => 'keep-alive',
  'referer' => 'http://192.168.0.70/think/public/index.php/oyh/stock/sting.html',
  'upgrade-insecure-requests' => '1',
)
[ info ] [ PARAM ] array (
)
[ info ] [ RUN ] app\oyh\controller\Stock->index[ D:\www\think\application\oyh\controller\Stock.php ]
[ info ] [ DB ] INIT mysql
[ info ] [ VIEW ] D:\www\think\public/../application/oyh\view\stock\index.html [ array (
  0 => 'deliver',
  1 => 'sumrelt',
) ]
[ info ] [ LOG ] INIT File
[ sql ] [ DB ] CONNECT:[ UseTime:0.012591s ] mysql:host=192.168.0.118;port=3306;dbname=erp_sync;charset=utf8
[ sql ] [ SQL ] select b.code as code,fhdate as fh_date,b.scode as scode,name,sbox,volume,amt from 
 (select a.code as code,concat(ifnull(in_wh_code,''),ifnull(cust_code,''))as 
 scode,bill_date, max(box)as sbox,max(box_volume) as volume,
 sum(product_bill.qty)as sqty,ifnull(sum(net_amount),'') as amt,max(fh_date) as fhdate from
(select id,code,in_wh_code,cust_code,bill_date from bill_index
 where bill_date between '2019-11-12' and '2019-11-19' 
 and bill_type in ('MOVE_NOTE','SO2','ZENG_SONG'))a inner join
 product_bill on a.id=product_bill.bill_index_id inner join 
 product_bill_box on product_bill.id=product_bill_box.product_bill_id
 group by a.code having fhdate between '2019-11-17' and '2019-11-19' order by fhdate desc)b
 inner join (select warehouse_code,warehouse_name as name from stock group by warehouse_code)c on
 b.scode=c.warehouse_code where (select count(1) from fh_wait where b.code=fh_wait.code)=0 [ RunTime:0.096958s ]
---------------------------------------------------------------
[ 2019-11-18T09:16:11+08:00 ] 192.168.0.70 GET 192.168.0.70/think/public/index.php/oyh/stock/outgoods.html
[运行时间：0.007244s] [吞吐率：138.05req/s] [内存消耗：242.91kb] [文件加载：41]
[ info ] [ LANG ] D:\www\think\thinkphp\lang\zh-cn.php
[ info ] [ ROUTE ] array (
  'type' => 'module',
  'module' => 
  array (
    0 => 'oyh',
    1 => 'stock',
    2 => 'outgoods',
  ),
)
[ info ] [ HEADER ] array (
  'host' => '192.168.0.70',
  'user-agent' => 'Mozilla/5.0 (Windows NT 10.0; Win64; x64; rv:70.0) Gecko/20100101 Firefox/70.0',
  'accept' => 'text/html,application/xhtml+xml,application/xml;q=0.9,*/*;q=0.8',
  'accept-language' => 'zh-CN,zh;q=0.8,zh-TW;q=0.7,zh-HK;q=0.5,en-US;q=0.3,en;q=0.2',
  'accept-encoding' => 'gzip, deflate',
  'connection' => 'keep-alive',
  'referer' => 'http://192.168.0.70/think/public/index.php/oyh/stock/index.html',
  'upgrade-insecure-requests' => '1',
)
[ info ] [ PARAM ] array (
)
[ info ] [ RUN ] app\oyh\controller\Stock->outgoods[ D:\www\think\application\oyh\controller\Stock.php ]
[ info ] [ VIEW ] D:\www\think\public/../application/oyh\view\stock\outgoods.html [ array (
) ]
[ info ] [ LOG ] INIT File
---------------------------------------------------------------
[ 2019-11-18T09:16:15+08:00 ] 192.168.0.70 GET 192.168.0.70/think/public/index.php/oyh/stock/index.html
[运行时间：0.049127s] [吞吐率：20.36req/s] [内存消耗：434.90kb] [文件加载：50]
[ info ] [ LANG ] D:\www\think\thinkphp\lang\zh-cn.php
[ info ] [ ROUTE ] array (
  'type' => 'module',
  'module' => 
  array (
    0 => 'oyh',
    1 => 'stock',
    2 => 'index',
  ),
)
[ info ] [ HEADER ] array (
  'host' => '192.168.0.70',
  'user-agent' => 'Mozilla/5.0 (Windows NT 10.0; Win64; x64; rv:70.0) Gecko/20100101 Firefox/70.0',
  'accept' => 'text/html,application/xhtml+xml,application/xml;q=0.9,*/*;q=0.8',
  'accept-language' => 'zh-CN,zh;q=0.8,zh-TW;q=0.7,zh-HK;q=0.5,en-US;q=0.3,en;q=0.2',
  'accept-encoding' => 'gzip, deflate',
  'connection' => 'keep-alive',
  'referer' => 'http://192.168.0.70/think/public/index.php/oyh/stock/outgoods.html',
  'upgrade-insecure-requests' => '1',
)
[ info ] [ PARAM ] array (
)
[ info ] [ RUN ] app\oyh\controller\Stock->index[ D:\www\think\application\oyh\controller\Stock.php ]
[ info ] [ DB ] INIT mysql
[ info ] [ VIEW ] D:\www\think\public/../application/oyh\view\stock\index.html [ array (
  0 => 'deliver',
  1 => 'sumrelt',
) ]
[ info ] [ LOG ] INIT File
[ sql ] [ DB ] CONNECT:[ UseTime:0.012137s ] mysql:host=192.168.0.118;port=3306;dbname=erp_sync;charset=utf8
[ sql ] [ SQL ] select b.code as code,fhdate as fh_date,b.scode as scode,name,sbox,volume,amt from 
 (select a.code as code,concat(ifnull(in_wh_code,''),ifnull(cust_code,''))as 
 scode,bill_date, max(box)as sbox,max(box_volume) as volume,
 sum(product_bill.qty)as sqty,ifnull(sum(net_amount),'') as amt,max(fh_date) as fhdate from
(select id,code,in_wh_code,cust_code,bill_date from bill_index
 where bill_date between '2019-11-12' and '2019-11-19' 
 and bill_type in ('MOVE_NOTE','SO2','ZENG_SONG'))a inner join
 product_bill on a.id=product_bill.bill_index_id inner join 
 product_bill_box on product_bill.id=product_bill_box.product_bill_id
 group by a.code having fhdate between '2019-11-17' and '2019-11-19' order by fhdate desc)b
 inner join (select warehouse_code,warehouse_name as name from stock group by warehouse_code)c on
 b.scode=c.warehouse_code where (select count(1) from fh_wait where b.code=fh_wait.code)=0 [ RunTime:0.027909s ]
---------------------------------------------------------------
[ 2019-11-18T11:51:14+08:00 ] 192.168.0.70 GET 192.168.0.70/think/public/index.php/oyh/home/index
[运行时间：0.023557s] [吞吐率：42.45req/s] [内存消耗：242.20kb] [文件加载：41]
[ info ] [ LANG ] D:\www\think\thinkphp\lang\zh-cn.php
[ info ] [ ROUTE ] array (
  'type' => 'module',
  'module' => 
  array (
    0 => 'oyh',
    1 => 'home',
    2 => 'index',
  ),
)
[ info ] [ HEADER ] array (
  'host' => '192.168.0.70',
  'user-agent' => 'Mozilla/5.0 (Windows NT 10.0; Win64; x64; rv:70.0) Gecko/20100101 Firefox/70.0',
  'accept' => 'text/html,application/xhtml+xml,application/xml;q=0.9,*/*;q=0.8',
  'accept-language' => 'zh-CN,zh;q=0.8,zh-TW;q=0.7,zh-HK;q=0.5,en-US;q=0.3,en;q=0.2',
  'accept-encoding' => 'gzip, deflate',
  'connection' => 'keep-alive',
  'upgrade-insecure-requests' => '1',
)
[ info ] [ PARAM ] array (
)
[ info ] [ RUN ] app\oyh\controller\Home->index[ D:\www\think\application\oyh\controller\Home.php ]
[ info ] [ VIEW ] D:\www\think\public/../application/oyh\view\home\index.html [ array (
) ]
[ info ] [ LOG ] INIT File
---------------------------------------------------------------
[ 2019-11-18T12:27:05+08:00 ] 192.168.0.70 GET 192.168.0.70/think/public/index.php/oyh/stock/index.html
[运行时间：0.182524s] [吞吐率：5.48req/s] [内存消耗：434.90kb] [文件加载：50]
[ info ] [ LANG ] D:\www\think\thinkphp\lang\zh-cn.php
[ info ] [ ROUTE ] array (
  'type' => 'module',
  'module' => 
  array (
    0 => 'oyh',
    1 => 'stock',
    2 => 'index',
  ),
)
[ info ] [ HEADER ] array (
  'host' => '192.168.0.70',
  'user-agent' => 'Mozilla/5.0 (Windows NT 10.0; Win64; x64; rv:70.0) Gecko/20100101 Firefox/70.0',
  'accept' => 'text/html,application/xhtml+xml,application/xml;q=0.9,*/*;q=0.8',
  'accept-language' => 'zh-CN,zh;q=0.8,zh-TW;q=0.7,zh-HK;q=0.5,en-US;q=0.3,en;q=0.2',
  'accept-encoding' => 'gzip, deflate',
  'connection' => 'keep-alive',
  'referer' => 'http://192.168.0.70/think/public/index.php/oyh/home/index',
  'upgrade-insecure-requests' => '1',
)
[ info ] [ PARAM ] array (
)
[ info ] [ RUN ] app\oyh\controller\Stock->index[ D:\www\think\application\oyh\controller\Stock.php ]
[ info ] [ DB ] INIT mysql
[ info ] [ VIEW ] D:\www\think\public/../application/oyh\view\stock\index.html [ array (
  0 => 'deliver',
  1 => 'sumrelt',
) ]
[ info ] [ LOG ] INIT File
[ sql ] [ DB ] CONNECT:[ UseTime:0.011967s ] mysql:host=192.168.0.118;port=3306;dbname=erp_sync;charset=utf8
[ sql ] [ SQL ] select b.code as code,fhdate as fh_date,b.scode as scode,name,sbox,volume,amt from 
 (select a.code as code,concat(ifnull(in_wh_code,''),ifnull(cust_code,''))as 
 scode,bill_date, max(box)as sbox,max(box_volume) as volume,
 sum(product_bill.qty)as sqty,ifnull(sum(net_amount),'') as amt,max(fh_date) as fhdate from
(select id,code,in_wh_code,cust_code,bill_date from bill_index
 where bill_date between '2019-11-12' and '2019-11-19' 
 and bill_type in ('MOVE_NOTE','SO2','ZENG_SONG'))a inner join
 product_bill on a.id=product_bill.bill_index_id inner join 
 product_bill_box on product_bill.id=product_bill_box.product_bill_id
 group by a.code having fhdate between '2019-11-17' and '2019-11-19' order by fhdate desc)b
 inner join (select warehouse_code,warehouse_name as name from stock group by warehouse_code)c on
 b.scode=c.warehouse_code where (select count(1) from fh_wait where b.code=fh_wait.code)=0 [ RunTime:0.143222s ]
