---------------------------------------------------------------
[ 2019-11-22T11:29:20+08:00 ] 192.168.0.70 GET 192.168.0.70/think/public/index.php/oyh/home/index
[运行时间：0.094062s] [吞吐率：10.63req/s] [内存消耗：374.62kb] [文件加载：41]
[ info ] [ LANG ] D:\www\think\thinkphp\lang\zh-cn.php
[ info ] [ ROUTE ] array (
  'type' => 'module',
  'module' => 
  array (
    0 => 'oyh',
    1 => 'home',
    2 => 'index',
  ),
)
[ info ] [ HEADER ] array (
  'host' => '192.168.0.70',
  'user-agent' => 'Mozilla/5.0 (Windows NT 10.0; Win64; x64; rv:70.0) Gecko/20100101 Firefox/70.0',
  'accept' => 'text/html,application/xhtml+xml,application/xml;q=0.9,*/*;q=0.8',
  'accept-language' => 'zh-CN,zh;q=0.8,zh-TW;q=0.7,zh-HK;q=0.5,en-US;q=0.3,en;q=0.2',
  'accept-encoding' => 'gzip, deflate',
  'connection' => 'keep-alive',
  'upgrade-insecure-requests' => '1',
)
[ info ] [ PARAM ] array (
)
[ info ] [ RUN ] app\oyh\controller\Home->index[ D:\www\think\application\oyh\controller\Home.php ]
[ info ] [ VIEW ] D:\www\think\public/../application/oyh\view\home\index.html [ array (
) ]
[ info ] [ LOG ] INIT File
---------------------------------------------------------------
[ 2019-11-22T11:29:25+08:00 ] 192.168.0.70 GET 192.168.0.70/think/public/index.php/oyh/stock/index.html
[运行时间：2.046253s] [吞吐率：0.49req/s] [内存消耗：572.60kb] [文件加载：50]
[ info ] [ LANG ] D:\www\think\thinkphp\lang\zh-cn.php
[ info ] [ ROUTE ] array (
  'type' => 'module',
  'module' => 
  array (
    0 => 'oyh',
    1 => 'stock',
    2 => 'index',
  ),
)
[ info ] [ HEADER ] array (
  'host' => '192.168.0.70',
  'user-agent' => 'Mozilla/5.0 (Windows NT 10.0; Win64; x64; rv:70.0) Gecko/20100101 Firefox/70.0',
  'accept' => 'text/html,application/xhtml+xml,application/xml;q=0.9,*/*;q=0.8',
  'accept-language' => 'zh-CN,zh;q=0.8,zh-TW;q=0.7,zh-HK;q=0.5,en-US;q=0.3,en;q=0.2',
  'accept-encoding' => 'gzip, deflate',
  'connection' => 'keep-alive',
  'referer' => 'http://192.168.0.70/think/public/index.php/oyh/home/index',
  'upgrade-insecure-requests' => '1',
)
[ info ] [ PARAM ] array (
)
[ info ] [ RUN ] app\oyh\controller\Stock->index[ D:\www\think\application\oyh\controller\Stock.php ]
[ info ] [ DB ] INIT mysql
[ info ] [ VIEW ] D:\www\think\public/../application/oyh\view\stock\index.html [ array (
  0 => 'deliver',
  1 => 'sumrelt',
) ]
[ info ] [ LOG ] INIT File
[ sql ] [ DB ] CONNECT:[ UseTime:0.060541s ] mysql:host=192.168.0.118;port=3306;dbname=erp_sync;charset=utf8
[ sql ] [ SQL ] select b.code as code,fhdate as fh_date,b.scode as scode,name,sbox,volume,amt from 
 (select a.code as code,concat(ifnull(in_wh_code,''),ifnull(cust_code,''))as 
 scode,bill_date, max(box)as sbox,max(box_volume) as volume,
 sum(product_bill.qty)as sqty,ifnull(sum(net_amount),'') as amt,max(fh_date) as fhdate from
(select id,code,in_wh_code,cust_code,bill_date from bill_index
 where bill_date between '2019-11-16' and '2019-11-23' 
 and bill_type in ('MOVE_NOTE','SO2','ZENG_SONG'))a inner join
 product_bill on a.id=product_bill.bill_index_id inner join 
 product_bill_box on product_bill.id=product_bill_box.product_bill_id
 group by a.code having fhdate between '2019-11-21' and '2019-11-23' order by fhdate desc)b
 inner join (select warehouse_code,warehouse_name as name from stock group by warehouse_code)c on
 b.scode=c.warehouse_code where (select count(1) from fh_wait where b.code=fh_wait.code)=0 [ RunTime:1.929845s ]
---------------------------------------------------------------
[ 2019-11-22T11:30:24+08:00 ] 192.168.0.70 GET 192.168.0.70/think/public/index.php/oyh/stock/outgoods.html
[运行时间：0.094729s] [吞吐率：10.56req/s] [内存消耗：496.40kb] [文件加载：47]
[ info ] [ LANG ] D:\www\think\thinkphp\lang\zh-cn.php
[ info ] [ ROUTE ] array (
  'type' => 'module',
  'module' => 
  array (
    0 => 'oyh',
    1 => 'stock',
    2 => 'outgoods',
  ),
)
[ info ] [ HEADER ] array (
  'host' => '192.168.0.70',
  'user-agent' => 'Mozilla/5.0 (Windows NT 10.0; Win64; x64; rv:70.0) Gecko/20100101 Firefox/70.0',
  'accept' => 'text/html,application/xhtml+xml,application/xml;q=0.9,*/*;q=0.8',
  'accept-language' => 'zh-CN,zh;q=0.8,zh-TW;q=0.7,zh-HK;q=0.5,en-US;q=0.3,en;q=0.2',
  'accept-encoding' => 'gzip, deflate',
  'connection' => 'keep-alive',
  'referer' => 'http://192.168.0.70/think/public/index.php/oyh/stock/index.html',
  'upgrade-insecure-requests' => '1',
)
[ info ] [ PARAM ] array (
)
[ info ] [ RUN ] app\oyh\controller\Stock->outgoods[ D:\www\think\application\oyh\controller\Stock.php ]
[ info ] [ DB ] INIT mysql
[ info ] [ VIEW ] D:\www\think\public/../application/oyh\view\stock\outgoods.html [ array (
  0 => 'v',
  1 => 'data',
  2 => 'mydata',
) ]
[ info ] [ LOG ] INIT File
[ sql ] [ DB ] CONNECT:[ UseTime:0.026151s ] mysql:host=192.168.0.118;port=3306;dbname=erp_sync;charset=utf8
[ sql ] [ SQL ] select id,单号,仓库编码,仓库名称,收货人,电话,货运部名称,货运部编码,件数,体积,发货单价,
		round(体积*发货单价,2) as 运费 from (select id,stock_code,code as 单号,box as 件数,round(volume,4) as 体积
		from fh_wait where status=0) a inner join (select v_shop.code as 仓库编码,v_shop.name as 仓库名称,
		v_shop.contact_person as 收货人,v_shop.contact_mobile as 电话,wl_info.fh_price as 发货单价,
		v_wl_unit.name as 货运部名称,v_wl_unit.wl_code as 货运部编码 from v_shop inner join wl_info
		on v_shop.code=wl_info.code inner join v_wl_unit on wl_info.wl_code=v_wl_unit.wl_code)b 
		on a.stock_code=b.仓库编码 order by 货运部名称 desc [ RunTime:0.049443s ]
---------------------------------------------------------------
[ 2019-11-22T11:42:13+08:00 ] 192.168.0.70 GET 192.168.0.70/think/public/index.php/oyh/stock/index.html
[运行时间：1.902166s] [吞吐率：0.53req/s] [内存消耗：442.38kb] [文件加载：50]
[ info ] [ LANG ] D:\www\think\thinkphp\lang\zh-cn.php
[ info ] [ ROUTE ] array (
  'type' => 'module',
  'module' => 
  array (
    0 => 'oyh',
    1 => 'stock',
    2 => 'index',
  ),
)
[ info ] [ HEADER ] array (
  'host' => '192.168.0.70',
  'user-agent' => 'Mozilla/5.0 (Windows NT 10.0; Win64; x64; rv:70.0) Gecko/20100101 Firefox/70.0',
  'accept' => 'text/html,application/xhtml+xml,application/xml;q=0.9,*/*;q=0.8',
  'accept-language' => 'zh-CN,zh;q=0.8,zh-TW;q=0.7,zh-HK;q=0.5,en-US;q=0.3,en;q=0.2',
  'accept-encoding' => 'gzip, deflate',
  'connection' => 'keep-alive',
  'referer' => 'http://192.168.0.70/think/public/index.php/oyh/stock/outgoods.html',
  'upgrade-insecure-requests' => '1',
)
[ info ] [ PARAM ] array (
)
[ info ] [ RUN ] app\oyh\controller\Stock->index[ D:\www\think\application\oyh\controller\Stock.php ]
[ info ] [ DB ] INIT mysql
[ info ] [ VIEW ] D:\www\think\public/../application/oyh\view\stock\index.html [ array (
  0 => 'deliver',
  1 => 'sumrelt',
) ]
[ info ] [ LOG ] INIT File
[ sql ] [ DB ] CONNECT:[ UseTime:0.049332s ] mysql:host=192.168.0.118;port=3306;dbname=erp_sync;charset=utf8
[ sql ] [ SQL ] select b.code as code,fhdate as fh_date,b.scode as scode,name,sbox,volume,amt from 
 (select a.code as code,concat(ifnull(in_wh_code,''),ifnull(cust_code,''))as 
 scode,bill_date, max(box)as sbox,max(box_volume) as volume,
 sum(product_bill.qty)as sqty,ifnull(sum(net_amount),'') as amt,max(fh_date) as fhdate from
(select id,code,in_wh_code,cust_code,bill_date from bill_index
 where bill_date between '2019-11-16' and '2019-11-23' 
 and bill_type in ('MOVE_NOTE','SO2','ZENG_SONG'))a inner join
 product_bill on a.id=product_bill.bill_index_id inner join 
 product_bill_box on product_bill.id=product_bill_box.product_bill_id
 group by a.code having fhdate between '2019-11-21' and '2019-11-23' order by fhdate desc)b
 inner join (select warehouse_code,warehouse_name as name from stock group by warehouse_code)c on
 b.scode=c.warehouse_code where (select count(1) from fh_wait where b.code=fh_wait.code)=0 [ RunTime:1.834542s ]
---------------------------------------------------------------
[ 2019-11-22T11:43:16+08:00 ] 192.168.0.70 GET 192.168.0.70/think/public/index.php/oyh/stock/index.html
[运行时间：1.209920s] [吞吐率：0.83req/s] [内存消耗：442.30kb] [文件加载：50]
[ info ] [ LANG ] D:\www\think\thinkphp\lang\zh-cn.php
[ info ] [ ROUTE ] array (
  'type' => 'module',
  'module' => 
  array (
    0 => 'oyh',
    1 => 'stock',
    2 => 'index',
  ),
)
[ info ] [ HEADER ] array (
  'host' => '192.168.0.70',
  'user-agent' => 'Mozilla/5.0 (Windows NT 10.0; Win64; x64; rv:70.0) Gecko/20100101 Firefox/70.0',
  'accept' => 'text/html,application/xhtml+xml,application/xml;q=0.9,*/*;q=0.8',
  'accept-language' => 'zh-CN,zh;q=0.8,zh-TW;q=0.7,zh-HK;q=0.5,en-US;q=0.3,en;q=0.2',
  'accept-encoding' => 'gzip, deflate',
  'connection' => 'keep-alive',
  'upgrade-insecure-requests' => '1',
)
[ info ] [ PARAM ] array (
)
[ info ] [ RUN ] app\oyh\controller\Stock->index[ D:\www\think\application\oyh\controller\Stock.php ]
[ info ] [ DB ] INIT mysql
[ info ] [ VIEW ] D:\www\think\public/../application/oyh\view\stock\index.html [ array (
  0 => 'deliver',
  1 => 'sumrelt',
) ]
[ info ] [ LOG ] INIT File
[ sql ] [ DB ] CONNECT:[ UseTime:0.017420s ] mysql:host=192.168.0.118;port=3306;dbname=erp_sync;charset=utf8
[ sql ] [ SQL ] select b.code as code,fhdate as fh_date,b.scode as scode,name,sbox,volume,amt from 
 (select a.code as code,concat(ifnull(in_wh_code,''),ifnull(cust_code,''))as 
 scode,bill_date, max(box)as sbox,sum(box_volume) as volume,
 sum(product_bill.qty)as sqty,ifnull(sum(net_amount),'') as amt,max(fh_date) as fhdate from
(select id,code,in_wh_code,cust_code,bill_date from bill_index
 where bill_date between '2019-11-16' and '2019-11-23' 
 and bill_type in ('MOVE_NOTE','SO2','ZENG_SONG'))a inner join
 product_bill on a.id=product_bill.bill_index_id inner join 
 product_bill_box on product_bill.id=product_bill_box.product_bill_id
 group by a.code having fhdate between '2019-11-21' and '2019-11-23' order by fhdate desc)b
 inner join (select warehouse_code,warehouse_name as name from stock group by warehouse_code)c on
 b.scode=c.warehouse_code where (select count(1) from fh_wait where b.code=fh_wait.code)=0 [ RunTime:1.174897s ]
---------------------------------------------------------------
[ 2019-11-22T11:44:26+08:00 ] 192.168.0.70 GET 192.168.0.70/think/public/index.php/oyh/stock/index.html
[运行时间：1.219254s] [吞吐率：0.82req/s] [内存消耗：442.30kb] [文件加载：50]
[ info ] [ LANG ] D:\www\think\thinkphp\lang\zh-cn.php
[ info ] [ ROUTE ] array (
  'type' => 'module',
  'module' => 
  array (
    0 => 'oyh',
    1 => 'stock',
    2 => 'index',
  ),
)
[ info ] [ HEADER ] array (
  'host' => '192.168.0.70',
  'user-agent' => 'Mozilla/5.0 (Windows NT 10.0; Win64; x64; rv:70.0) Gecko/20100101 Firefox/70.0',
  'accept' => 'text/html,application/xhtml+xml,application/xml;q=0.9,*/*;q=0.8',
  'accept-language' => 'zh-CN,zh;q=0.8,zh-TW;q=0.7,zh-HK;q=0.5,en-US;q=0.3,en;q=0.2',
  'accept-encoding' => 'gzip, deflate',
  'connection' => 'keep-alive',
  'upgrade-insecure-requests' => '1',
)
[ info ] [ PARAM ] array (
)
[ info ] [ RUN ] app\oyh\controller\Stock->index[ D:\www\think\application\oyh\controller\Stock.php ]
[ info ] [ DB ] INIT mysql
[ info ] [ VIEW ] D:\www\think\public/../application/oyh\view\stock\index.html [ array (
  0 => 'deliver',
  1 => 'sumrelt',
) ]
[ info ] [ LOG ] INIT File
[ sql ] [ DB ] CONNECT:[ UseTime:0.011399s ] mysql:host=192.168.0.118;port=3306;dbname=erp_sync;charset=utf8
[ sql ] [ SQL ] select b.code as code,fhdate as fh_date,b.scode as scode,name,sbox,volume,amt from 
 (select a.code as code,concat(ifnull(in_wh_code,''),ifnull(cust_code,''))as 
 scode,bill_date, max(box)as sbox,round(sum(box_volume),2) as volume,
 sum(product_bill.qty)as sqty,ifnull(sum(net_amount),'') as amt,max(fh_date) as fhdate from
(select id,code,in_wh_code,cust_code,bill_date from bill_index
 where bill_date between '2019-11-16' and '2019-11-23' 
 and bill_type in ('MOVE_NOTE','SO2','ZENG_SONG'))a inner join
 product_bill on a.id=product_bill.bill_index_id inner join 
 product_bill_box on product_bill.id=product_bill_box.product_bill_id
 group by a.code having fhdate between '2019-11-21' and '2019-11-23' order by fhdate desc)b
 inner join (select warehouse_code,warehouse_name as name from stock group by warehouse_code)c on
 b.scode=c.warehouse_code where (select count(1) from fh_wait where b.code=fh_wait.code)=0 [ RunTime:1.185725s ]
---------------------------------------------------------------
[ 2019-11-22T11:44:44+08:00 ] 192.168.0.70 GET 192.168.0.70/think/public/index.php/oyh/stock/index.html
[运行时间：1.005077s] [吞吐率：0.99req/s] [内存消耗：442.30kb] [文件加载：50]
[ info ] [ LANG ] D:\www\think\thinkphp\lang\zh-cn.php
[ info ] [ ROUTE ] array (
  'type' => 'module',
  'module' => 
  array (
    0 => 'oyh',
    1 => 'stock',
    2 => 'index',
  ),
)
[ info ] [ HEADER ] array (
  'host' => '192.168.0.70',
  'user-agent' => 'Mozilla/5.0 (Windows NT 10.0; Win64; x64; rv:70.0) Gecko/20100101 Firefox/70.0',
  'accept' => 'text/html,application/xhtml+xml,application/xml;q=0.9,*/*;q=0.8',
  'accept-language' => 'zh-CN,zh;q=0.8,zh-TW;q=0.7,zh-HK;q=0.5,en-US;q=0.3,en;q=0.2',
  'accept-encoding' => 'gzip, deflate',
  'connection' => 'keep-alive',
  'upgrade-insecure-requests' => '1',
)
[ info ] [ PARAM ] array (
)
[ info ] [ RUN ] app\oyh\controller\Stock->index[ D:\www\think\application\oyh\controller\Stock.php ]
[ info ] [ DB ] INIT mysql
[ info ] [ VIEW ] D:\www\think\public/../application/oyh\view\stock\index.html [ array (
  0 => 'deliver',
  1 => 'sumrelt',
) ]
[ info ] [ LOG ] INIT File
[ sql ] [ DB ] CONNECT:[ UseTime:0.012971s ] mysql:host=192.168.0.118;port=3306;dbname=erp_sync;charset=utf8
[ sql ] [ SQL ] select b.code as code,fhdate as fh_date,b.scode as scode,name,sbox,volume,amt from 
 (select a.code as code,concat(ifnull(in_wh_code,''),ifnull(cust_code,''))as 
 scode,bill_date, max(box)as sbox,round(sum(box_volume),4) as volume,
 sum(product_bill.qty)as sqty,ifnull(sum(net_amount),'') as amt,max(fh_date) as fhdate from
(select id,code,in_wh_code,cust_code,bill_date from bill_index
 where bill_date between '2019-11-16' and '2019-11-23' 
 and bill_type in ('MOVE_NOTE','SO2','ZENG_SONG'))a inner join
 product_bill on a.id=product_bill.bill_index_id inner join 
 product_bill_box on product_bill.id=product_bill_box.product_bill_id
 group by a.code having fhdate between '2019-11-21' and '2019-11-23' order by fhdate desc)b
 inner join (select warehouse_code,warehouse_name as name from stock group by warehouse_code)c on
 b.scode=c.warehouse_code where (select count(1) from fh_wait where b.code=fh_wait.code)=0 [ RunTime:0.974498s ]
---------------------------------------------------------------
[ 2019-11-22T11:45:54+08:00 ] 192.168.0.70 GET 192.168.0.70/think/public/index.php/oyh/stock/outgoods.html
[运行时间：0.061598s] [吞吐率：16.23req/s] [内存消耗：495.30kb] [文件加载：47]
[ info ] [ LANG ] D:\www\think\thinkphp\lang\zh-cn.php
[ info ] [ ROUTE ] array (
  'type' => 'module',
  'module' => 
  array (
    0 => 'oyh',
    1 => 'stock',
    2 => 'outgoods',
  ),
)
[ info ] [ HEADER ] array (
  'host' => '192.168.0.70',
  'user-agent' => 'Mozilla/5.0 (Windows NT 10.0; Win64; x64; rv:70.0) Gecko/20100101 Firefox/70.0',
  'accept' => 'text/html,application/xhtml+xml,application/xml;q=0.9,*/*;q=0.8',
  'accept-language' => 'zh-CN,zh;q=0.8,zh-TW;q=0.7,zh-HK;q=0.5,en-US;q=0.3,en;q=0.2',
  'accept-encoding' => 'gzip, deflate',
  'connection' => 'keep-alive',
  'referer' => 'http://192.168.0.70/think/public/index.php/oyh/stock/index.html',
  'upgrade-insecure-requests' => '1',
)
[ info ] [ PARAM ] array (
)
[ info ] [ RUN ] app\oyh\controller\Stock->outgoods[ D:\www\think\application\oyh\controller\Stock.php ]
[ info ] [ DB ] INIT mysql
[ info ] [ VIEW ] D:\www\think\public/../application/oyh\view\stock\outgoods.html [ array (
  0 => 'v',
  1 => 'data',
  2 => 'mydata',
) ]
[ info ] [ LOG ] INIT File
[ sql ] [ DB ] CONNECT:[ UseTime:0.028478s ] mysql:host=192.168.0.118;port=3306;dbname=erp_sync;charset=utf8
[ sql ] [ SQL ] select id,单号,仓库编码,仓库名称,收货人,电话,货运部名称,货运部编码,件数,体积,发货单价,
		round(体积*发货单价,2) as 运费 from (select id,stock_code,code as 单号,box as 件数,round(volume,4) as 体积
		from fh_wait where status=0) a inner join (select v_shop.code as 仓库编码,v_shop.name as 仓库名称,
		v_shop.contact_person as 收货人,v_shop.contact_mobile as 电话,wl_info.fh_price as 发货单价,
		v_wl_unit.name as 货运部名称,v_wl_unit.wl_code as 货运部编码 from v_shop inner join wl_info
		on v_shop.code=wl_info.code inner join v_wl_unit on wl_info.wl_code=v_wl_unit.wl_code)b 
		on a.stock_code=b.仓库编码 order by 货运部名称 desc [ RunTime:0.023011s ]
---------------------------------------------------------------
[ 2019-11-22T11:59:36+08:00 ] 192.168.0.70 GET 192.168.0.70/think/public/index.php/oyh/stock/outgoods.html
[运行时间：0.093349s] [吞吐率：10.71req/s] [内存消耗：521.84kb] [文件加载：49]
[ info ] [ LANG ] D:\www\think\thinkphp\lang\zh-cn.php
[ info ] [ ROUTE ] array (
  'type' => 'module',
  'module' => 
  array (
    0 => 'oyh',
    1 => 'stock',
    2 => 'outgoods',
  ),
)
[ info ] [ HEADER ] array (
  'host' => '192.168.0.70',
  'user-agent' => 'Mozilla/5.0 (Windows NT 10.0; Win64; x64; rv:70.0) Gecko/20100101 Firefox/70.0',
  'accept' => 'text/html,application/xhtml+xml,application/xml;q=0.9,*/*;q=0.8',
  'accept-language' => 'zh-CN,zh;q=0.8,zh-TW;q=0.7,zh-HK;q=0.5,en-US;q=0.3,en;q=0.2',
  'accept-encoding' => 'gzip, deflate',
  'connection' => 'keep-alive',
  'upgrade-insecure-requests' => '1',
)
[ info ] [ PARAM ] array (
)
[ info ] [ RUN ] app\oyh\controller\Stock->outgoods[ D:\www\think\application\oyh\controller\Stock.php ]
[ info ] [ DB ] INIT mysql
[ info ] [ VIEW ] D:\www\think\public/../application/oyh\view\stock\outgoods.html [ array (
  0 => 'v',
  1 => 'data',
  2 => 'mydata',
) ]
[ info ] [ LOG ] INIT File
[ sql ] [ DB ] CONNECT:[ UseTime:0.033856s ] mysql:host=192.168.0.118;port=3306;dbname=erp_sync;charset=utf8
[ sql ] [ SQL ] select id,单号,仓库编码,仓库名称,收货人,电话,货运部名称,货运部编码,件数,体积,发货单价,
		round(体积*发货单价,2) as 运费 from (select id,stock_code,code as 单号,box as 件数,round(volume,4) as 体积
		from fh_wait where status=0) a inner join (select v_shop.code as 仓库编码,v_shop.name as 仓库名称,
		v_shop.contact_person as 收货人,v_shop.contact_mobile as 电话,wl_info.fh_price as 发货单价,
		v_wl_unit.name as 货运部名称,v_wl_unit.wl_code as 货运部编码 from v_shop inner join wl_info
		on v_shop.code=wl_info.code inner join v_wl_unit on wl_info.wl_code=v_wl_unit.wl_code)b 
		on a.stock_code=b.仓库编码 order by 货运部名称 desc [ RunTime:0.030698s ]
---------------------------------------------------------------
[ 2019-11-22T12:00:23+08:00 ] 192.168.0.70 GET 192.168.0.70/think/public/index.php/oyh/stock/outgoods.html
[运行时间：0.045880s] [吞吐率：21.80req/s] [内存消耗：521.66kb] [文件加载：49]
[ info ] [ LANG ] D:\www\think\thinkphp\lang\zh-cn.php
[ info ] [ ROUTE ] array (
  'type' => 'module',
  'module' => 
  array (
    0 => 'oyh',
    1 => 'stock',
    2 => 'outgoods',
  ),
)
[ info ] [ HEADER ] array (
  'host' => '192.168.0.70',
  'user-agent' => 'Mozilla/5.0 (Windows NT 10.0; Win64; x64; rv:70.0) Gecko/20100101 Firefox/70.0',
  'accept' => 'text/html,application/xhtml+xml,application/xml;q=0.9,*/*;q=0.8',
  'accept-language' => 'zh-CN,zh;q=0.8,zh-TW;q=0.7,zh-HK;q=0.5,en-US;q=0.3,en;q=0.2',
  'accept-encoding' => 'gzip, deflate',
  'connection' => 'keep-alive',
  'upgrade-insecure-requests' => '1',
)
[ info ] [ PARAM ] array (
)
[ info ] [ RUN ] app\oyh\controller\Stock->outgoods[ D:\www\think\application\oyh\controller\Stock.php ]
[ info ] [ DB ] INIT mysql
[ info ] [ VIEW ] D:\www\think\public/../application/oyh\view\stock\outgoods.html [ array (
  0 => 'v',
  1 => 'data',
  2 => 'mydata',
) ]
[ info ] [ LOG ] INIT File
[ sql ] [ DB ] CONNECT:[ UseTime:0.010810s ] mysql:host=192.168.0.118;port=3306;dbname=erp_sync;charset=utf8
[ sql ] [ SQL ] select id,单号,仓库编码,仓库名称,收货人,电话,货运部名称,货运部编码,件数,体积,发货单价,
		round(体积*发货单价,2) as 运费 from (select id,stock_code,code as 单号,box as 件数,round(volume,4) as 体积
		from fh_wait where status=0) a inner join (select v_shop.code as 仓库编码,v_shop.name as 仓库名称,
		v_shop.contact_person as 收货人,v_shop.contact_mobile as 电话,wl_info.fh_price as 发货单价,
		v_wl_unit.name as 货运部名称,v_wl_unit.wl_code as 货运部编码 from v_shop inner join wl_info
		on v_shop.code=wl_info.code inner join v_wl_unit on wl_info.wl_code=v_wl_unit.wl_code)b 
		on a.stock_code=b.仓库编码 order by 货运部名称 desc [ RunTime:0.022895s ]
---------------------------------------------------------------
[ 2019-11-22T12:01:57+08:00 ] 192.168.0.70 GET 192.168.0.70/think/public/index.php/oyh/stock/outgoods.html
[运行时间：0.064239s] [吞吐率：15.57req/s] [内存消耗：521.91kb] [文件加载：49]
[ info ] [ LANG ] D:\www\think\thinkphp\lang\zh-cn.php
[ info ] [ ROUTE ] array (
  'type' => 'module',
  'module' => 
  array (
    0 => 'oyh',
    1 => 'stock',
    2 => 'outgoods',
  ),
)
[ info ] [ HEADER ] array (
  'host' => '192.168.0.70',
  'user-agent' => 'Mozilla/5.0 (Windows NT 10.0; Win64; x64; rv:70.0) Gecko/20100101 Firefox/70.0',
  'accept' => 'text/html,application/xhtml+xml,application/xml;q=0.9,*/*;q=0.8',
  'accept-language' => 'zh-CN,zh;q=0.8,zh-TW;q=0.7,zh-HK;q=0.5,en-US;q=0.3,en;q=0.2',
  'accept-encoding' => 'gzip, deflate',
  'connection' => 'keep-alive',
  'upgrade-insecure-requests' => '1',
)
[ info ] [ PARAM ] array (
)
[ info ] [ RUN ] app\oyh\controller\Stock->outgoods[ D:\www\think\application\oyh\controller\Stock.php ]
[ info ] [ DB ] INIT mysql
[ info ] [ VIEW ] D:\www\think\public/../application/oyh\view\stock\outgoods.html [ array (
  0 => 'v',
  1 => 'data',
  2 => 'mydata',
) ]
[ info ] [ LOG ] INIT File
[ sql ] [ DB ] CONNECT:[ UseTime:0.030017s ] mysql:host=192.168.0.118;port=3306;dbname=erp_sync;charset=utf8
[ sql ] [ SQL ] select id,单号,仓库编码,仓库名称,收货人,电话,货运部名称,货运部编码,件数,体积,发货单价,
		round(体积*发货单价,2) as 运费 from (select id,stock_code,code as 单号,box as 件数,round(volume,4) as 体积
		from fh_wait where status=0) a inner join (select v_shop.code as 仓库编码,v_shop.name as 仓库名称,
		v_shop.contact_person as 收货人,v_shop.contact_mobile as 电话,wl_info.fh_price as 发货单价,
		v_wl_unit.name as 货运部名称,v_wl_unit.wl_code as 货运部编码 from v_shop inner join wl_info
		on v_shop.code=wl_info.code inner join v_wl_unit on wl_info.wl_code=v_wl_unit.wl_code)b 
		on a.stock_code=b.仓库编码 order by 货运部名称 desc [ RunTime:0.018941s ]
---------------------------------------------------------------
[ 2019-11-22T12:03:45+08:00 ] 192.168.0.70 GET 192.168.0.70/think/public/index.php/oyh/stock/outgoods.html
[运行时间：0.042913s] [吞吐率：23.30req/s] [内存消耗：521.91kb] [文件加载：49]
[ info ] [ LANG ] D:\www\think\thinkphp\lang\zh-cn.php
[ info ] [ ROUTE ] array (
  'type' => 'module',
  'module' => 
  array (
    0 => 'oyh',
    1 => 'stock',
    2 => 'outgoods',
  ),
)
[ info ] [ HEADER ] array (
  'host' => '192.168.0.70',
  'user-agent' => 'Mozilla/5.0 (Windows NT 10.0; Win64; x64; rv:70.0) Gecko/20100101 Firefox/70.0',
  'accept' => 'text/html,application/xhtml+xml,application/xml;q=0.9,*/*;q=0.8',
  'accept-language' => 'zh-CN,zh;q=0.8,zh-TW;q=0.7,zh-HK;q=0.5,en-US;q=0.3,en;q=0.2',
  'accept-encoding' => 'gzip, deflate',
  'connection' => 'keep-alive',
  'upgrade-insecure-requests' => '1',
)
[ info ] [ PARAM ] array (
)
[ info ] [ RUN ] app\oyh\controller\Stock->outgoods[ D:\www\think\application\oyh\controller\Stock.php ]
[ info ] [ DB ] INIT mysql
[ info ] [ VIEW ] D:\www\think\public/../application/oyh\view\stock\outgoods.html [ array (
  0 => 'v',
  1 => 'data',
  2 => 'mydata',
) ]
[ info ] [ LOG ] INIT File
[ sql ] [ DB ] CONNECT:[ UseTime:0.019630s ] mysql:host=192.168.0.118;port=3306;dbname=erp_sync;charset=utf8
[ sql ] [ SQL ] select id,单号,仓库编码,仓库名称,收货人,电话,货运部名称,货运部编码,件数,体积,发货单价,
		round(体积*发货单价,2) as 运费 from (select id,stock_code,code as 单号,box as 件数,round(volume,4) as 体积
		from fh_wait where status=0) a inner join (select v_shop.code as 仓库编码,v_shop.name as 仓库名称,
		v_shop.contact_person as 收货人,v_shop.contact_mobile as 电话,wl_info.fh_price as 发货单价,
		v_wl_unit.name as 货运部名称,v_wl_unit.wl_code as 货运部编码 from v_shop inner join wl_info
		on v_shop.code=wl_info.code inner join v_wl_unit on wl_info.wl_code=v_wl_unit.wl_code)b 
		on a.stock_code=b.仓库编码 order by 货运部名称 desc [ RunTime:0.012421s ]
---------------------------------------------------------------
[ 2019-11-22T12:05:30+08:00 ] 192.168.0.70 GET 192.168.0.70/think/public/index.php/oyh/stock/outgoods.html
[运行时间：0.035043s] [吞吐率：28.54req/s] [内存消耗：521.91kb] [文件加载：49]
[ info ] [ LANG ] D:\www\think\thinkphp\lang\zh-cn.php
[ info ] [ ROUTE ] array (
  'type' => 'module',
  'module' => 
  array (
    0 => 'oyh',
    1 => 'stock',
    2 => 'outgoods',
  ),
)
[ info ] [ HEADER ] array (
  'host' => '192.168.0.70',
  'user-agent' => 'Mozilla/5.0 (Windows NT 10.0; Win64; x64; rv:70.0) Gecko/20100101 Firefox/70.0',
  'accept' => 'text/html,application/xhtml+xml,application/xml;q=0.9,*/*;q=0.8',
  'accept-language' => 'zh-CN,zh;q=0.8,zh-TW;q=0.7,zh-HK;q=0.5,en-US;q=0.3,en;q=0.2',
  'accept-encoding' => 'gzip, deflate',
  'connection' => 'keep-alive',
  'upgrade-insecure-requests' => '1',
)
[ info ] [ PARAM ] array (
)
[ info ] [ RUN ] app\oyh\controller\Stock->outgoods[ D:\www\think\application\oyh\controller\Stock.php ]
[ info ] [ DB ] INIT mysql
[ info ] [ VIEW ] D:\www\think\public/../application/oyh\view\stock\outgoods.html [ array (
  0 => 'v',
  1 => 'data',
  2 => 'mydata',
) ]
[ info ] [ LOG ] INIT File
[ sql ] [ DB ] CONNECT:[ UseTime:0.012508s ] mysql:host=192.168.0.118;port=3306;dbname=erp_sync;charset=utf8
[ sql ] [ SQL ] select id,单号,仓库编码,仓库名称,收货人,电话,货运部名称,货运部编码,件数,体积,发货单价,
		round(体积*发货单价,2) as 运费 from (select id,stock_code,code as 单号,box as 件数,round(volume,4) as 体积
		from fh_wait where status=0) a inner join (select v_shop.code as 仓库编码,v_shop.name as 仓库名称,
		v_shop.contact_person as 收货人,v_shop.contact_mobile as 电话,wl_info.fh_price as 发货单价,
		v_wl_unit.name as 货运部名称,v_wl_unit.wl_code as 货运部编码 from v_shop inner join wl_info
		on v_shop.code=wl_info.code inner join v_wl_unit on wl_info.wl_code=v_wl_unit.wl_code)b 
		on a.stock_code=b.仓库编码 order by 货运部名称 desc [ RunTime:0.008992s ]
---------------------------------------------------------------
[ 2019-11-22T12:06:19+08:00 ] 192.168.0.70 GET 192.168.0.70/think/public/index.php/oyh/stock/outgoods.html
[运行时间：0.049931s] [吞吐率：20.03req/s] [内存消耗：521.91kb] [文件加载：49]
[ info ] [ LANG ] D:\www\think\thinkphp\lang\zh-cn.php
[ info ] [ ROUTE ] array (
  'type' => 'module',
  'module' => 
  array (
    0 => 'oyh',
    1 => 'stock',
    2 => 'outgoods',
  ),
)
[ info ] [ HEADER ] array (
  'host' => '192.168.0.70',
  'user-agent' => 'Mozilla/5.0 (Windows NT 10.0; Win64; x64; rv:70.0) Gecko/20100101 Firefox/70.0',
  'accept' => 'text/html,application/xhtml+xml,application/xml;q=0.9,*/*;q=0.8',
  'accept-language' => 'zh-CN,zh;q=0.8,zh-TW;q=0.7,zh-HK;q=0.5,en-US;q=0.3,en;q=0.2',
  'accept-encoding' => 'gzip, deflate',
  'connection' => 'keep-alive',
  'upgrade-insecure-requests' => '1',
)
[ info ] [ PARAM ] array (
)
[ info ] [ RUN ] app\oyh\controller\Stock->outgoods[ D:\www\think\application\oyh\controller\Stock.php ]
[ info ] [ DB ] INIT mysql
[ info ] [ VIEW ] D:\www\think\public/../application/oyh\view\stock\outgoods.html [ array (
  0 => 'v',
  1 => 'data',
  2 => 'mydata',
) ]
[ info ] [ LOG ] INIT File
[ sql ] [ DB ] CONNECT:[ UseTime:0.027421s ] mysql:host=192.168.0.118;port=3306;dbname=erp_sync;charset=utf8
[ sql ] [ SQL ] select id,单号,仓库编码,仓库名称,收货人,电话,货运部名称,货运部编码,件数,体积,发货单价,
		round(体积*发货单价,2) as 运费 from (select id,stock_code,code as 单号,box as 件数,round(volume,4) as 体积
		from fh_wait where status=0) a inner join (select v_shop.code as 仓库编码,v_shop.name as 仓库名称,
		v_shop.contact_person as 收货人,v_shop.contact_mobile as 电话,wl_info.fh_price as 发货单价,
		v_wl_unit.name as 货运部名称,v_wl_unit.wl_code as 货运部编码 from v_shop inner join wl_info
		on v_shop.code=wl_info.code inner join v_wl_unit on wl_info.wl_code=v_wl_unit.wl_code)b 
		on a.stock_code=b.仓库编码 order by 货运部名称 desc [ RunTime:0.012389s ]
---------------------------------------------------------------
[ 2019-11-22T12:13:24+08:00 ] 192.168.0.70 GET 192.168.0.70/think/public/index.php/oyh/stock/outgoods.html
[运行时间：0.030871s] [吞吐率：32.39req/s] [内存消耗：521.91kb] [文件加载：49]
[ info ] [ LANG ] D:\www\think\thinkphp\lang\zh-cn.php
[ info ] [ ROUTE ] array (
  'type' => 'module',
  'module' => 
  array (
    0 => 'oyh',
    1 => 'stock',
    2 => 'outgoods',
  ),
)
[ info ] [ HEADER ] array (
  'host' => '192.168.0.70',
  'user-agent' => 'Mozilla/5.0 (Windows NT 10.0; Win64; x64; rv:70.0) Gecko/20100101 Firefox/70.0',
  'accept' => 'text/html,application/xhtml+xml,application/xml;q=0.9,*/*;q=0.8',
  'accept-language' => 'zh-CN,zh;q=0.8,zh-TW;q=0.7,zh-HK;q=0.5,en-US;q=0.3,en;q=0.2',
  'accept-encoding' => 'gzip, deflate',
  'connection' => 'keep-alive',
  'upgrade-insecure-requests' => '1',
)
[ info ] [ PARAM ] array (
)
[ info ] [ RUN ] app\oyh\controller\Stock->outgoods[ D:\www\think\application\oyh\controller\Stock.php ]
[ info ] [ DB ] INIT mysql
[ info ] [ VIEW ] D:\www\think\public/../application/oyh\view\stock\outgoods.html [ array (
  0 => 'v',
  1 => 'data',
  2 => 'mydata',
) ]
[ info ] [ LOG ] INIT File
[ sql ] [ DB ] CONNECT:[ UseTime:0.005375s ] mysql:host=192.168.0.118;port=3306;dbname=erp_sync;charset=utf8
[ sql ] [ SQL ] select id,单号,仓库编码,仓库名称,收货人,电话,货运部名称,货运部编码,件数,体积,发货单价,
		round(体积*发货单价,2) as 运费 from (select id,stock_code,code as 单号,box as 件数,round(volume,4) as 体积
		from fh_wait where status=0) a inner join (select v_shop.code as 仓库编码,v_shop.name as 仓库名称,
		v_shop.contact_person as 收货人,v_shop.contact_mobile as 电话,wl_info.fh_price as 发货单价,
		v_wl_unit.name as 货运部名称,v_wl_unit.wl_code as 货运部编码 from v_shop inner join wl_info
		on v_shop.code=wl_info.code inner join v_wl_unit on wl_info.wl_code=v_wl_unit.wl_code)b 
		on a.stock_code=b.仓库编码 order by 货运部名称 desc [ RunTime:0.006973s ]
